[ 2011-07-05T22:01:40+08:00 ] ERR: (ThinkException) 非法操作menu
[ 2011-07-05T22:01:41+08:00 ] ERR: (ThinkException) 非法操作css
[ 2011-07-05T22:01:41+08:00 ] ERR: (ThinkException) 非法操作js
[ 2011-07-05T22:01:41+08:00 ] ERR: (ThinkException) 非法操作js
[ 2011-07-05T22:01:41+08:00 ] ERR: (ThinkException) 非法操作js
[ 2011-07-05T22:01:41+08:00 ] ERR: (ThinkException) 非法操作js
[ 2011-07-05T22:01:41+08:00 ] ERR: (ThinkException) 非法操作css
[ 2011-07-05T22:01:42+08:00 ] ERR: (ThinkException) 非法操作menu
[ 2011-07-05T22:01:43+08:00 ] ERR: (ThinkException) 非法操作menu
[ 2011-07-05T22:01:43+08:00 ] ERR: (ThinkException) 非法操作menu
[ 2011-07-05T22:01:46+08:00 ] ERR: (ThinkException) 非法操作menu
[ 2011-07-05T22:01:47+08:00 ] ERR: (ThinkException) 非法操作css
[ 2011-07-05T22:01:47+08:00 ] ERR: (ThinkException) 非法操作js
[ 2011-07-05T22:01:47+08:00 ] ERR: (ThinkException) 非法操作js
[ 2011-07-05T22:01:49+08:00 ] ERR: (ThinkException) 非法操作item_add.html
[ 2011-07-05T22:01:49+08:00 ] ERR: (ThinkException) 非法操作item_edit.html
[ 2011-07-05T22:01:50+08:00 ] ERR: (ThinkException) 非法操作category_add.html
[ 2011-07-05T22:01:51+08:00 ] ERR: (ThinkException) 非法操作category_edit.html
[ 2011-07-05T22:01:55+08:00 ] ERR: (ThinkException) 非法操作js
[ 2011-07-05T22:01:55+08:00 ] ERR: (ThinkException) 非法操作css
[ 2011-07-05T22:01:55+08:00 ] ERR: (ThinkException) 非法操作js
[ 2011-07-05T22:01:56+08:00 ] ERR: (ThinkException) 非法操作item_edit.html
