[ 2011-09-15T14:08:46+08:00 ] SQL: SHOW COLUMNS FROM `leaf_item` [ RunTime:0.017863s ]
[ 2011-09-15T14:08:46+08:00 ] SQL: SELECT COUNT(*) AS tp_count FROM `leaf_item` LIMIT 1  [ RunTime:0.012217s ]
[ 2011-09-15T14:08:46+08:00 ] SQL: SELECT * FROM `leaf_item` ORDER BY item_id DESC LIMIT 0,10  [ RunTime:0.068823s ]
[ 2011-09-15T14:08:46+08:00 ] SQL: SHOW COLUMNS FROM `leaf_category` [ RunTime:0.017510s ]
[ 2011-09-15T14:08:46+08:00 ] SQL: SELECT * FROM `leaf_category` WHERE category_id=7 LIMIT 1  [ RunTime:0.071380s ]
[ 2011-09-15T14:08:46+08:00 ] SQL: SHOW COLUMNS FROM `leaf_category` [ RunTime:0.000600s ]
[ 2011-09-15T14:08:46+08:00 ] SQL: SELECT * FROM `leaf_category` WHERE category_id=5 LIMIT 1  [ RunTime:0.000210s ]
[ 2011-09-15T14:08:50+08:00 ] SQL: SHOW COLUMNS FROM `leaf_category` [ RunTime:0.000585s ]
[ 2011-09-15T14:08:50+08:00 ] SQL: SELECT *,concat(level,'-',category_id) as tree FROM `leaf_category` ORDER BY tree [ RunTime:0.000225s ]
[ 2011-09-15T14:08:52+08:00 ] SQL: SHOW COLUMNS FROM `leaf_category` [ RunTime:0.000612s ]
[ 2011-09-15T14:08:52+08:00 ] SQL: SELECT *,concat(level,'-',category_id) as tree FROM `leaf_category` ORDER BY tree [ RunTime:0.000108s ]
[ 2011-09-15T14:08:52+08:00 ] SQL: SHOW COLUMNS FROM `leaf_item` [ RunTime:0.000427s ]
[ 2011-09-15T14:08:52+08:00 ] SQL: SELECT COUNT(*) AS tp_count FROM `leaf_item` WHERE category_id=1 LIMIT 1  [ RunTime:0.000165s ]
[ 2011-09-15T14:08:52+08:00 ] SQL: SHOW COLUMNS FROM `leaf_item` [ RunTime:0.000421s ]
[ 2011-09-15T14:08:52+08:00 ] SQL: SELECT COUNT(*) AS tp_count FROM `leaf_item` WHERE category_id=4 LIMIT 1  [ RunTime:0.000126s ]
[ 2011-09-15T14:08:52+08:00 ] SQL: SHOW COLUMNS FROM `leaf_item` [ RunTime:0.000419s ]
[ 2011-09-15T14:08:52+08:00 ] SQL: SELECT COUNT(*) AS tp_count FROM `leaf_item` WHERE category_id=5 LIMIT 1  [ RunTime:0.000196s ]
[ 2011-09-15T14:08:52+08:00 ] SQL: SHOW COLUMNS FROM `leaf_item` [ RunTime:0.000421s ]
[ 2011-09-15T14:08:52+08:00 ] SQL: SELECT COUNT(*) AS tp_count FROM `leaf_item` WHERE category_id=6 LIMIT 1  [ RunTime:0.000124s ]
[ 2011-09-15T14:08:52+08:00 ] SQL: SHOW COLUMNS FROM `leaf_item` [ RunTime:0.000421s ]
[ 2011-09-15T14:08:52+08:00 ] SQL: SELECT COUNT(*) AS tp_count FROM `leaf_item` WHERE category_id=7 LIMIT 1  [ RunTime:0.000122s ]
[ 2011-09-15T14:08:53+08:00 ] SQL: SHOW COLUMNS FROM `leaf_category` [ RunTime:0.000604s ]
[ 2011-09-15T14:08:53+08:00 ] SQL: SELECT *,concat(level,'-',category_id) as tree FROM `leaf_category` ORDER BY tree [ RunTime:0.000137s ]
[ 2011-09-15T14:08:55+08:00 ] SQL: SHOW COLUMNS FROM `leaf_item` [ RunTime:0.000606s ]
[ 2011-09-15T14:08:55+08:00 ] SQL: SELECT COUNT(*) AS tp_count FROM `leaf_item` LIMIT 1  [ RunTime:0.000056s ]
[ 2011-09-15T14:08:55+08:00 ] SQL: SELECT * FROM `leaf_item` ORDER BY item_id DESC LIMIT 0,10  [ RunTime:0.000155s ]
[ 2011-09-15T14:08:55+08:00 ] SQL: SHOW COLUMNS FROM `leaf_category` [ RunTime:0.000510s ]
[ 2011-09-15T14:08:55+08:00 ] SQL: SELECT * FROM `leaf_category` WHERE category_id=7 LIMIT 1  [ RunTime:0.000131s ]
[ 2011-09-15T14:08:55+08:00 ] SQL: SHOW COLUMNS FROM `leaf_category` [ RunTime:0.000392s ]
[ 2011-09-15T14:08:55+08:00 ] SQL: SELECT * FROM `leaf_category` WHERE category_id=5 LIMIT 1  [ RunTime:0.000129s ]
[ 2011-09-15T14:17:47+08:00 ] SQL: SHOW COLUMNS FROM `leaf_item` [ RunTime:0.000599s ]
[ 2011-09-15T14:17:47+08:00 ] SQL: SELECT COUNT(*) AS tp_count FROM `leaf_item` LIMIT 1  [ RunTime:0.000058s ]
[ 2011-09-15T14:17:47+08:00 ] SQL: SELECT * FROM `leaf_item` ORDER BY item_id DESC LIMIT 0,10  [ RunTime:0.000076s ]
[ 2011-09-15T14:17:47+08:00 ] SQL: SHOW COLUMNS FROM `leaf_category` [ RunTime:0.000401s ]
[ 2011-09-15T14:17:47+08:00 ] SQL: SELECT * FROM `leaf_category` WHERE category_id=7 LIMIT 1  [ RunTime:0.000058s ]
[ 2011-09-15T14:17:47+08:00 ] SQL: SHOW COLUMNS FROM `leaf_category` [ RunTime:0.000373s ]
[ 2011-09-15T14:17:47+08:00 ] SQL: SELECT * FROM `leaf_category` WHERE category_id=5 LIMIT 1  [ RunTime:0.000064s ]
[ 2011-09-15T14:17:47+08:00 ] SQL: SHOW COLUMNS FROM `leaf_category` [ RunTime:0.000556s ]
[ 2011-09-15T14:17:47+08:00 ] SQL: SELECT *,concat(level,'-',category_id) as tree FROM `leaf_category` ORDER BY tree [ RunTime:0.000064s ]
[ 2011-09-15T14:17:58+08:00 ] SQL: SHOW COLUMNS FROM `leaf_category` [ RunTime:0.000827s ]
[ 2011-09-15T14:17:58+08:00 ] SQL: SELECT *,concat(level,'-',category_id) as tree FROM `leaf_category` ORDER BY tree [ RunTime:0.000081s ]
[ 2011-09-15T14:17:58+08:00 ] SQL: SHOW COLUMNS FROM `leaf_item` [ RunTime:0.000773s ]
[ 2011-09-15T14:17:58+08:00 ] SQL: SELECT COUNT(*) AS tp_count FROM `leaf_item` WHERE category_id=1 LIMIT 1  [ RunTime:0.000104s ]
[ 2011-09-15T14:17:58+08:00 ] SQL: SHOW COLUMNS FROM `leaf_item` [ RunTime:0.000491s ]
[ 2011-09-15T14:17:58+08:00 ] SQL: SELECT COUNT(*) AS tp_count FROM `leaf_item` WHERE category_id=4 LIMIT 1  [ RunTime:0.000053s ]
[ 2011-09-15T14:17:58+08:00 ] SQL: SHOW COLUMNS FROM `leaf_item` [ RunTime:0.000431s ]
[ 2011-09-15T14:17:58+08:00 ] SQL: SELECT COUNT(*) AS tp_count FROM `leaf_item` WHERE category_id=5 LIMIT 1  [ RunTime:0.000096s ]
[ 2011-09-15T14:17:58+08:00 ] SQL: SHOW COLUMNS FROM `leaf_item` [ RunTime:0.000492s ]
[ 2011-09-15T14:17:58+08:00 ] SQL: SELECT COUNT(*) AS tp_count FROM `leaf_item` WHERE category_id=6 LIMIT 1  [ RunTime:0.000090s ]
[ 2011-09-15T14:17:58+08:00 ] SQL: SHOW COLUMNS FROM `leaf_item` [ RunTime:0.000489s ]
[ 2011-09-15T14:17:58+08:00 ] SQL: SELECT COUNT(*) AS tp_count FROM `leaf_item` WHERE category_id=7 LIMIT 1  [ RunTime:0.000052s ]
[ 2011-09-15T14:18:16+08:00 ] SQL: SHOW COLUMNS FROM `leaf_item` [ RunTime:0.000601s ]
[ 2011-09-15T14:18:16+08:00 ] SQL: SELECT COUNT(*) AS tp_count FROM `leaf_item` LIMIT 1  [ RunTime:0.000058s ]
[ 2011-09-15T14:18:16+08:00 ] SQL: SELECT * FROM `leaf_item` ORDER BY item_id DESC LIMIT 0,10  [ RunTime:0.000069s ]
[ 2011-09-15T14:18:16+08:00 ] SQL: SHOW COLUMNS FROM `leaf_category` [ RunTime:0.000472s ]
[ 2011-09-15T14:18:16+08:00 ] SQL: SELECT * FROM `leaf_category` WHERE category_id=7 LIMIT 1  [ RunTime:0.000057s ]
[ 2011-09-15T14:18:16+08:00 ] SQL: SHOW COLUMNS FROM `leaf_category` [ RunTime:0.000374s ]
[ 2011-09-15T14:18:16+08:00 ] SQL: SELECT * FROM `leaf_category` WHERE category_id=5 LIMIT 1  [ RunTime:0.000054s ]
[ 2011-09-15T14:18:23+08:00 ] SQL: SHOW COLUMNS FROM `leaf_item` [ RunTime:0.000589s ]
[ 2011-09-15T14:18:23+08:00 ] SQL: SELECT * FROM `leaf_item` WHERE item_id=2 LIMIT 1  [ RunTime:0.000346s ]
[ 2011-09-15T14:18:23+08:00 ] SQL: SHOW COLUMNS FROM `leaf_category` [ RunTime:0.000869s ]
[ 2011-09-15T14:18:23+08:00 ] SQL: SELECT *,concat(level,'-',category_id) as tree FROM `leaf_category` ORDER BY tree [ RunTime:0.000107s ]
[ 2011-09-15T14:18:23+08:00 ] SQL: SHOW COLUMNS FROM `leaf_category` [ RunTime:0.001046s ]
[ 2011-09-15T14:18:23+08:00 ] SQL: SELECT * FROM `leaf_category` WHERE category_id=7 LIMIT 1  [ RunTime:0.000130s ]
[ 2011-09-15T14:18:26+08:00 ] SQL: SHOW COLUMNS FROM `leaf_category` [ RunTime:0.000600s ]
[ 2011-09-15T14:18:26+08:00 ] SQL: SELECT *,concat(level,'-',category_id) as tree FROM `leaf_category` ORDER BY tree [ RunTime:0.000107s ]
[ 2011-09-15T14:18:26+08:00 ] SQL: SHOW COLUMNS FROM `leaf_item` [ RunTime:0.000454s ]
[ 2011-09-15T14:18:26+08:00 ] SQL: SELECT COUNT(*) AS tp_count FROM `leaf_item` WHERE category_id=1 LIMIT 1  [ RunTime:0.000054s ]
[ 2011-09-15T14:18:26+08:00 ] SQL: SHOW COLUMNS FROM `leaf_item` [ RunTime:0.000436s ]
[ 2011-09-15T14:18:26+08:00 ] SQL: SELECT COUNT(*) AS tp_count FROM `leaf_item` WHERE category_id=4 LIMIT 1  [ RunTime:0.000055s ]
[ 2011-09-15T14:18:26+08:00 ] SQL: SHOW COLUMNS FROM `leaf_item` [ RunTime:0.000452s ]
[ 2011-09-15T14:18:26+08:00 ] SQL: SELECT COUNT(*) AS tp_count FROM `leaf_item` WHERE category_id=5 LIMIT 1  [ RunTime:0.000052s ]
[ 2011-09-15T14:18:26+08:00 ] SQL: SHOW COLUMNS FROM `leaf_item` [ RunTime:0.000420s ]
[ 2011-09-15T14:18:26+08:00 ] SQL: SELECT COUNT(*) AS tp_count FROM `leaf_item` WHERE category_id=6 LIMIT 1  [ RunTime:0.000053s ]
[ 2011-09-15T14:18:26+08:00 ] SQL: SHOW COLUMNS FROM `leaf_item` [ RunTime:0.000431s ]
[ 2011-09-15T14:18:26+08:00 ] SQL: SELECT COUNT(*) AS tp_count FROM `leaf_item` WHERE category_id=7 LIMIT 1  [ RunTime:0.000049s ]
[ 2011-09-15T14:18:27+08:00 ] SQL: SHOW COLUMNS FROM `leaf_category` [ RunTime:0.000627s ]
[ 2011-09-15T14:18:27+08:00 ] SQL: SELECT *,concat(level,'-',category_id) as tree FROM `leaf_category` ORDER BY tree [ RunTime:0.000105s ]
[ 2011-09-15T14:18:42+08:00 ] SQL: SHOW COLUMNS FROM `leaf_category` [ RunTime:0.000816s ]
[ 2011-09-15T14:18:42+08:00 ] SQL: SELECT *,concat(level,'-',category_id) as tree FROM `leaf_category` ORDER BY tree [ RunTime:0.000120s ]
[ 2011-09-15T14:18:42+08:00 ] SQL: SHOW COLUMNS FROM `leaf_item` [ RunTime:0.001001s ]
[ 2011-09-15T14:18:42+08:00 ] SQL: SELECT COUNT(*) AS tp_count FROM `leaf_item` WHERE category_id=1 LIMIT 1  [ RunTime:0.000079s ]
[ 2011-09-15T14:18:42+08:00 ] SQL: SHOW COLUMNS FROM `leaf_item` [ RunTime:0.000994s ]
[ 2011-09-15T14:18:42+08:00 ] SQL: SELECT COUNT(*) AS tp_count FROM `leaf_item` WHERE category_id=4 LIMIT 1  [ RunTime:0.000091s ]
[ 2011-09-15T14:18:42+08:00 ] SQL: SHOW COLUMNS FROM `leaf_item` [ RunTime:0.000579s ]
[ 2011-09-15T14:18:42+08:00 ] SQL: SELECT COUNT(*) AS tp_count FROM `leaf_item` WHERE category_id=5 LIMIT 1  [ RunTime:0.000094s ]
[ 2011-09-15T14:18:42+08:00 ] SQL: SHOW COLUMNS FROM `leaf_item` [ RunTime:0.000984s ]
[ 2011-09-15T14:18:42+08:00 ] SQL: SELECT COUNT(*) AS tp_count FROM `leaf_item` WHERE category_id=6 LIMIT 1  [ RunTime:0.000095s ]
[ 2011-09-15T14:18:42+08:00 ] SQL: SHOW COLUMNS FROM `leaf_item` [ RunTime:0.000993s ]
[ 2011-09-15T14:18:42+08:00 ] SQL: SELECT COUNT(*) AS tp_count FROM `leaf_item` WHERE category_id=7 LIMIT 1  [ RunTime:0.000050s ]
[ 2011-09-15T14:18:43+08:00 ] SQL: SHOW COLUMNS FROM `leaf_category` [ RunTime:0.000609s ]
[ 2011-09-15T14:18:43+08:00 ] SQL: SELECT *,concat(level,'-',category_id) as tree FROM `leaf_category` ORDER BY tree [ RunTime:0.000146s ]
