[ 2011-09-16T10:51:24+08:00 ] SQL: SHOW COLUMNS FROM `leaf_item` [ RunTime:0.001371s ]
[ 2011-09-16T10:51:24+08:00 ] SQL: SELECT COUNT(*) AS tp_count FROM `leaf_item` LIMIT 1  [ RunTime:0.000244s ]
[ 2011-09-16T10:51:24+08:00 ] SQL: SELECT * FROM `leaf_item` ORDER BY item_id DESC LIMIT 0,10  [ RunTime:0.006009s ]
[ 2011-09-16T10:51:24+08:00 ] SQL: SHOW COLUMNS FROM `leaf_category` [ RunTime:0.001075s ]
[ 2011-09-16T10:51:24+08:00 ] SQL: SELECT * FROM `leaf_category` WHERE category_id=7 LIMIT 1  [ RunTime:0.003939s ]
[ 2011-09-16T10:51:24+08:00 ] SQL: SHOW COLUMNS FROM `leaf_category` [ RunTime:0.000939s ]
[ 2011-09-16T10:51:24+08:00 ] SQL: SELECT * FROM `leaf_category` WHERE category_id=5 LIMIT 1  [ RunTime:0.000313s ]
[ 2011-09-16T10:51:25+08:00 ] SQL: SHOW COLUMNS FROM `leaf_category` [ RunTime:0.000599s ]
[ 2011-09-16T10:51:25+08:00 ] SQL: SELECT *,concat(level,'-',category_id) as tree FROM `leaf_category` ORDER BY tree [ RunTime:0.000309s ]
[ 2011-09-16T10:51:32+08:00 ] SQL: SHOW COLUMNS FROM `leaf_category` [ RunTime:0.000550s ]
[ 2011-09-16T10:51:32+08:00 ] SQL: SELECT *,concat(level,'-',category_id) as tree FROM `leaf_category` ORDER BY tree [ RunTime:0.000060s ]
[ 2011-09-16T10:51:32+08:00 ] SQL: SHOW COLUMNS FROM `leaf_item` [ RunTime:0.000445s ]
[ 2011-09-16T10:51:32+08:00 ] SQL: SELECT COUNT(*) AS tp_count FROM `leaf_item` WHERE category_id=1 LIMIT 1  [ RunTime:0.000165s ]
[ 2011-09-16T10:51:32+08:00 ] SQL: SHOW COLUMNS FROM `leaf_item` [ RunTime:0.000437s ]
[ 2011-09-16T10:51:32+08:00 ] SQL: SELECT COUNT(*) AS tp_count FROM `leaf_item` WHERE category_id=4 LIMIT 1  [ RunTime:0.000225s ]
[ 2011-09-16T10:51:32+08:00 ] SQL: SHOW COLUMNS FROM `leaf_item` [ RunTime:0.000435s ]
[ 2011-09-16T10:51:32+08:00 ] SQL: SELECT COUNT(*) AS tp_count FROM `leaf_item` WHERE category_id=5 LIMIT 1  [ RunTime:0.000226s ]
[ 2011-09-16T10:51:32+08:00 ] SQL: SHOW COLUMNS FROM `leaf_item` [ RunTime:0.000525s ]
[ 2011-09-16T10:51:32+08:00 ] SQL: SELECT COUNT(*) AS tp_count FROM `leaf_item` WHERE category_id=6 LIMIT 1  [ RunTime:0.000220s ]
[ 2011-09-16T10:51:32+08:00 ] SQL: SHOW COLUMNS FROM `leaf_item` [ RunTime:0.000525s ]
[ 2011-09-16T10:51:32+08:00 ] SQL: SELECT COUNT(*) AS tp_count FROM `leaf_item` WHERE category_id=7 LIMIT 1  [ RunTime:0.000229s ]
[ 2011-09-16T10:51:33+08:00 ] SQL: SHOW COLUMNS FROM `leaf_category` [ RunTime:0.000549s ]
[ 2011-09-16T10:51:33+08:00 ] SQL: SELECT *,concat(level,'-',category_id) as tree FROM `leaf_category` ORDER BY tree [ RunTime:0.000109s ]
