[ 2011-09-07T21:22:55+08:00 ] SQL: SHOW COLUMNS FROM `leaf_category` [ RunTime:0.000616s ]
[ 2011-09-07T21:22:55+08:00 ] SQL: SELECT * FROM `leaf_category` WHERE parent_id=0 [ RunTime:0.000266s ]
[ 2011-09-07T21:22:55+08:00 ] SQL: SHOW COLUMNS FROM `leaf_item` [ RunTime:0.000526s ]
[ 2011-09-07T21:22:55+08:00 ] SQL: SELECT COUNT(*) AS tp_count FROM `leaf_item` WHERE category_id=1 LIMIT 1  [ RunTime:0.049079s ]
[ 2011-09-07T21:22:55+08:00 ] SQL: SHOW COLUMNS FROM `leaf_category` [ RunTime:0.001044s ]
[ 2011-09-07T21:22:55+08:00 ] SQL: SELECT * FROM `leaf_category` WHERE parent_id=1 [ RunTime:0.000315s ]
[ 2011-09-07T21:22:55+08:00 ] SQL: SHOW COLUMNS FROM `leaf_category` [ RunTime:0.000847s ]
[ 2011-09-07T21:22:55+08:00 ] SQL: SELECT * FROM `leaf_category` WHERE parent_id=4 [ RunTime:0.000289s ]
[ 2011-09-07T21:22:55+08:00 ] SQL: SHOW COLUMNS FROM `leaf_category` [ RunTime:0.000843s ]
[ 2011-09-07T21:22:55+08:00 ] SQL: SELECT * FROM `leaf_category` WHERE parent_id=5 [ RunTime:0.000143s ]
[ 2011-09-07T21:22:55+08:00 ] SQL: SHOW COLUMNS FROM `leaf_category` [ RunTime:0.000845s ]
[ 2011-09-07T21:22:55+08:00 ] SQL: SELECT * FROM `leaf_category` WHERE parent_id=6 [ RunTime:0.000292s ]
[ 2011-09-07T21:22:55+08:00 ] SQL: SHOW COLUMNS FROM `leaf_item` [ RunTime:0.000997s ]
[ 2011-09-07T21:22:55+08:00 ] SQL: SELECT COUNT(*) AS tp_count FROM `leaf_item` WHERE category_id=2 LIMIT 1  [ RunTime:0.000292s ]
[ 2011-09-07T21:22:55+08:00 ] SQL: SHOW COLUMNS FROM `leaf_category` [ RunTime:0.000861s ]
[ 2011-09-07T21:22:55+08:00 ] SQL: SELECT * FROM `leaf_category` WHERE parent_id=2 [ RunTime:0.000310s ]
[ 2011-09-07T21:22:55+08:00 ] SQL: SHOW COLUMNS FROM `leaf_category` [ RunTime:0.000858s ]
[ 2011-09-07T21:22:55+08:00 ] SQL: SELECT * FROM `leaf_category` WHERE parent_id=7 [ RunTime:0.000317s ]
[ 2011-09-07T21:22:55+08:00 ] SQL: SHOW COLUMNS FROM `leaf_category` [ RunTime:0.000885s ]
[ 2011-09-07T21:22:55+08:00 ] SQL: SELECT * FROM `leaf_category` WHERE parent_id=8 [ RunTime:0.000314s ]
[ 2011-09-07T21:22:55+08:00 ] SQL: SHOW COLUMNS FROM `leaf_item` [ RunTime:0.000998s ]
[ 2011-09-07T21:22:55+08:00 ] SQL: SELECT COUNT(*) AS tp_count FROM `leaf_item` WHERE category_id=3 LIMIT 1  [ RunTime:0.000302s ]
[ 2011-09-07T21:22:55+08:00 ] SQL: SHOW COLUMNS FROM `leaf_category` [ RunTime:0.000898s ]
[ 2011-09-07T21:22:55+08:00 ] SQL: SELECT * FROM `leaf_category` WHERE parent_id=3 [ RunTime:0.000313s ]
[ 2011-09-07T21:22:55+08:00 ] SQL: SHOW COLUMNS FROM `leaf_category` [ RunTime:0.000876s ]
[ 2011-09-07T21:22:55+08:00 ] SQL: SELECT * FROM `leaf_category` WHERE parent_id=31 [ RunTime:0.000326s ]
[ 2011-09-07T21:22:55+08:00 ] SQL: SHOW COLUMNS FROM `leaf_category` [ RunTime:0.000894s ]
[ 2011-09-07T21:22:55+08:00 ] SQL: SELECT * FROM `leaf_category` WHERE parent_id=32 [ RunTime:0.000307s ]
[ 2011-09-07T21:22:56+08:00 ] SQL: SHOW COLUMNS FROM `leaf_category` [ RunTime:0.000613s ]
[ 2011-09-07T21:22:56+08:00 ] SQL: SELECT * FROM `leaf_category` WHERE parent_id=0 [ RunTime:0.000137s ]
[ 2011-09-07T21:22:56+08:00 ] SQL: SHOW COLUMNS FROM `leaf_category` [ RunTime:0.000479s ]
[ 2011-09-07T21:22:56+08:00 ] SQL: SELECT * FROM `leaf_category` WHERE parent_id=1 [ RunTime:0.000135s ]
[ 2011-09-07T21:22:56+08:00 ] SQL: SHOW COLUMNS FROM `leaf_category` [ RunTime:0.000448s ]
[ 2011-09-07T21:22:56+08:00 ] SQL: SELECT * FROM `leaf_category` WHERE parent_id=4 [ RunTime:0.000057s ]
[ 2011-09-07T21:22:56+08:00 ] NOTIC: [2] Invalid argument supplied for foreach() common.php 第 32 行.
[ 2011-09-07T21:22:56+08:00 ] SQL: SHOW COLUMNS FROM `leaf_category` [ RunTime:0.000373s ]
[ 2011-09-07T21:22:56+08:00 ] SQL: SELECT * FROM `leaf_category` WHERE parent_id=5 [ RunTime:0.000056s ]
[ 2011-09-07T21:22:56+08:00 ] NOTIC: [2] Invalid argument supplied for foreach() common.php 第 32 行.
[ 2011-09-07T21:22:56+08:00 ] SQL: SHOW COLUMNS FROM `leaf_category` [ RunTime:0.000372s ]
[ 2011-09-07T21:22:56+08:00 ] SQL: SELECT * FROM `leaf_category` WHERE parent_id=6 [ RunTime:0.000055s ]
[ 2011-09-07T21:22:56+08:00 ] NOTIC: [2] Invalid argument supplied for foreach() common.php 第 32 行.
[ 2011-09-07T21:22:56+08:00 ] SQL: SHOW COLUMNS FROM `leaf_category` [ RunTime:0.000371s ]
[ 2011-09-07T21:22:56+08:00 ] SQL: SELECT * FROM `leaf_category` WHERE parent_id=2 [ RunTime:0.000055s ]
[ 2011-09-07T21:22:56+08:00 ] SQL: SHOW COLUMNS FROM `leaf_category` [ RunTime:0.000370s ]
[ 2011-09-07T21:22:56+08:00 ] SQL: SELECT * FROM `leaf_category` WHERE parent_id=7 [ RunTime:0.000056s ]
[ 2011-09-07T21:22:56+08:00 ] NOTIC: [2] Invalid argument supplied for foreach() common.php 第 32 行.
[ 2011-09-07T21:22:56+08:00 ] SQL: SHOW COLUMNS FROM `leaf_category` [ RunTime:0.000371s ]
[ 2011-09-07T21:22:56+08:00 ] SQL: SELECT * FROM `leaf_category` WHERE parent_id=8 [ RunTime:0.000055s ]
[ 2011-09-07T21:22:56+08:00 ] NOTIC: [2] Invalid argument supplied for foreach() common.php 第 32 行.
[ 2011-09-07T21:22:56+08:00 ] SQL: SHOW COLUMNS FROM `leaf_category` [ RunTime:0.000372s ]
[ 2011-09-07T21:22:56+08:00 ] SQL: SELECT * FROM `leaf_category` WHERE parent_id=3 [ RunTime:0.000070s ]
[ 2011-09-07T21:22:56+08:00 ] SQL: SHOW COLUMNS FROM `leaf_category` [ RunTime:0.000407s ]
[ 2011-09-07T21:22:56+08:00 ] SQL: SELECT * FROM `leaf_category` WHERE parent_id=31 [ RunTime:0.000055s ]
[ 2011-09-07T21:22:56+08:00 ] SQL: SHOW COLUMNS FROM `leaf_category` [ RunTime:0.000373s ]
[ 2011-09-07T21:22:56+08:00 ] SQL: SELECT * FROM `leaf_category` WHERE parent_id=32 [ RunTime:0.000053s ]
[ 2011-09-07T21:22:56+08:00 ] NOTIC: [2] Invalid argument supplied for foreach() common.php 第 32 行.
[ 2011-09-07T21:23:15+08:00 ] SQL: SHOW COLUMNS FROM `leaf_category` [ RunTime:0.000530s ]
[ 2011-09-07T21:23:15+08:00 ] SQL: SHOW COLUMNS FROM `leaf_category` [ RunTime:0.000375s ]
[ 2011-09-07T21:23:15+08:00 ] SQL: SELECT * FROM `leaf_category` WHERE parent_id=32 LIMIT 1  [ RunTime:0.000168s ]
[ 2011-09-07T21:23:15+08:00 ] SQL: INSERT INTO `leaf_category` (`parent_id`,`order_id`,`category_title`,`content`,`level`) VALUES ('32','1','YUI教程1','第一次教程<br />',1) [ RunTime:0.000183s ]
[ 2011-09-07T21:23:17+08:00 ] SQL: SHOW COLUMNS FROM `leaf_category` [ RunTime:0.000648s ]
[ 2011-09-07T21:23:17+08:00 ] SQL: SELECT * FROM `leaf_category` WHERE parent_id=0 [ RunTime:0.000278s ]
[ 2011-09-07T21:23:17+08:00 ] SQL: SHOW COLUMNS FROM `leaf_item` [ RunTime:0.000528s ]
[ 2011-09-07T21:23:17+08:00 ] SQL: SELECT COUNT(*) AS tp_count FROM `leaf_item` WHERE category_id=1 LIMIT 1  [ RunTime:0.000124s ]
[ 2011-09-07T21:23:17+08:00 ] SQL: SHOW COLUMNS FROM `leaf_category` [ RunTime:0.000469s ]
[ 2011-09-07T21:23:17+08:00 ] SQL: SELECT * FROM `leaf_category` WHERE parent_id=1 [ RunTime:0.000242s ]
[ 2011-09-07T21:23:17+08:00 ] SQL: SHOW COLUMNS FROM `leaf_category` [ RunTime:0.000477s ]
[ 2011-09-07T21:23:17+08:00 ] SQL: SELECT * FROM `leaf_category` WHERE parent_id=4 [ RunTime:0.000241s ]
[ 2011-09-07T21:23:17+08:00 ] SQL: SHOW COLUMNS FROM `leaf_category` [ RunTime:0.000388s ]
[ 2011-09-07T21:23:17+08:00 ] SQL: SELECT * FROM `leaf_category` WHERE parent_id=5 [ RunTime:0.000133s ]
[ 2011-09-07T21:23:17+08:00 ] SQL: SHOW COLUMNS FROM `leaf_category` [ RunTime:0.000368s ]
[ 2011-09-07T21:23:17+08:00 ] SQL: SELECT * FROM `leaf_category` WHERE parent_id=6 [ RunTime:0.000135s ]
[ 2011-09-07T21:23:17+08:00 ] SQL: SHOW COLUMNS FROM `leaf_item` [ RunTime:0.000420s ]
[ 2011-09-07T21:23:17+08:00 ] SQL: SELECT COUNT(*) AS tp_count FROM `leaf_item` WHERE category_id=2 LIMIT 1  [ RunTime:0.000052s ]
[ 2011-09-07T21:23:17+08:00 ] SQL: SHOW COLUMNS FROM `leaf_category` [ RunTime:0.000372s ]
[ 2011-09-07T21:23:17+08:00 ] SQL: SELECT * FROM `leaf_category` WHERE parent_id=2 [ RunTime:0.000136s ]
[ 2011-09-07T21:23:17+08:00 ] SQL: SHOW COLUMNS FROM `leaf_category` [ RunTime:0.000372s ]
[ 2011-09-07T21:23:17+08:00 ] SQL: SELECT * FROM `leaf_category` WHERE parent_id=7 [ RunTime:0.000137s ]
[ 2011-09-07T21:23:17+08:00 ] SQL: SHOW COLUMNS FROM `leaf_category` [ RunTime:0.000381s ]
[ 2011-09-07T21:23:17+08:00 ] SQL: SELECT * FROM `leaf_category` WHERE parent_id=8 [ RunTime:0.000132s ]
[ 2011-09-07T21:23:17+08:00 ] SQL: SHOW COLUMNS FROM `leaf_item` [ RunTime:0.000423s ]
[ 2011-09-07T21:23:17+08:00 ] SQL: SELECT COUNT(*) AS tp_count FROM `leaf_item` WHERE category_id=3 LIMIT 1  [ RunTime:0.000050s ]
[ 2011-09-07T21:23:17+08:00 ] SQL: SHOW COLUMNS FROM `leaf_category` [ RunTime:0.000371s ]
[ 2011-09-07T21:23:17+08:00 ] SQL: SELECT * FROM `leaf_category` WHERE parent_id=3 [ RunTime:0.000137s ]
[ 2011-09-07T21:23:17+08:00 ] SQL: SHOW COLUMNS FROM `leaf_category` [ RunTime:0.000369s ]
[ 2011-09-07T21:23:17+08:00 ] SQL: SELECT * FROM `leaf_category` WHERE parent_id=31 [ RunTime:0.000133s ]
[ 2011-09-07T21:23:17+08:00 ] SQL: SHOW COLUMNS FROM `leaf_category` [ RunTime:0.000369s ]
[ 2011-09-07T21:23:17+08:00 ] SQL: SELECT * FROM `leaf_category` WHERE parent_id=32 [ RunTime:0.000141s ]
[ 2011-09-07T21:23:17+08:00 ] SQL: SHOW COLUMNS FROM `leaf_category` [ RunTime:0.000485s ]
[ 2011-09-07T21:23:17+08:00 ] SQL: SELECT * FROM `leaf_category` WHERE parent_id=33 [ RunTime:0.000162s ]
[ 2011-09-07T21:24:23+08:00 ] SQL: SHOW COLUMNS FROM `leaf_category` [ RunTime:0.000536s ]
[ 2011-09-07T21:24:23+08:00 ] SQL: SELECT * FROM `leaf_category` WHERE parent_id=0 [ RunTime:0.000064s ]
[ 2011-09-07T21:24:23+08:00 ] SQL: SHOW COLUMNS FROM `leaf_category` [ RunTime:0.000384s ]
[ 2011-09-07T21:24:23+08:00 ] SQL: SELECT * FROM `leaf_category` WHERE parent_id=1 [ RunTime:0.000058s ]
[ 2011-09-07T21:24:23+08:00 ] SQL: SHOW COLUMNS FROM `leaf_category` [ RunTime:0.000372s ]
[ 2011-09-07T21:24:23+08:00 ] SQL: SELECT * FROM `leaf_category` WHERE parent_id=4 [ RunTime:0.000055s ]
[ 2011-09-07T21:24:23+08:00 ] NOTIC: [2] Invalid argument supplied for foreach() common.php 第 32 行.
[ 2011-09-07T21:24:23+08:00 ] SQL: SHOW COLUMNS FROM `leaf_category` [ RunTime:0.000369s ]
[ 2011-09-07T21:24:23+08:00 ] SQL: SELECT * FROM `leaf_category` WHERE parent_id=5 [ RunTime:0.000054s ]
[ 2011-09-07T21:24:23+08:00 ] NOTIC: [2] Invalid argument supplied for foreach() common.php 第 32 行.
[ 2011-09-07T21:24:23+08:00 ] SQL: SHOW COLUMNS FROM `leaf_category` [ RunTime:0.000368s ]
[ 2011-09-07T21:24:23+08:00 ] SQL: SELECT * FROM `leaf_category` WHERE parent_id=6 [ RunTime:0.000053s ]
[ 2011-09-07T21:24:23+08:00 ] NOTIC: [2] Invalid argument supplied for foreach() common.php 第 32 行.
[ 2011-09-07T21:24:23+08:00 ] SQL: SHOW COLUMNS FROM `leaf_category` [ RunTime:0.000373s ]
[ 2011-09-07T21:24:23+08:00 ] SQL: SELECT * FROM `leaf_category` WHERE parent_id=2 [ RunTime:0.000055s ]
[ 2011-09-07T21:24:23+08:00 ] SQL: SHOW COLUMNS FROM `leaf_category` [ RunTime:0.000368s ]
[ 2011-09-07T21:24:23+08:00 ] SQL: SELECT * FROM `leaf_category` WHERE parent_id=7 [ RunTime:0.000053s ]
[ 2011-09-07T21:24:23+08:00 ] NOTIC: [2] Invalid argument supplied for foreach() common.php 第 32 行.
[ 2011-09-07T21:24:23+08:00 ] SQL: SHOW COLUMNS FROM `leaf_category` [ RunTime:0.000370s ]
[ 2011-09-07T21:24:23+08:00 ] SQL: SELECT * FROM `leaf_category` WHERE parent_id=8 [ RunTime:0.000055s ]
[ 2011-09-07T21:24:23+08:00 ] NOTIC: [2] Invalid argument supplied for foreach() common.php 第 32 行.
[ 2011-09-07T21:24:23+08:00 ] SQL: SHOW COLUMNS FROM `leaf_category` [ RunTime:0.000367s ]
[ 2011-09-07T21:24:23+08:00 ] SQL: SELECT * FROM `leaf_category` WHERE parent_id=3 [ RunTime:0.000054s ]
[ 2011-09-07T21:24:23+08:00 ] SQL: SHOW COLUMNS FROM `leaf_category` [ RunTime:0.000367s ]
[ 2011-09-07T21:24:23+08:00 ] SQL: SELECT * FROM `leaf_category` WHERE parent_id=31 [ RunTime:0.000056s ]
[ 2011-09-07T21:24:23+08:00 ] SQL: SHOW COLUMNS FROM `leaf_category` [ RunTime:0.000369s ]
[ 2011-09-07T21:24:23+08:00 ] SQL: SELECT * FROM `leaf_category` WHERE parent_id=32 [ RunTime:0.000054s ]
[ 2011-09-07T21:24:23+08:00 ] SQL: SHOW COLUMNS FROM `leaf_category` [ RunTime:0.000373s ]
[ 2011-09-07T21:24:23+08:00 ] SQL: SELECT * FROM `leaf_category` WHERE parent_id=33 [ RunTime:0.000053s ]
[ 2011-09-07T21:24:23+08:00 ] NOTIC: [2] Invalid argument supplied for foreach() common.php 第 32 行.
[ 2011-09-07T21:25:51+08:00 ] SQL: SHOW COLUMNS FROM `leaf_category` [ RunTime:0.000536s ]
[ 2011-09-07T21:25:51+08:00 ] SQL: SELECT * FROM `leaf_category` WHERE parent_id=0 [ RunTime:0.000061s ]
[ 2011-09-07T21:25:51+08:00 ] SQL: SHOW COLUMNS FROM `leaf_category` [ RunTime:0.000397s ]
[ 2011-09-07T21:25:51+08:00 ] SQL: SELECT * FROM `leaf_category` WHERE parent_id=1 [ RunTime:0.000103s ]
[ 2011-09-07T21:25:51+08:00 ] SQL: SHOW COLUMNS FROM `leaf_category` [ RunTime:0.000544s ]
[ 2011-09-07T21:25:51+08:00 ] SQL: SELECT * FROM `leaf_category` WHERE parent_id=4 [ RunTime:0.000066s ]
[ 2011-09-07T21:25:51+08:00 ] NOTIC: [2] Invalid argument supplied for foreach() common.php 第 32 行.
[ 2011-09-07T21:25:51+08:00 ] SQL: SHOW COLUMNS FROM `leaf_category` [ RunTime:0.000436s ]
[ 2011-09-07T21:25:51+08:00 ] SQL: SELECT * FROM `leaf_category` WHERE parent_id=5 [ RunTime:0.000065s ]
[ 2011-09-07T21:25:51+08:00 ] NOTIC: [2] Invalid argument supplied for foreach() common.php 第 32 行.
[ 2011-09-07T21:25:51+08:00 ] SQL: SHOW COLUMNS FROM `leaf_category` [ RunTime:0.000432s ]
[ 2011-09-07T21:25:51+08:00 ] SQL: SELECT * FROM `leaf_category` WHERE parent_id=6 [ RunTime:0.000063s ]
[ 2011-09-07T21:25:51+08:00 ] NOTIC: [2] Invalid argument supplied for foreach() common.php 第 32 行.
[ 2011-09-07T21:25:51+08:00 ] SQL: SHOW COLUMNS FROM `leaf_category` [ RunTime:0.000445s ]
[ 2011-09-07T21:25:51+08:00 ] SQL: SELECT * FROM `leaf_category` WHERE parent_id=2 [ RunTime:0.000064s ]
[ 2011-09-07T21:25:51+08:00 ] SQL: SHOW COLUMNS FROM `leaf_category` [ RunTime:0.000895s ]
[ 2011-09-07T21:25:51+08:00 ] SQL: SELECT * FROM `leaf_category` WHERE parent_id=7 [ RunTime:0.000125s ]
[ 2011-09-07T21:25:51+08:00 ] NOTIC: [2] Invalid argument supplied for foreach() common.php 第 32 行.
[ 2011-09-07T21:25:51+08:00 ] SQL: SHOW COLUMNS FROM `leaf_category` [ RunTime:0.000876s ]
[ 2011-09-07T21:25:51+08:00 ] SQL: SELECT * FROM `leaf_category` WHERE parent_id=8 [ RunTime:0.000139s ]
[ 2011-09-07T21:25:51+08:00 ] NOTIC: [2] Invalid argument supplied for foreach() common.php 第 32 行.
[ 2011-09-07T21:25:51+08:00 ] SQL: SHOW COLUMNS FROM `leaf_category` [ RunTime:0.000898s ]
[ 2011-09-07T21:25:51+08:00 ] SQL: SELECT * FROM `leaf_category` WHERE parent_id=3 [ RunTime:0.000124s ]
[ 2011-09-07T21:25:51+08:00 ] SQL: SHOW COLUMNS FROM `leaf_category` [ RunTime:0.000875s ]
[ 2011-09-07T21:25:51+08:00 ] SQL: SELECT * FROM `leaf_category` WHERE parent_id=31 [ RunTime:0.000127s ]
[ 2011-09-07T21:25:51+08:00 ] SQL: SHOW COLUMNS FROM `leaf_category` [ RunTime:0.000908s ]
[ 2011-09-07T21:25:51+08:00 ] SQL: SELECT * FROM `leaf_category` WHERE parent_id=32 [ RunTime:0.000136s ]
[ 2011-09-07T21:25:51+08:00 ] SQL: SHOW COLUMNS FROM `leaf_category` [ RunTime:0.000888s ]
[ 2011-09-07T21:25:51+08:00 ] SQL: SELECT * FROM `leaf_category` WHERE parent_id=33 [ RunTime:0.000129s ]
[ 2011-09-07T21:25:51+08:00 ] NOTIC: [2] Invalid argument supplied for foreach() common.php 第 32 行.
[ 2011-09-07T21:26:23+08:00 ] SQL: SHOW COLUMNS FROM `leaf_category` [ RunTime:0.000554s ]
[ 2011-09-07T21:26:23+08:00 ] SQL: SELECT * FROM `leaf_category` WHERE parent_id=0 [ RunTime:0.000127s ]
[ 2011-09-07T21:26:23+08:00 ] SQL: SHOW COLUMNS FROM `leaf_category` [ RunTime:0.000509s ]
[ 2011-09-07T21:26:23+08:00 ] SQL: SELECT * FROM `leaf_category` WHERE parent_id=1 [ RunTime:0.000118s ]
[ 2011-09-07T21:26:23+08:00 ] SQL: SHOW COLUMNS FROM `leaf_category` [ RunTime:0.000452s ]
[ 2011-09-07T21:26:23+08:00 ] SQL: SELECT * FROM `leaf_category` WHERE parent_id=4 [ RunTime:0.000129s ]
[ 2011-09-07T21:26:23+08:00 ] NOTIC: [2] Invalid argument supplied for foreach() common.php 第 32 行.
[ 2011-09-07T21:26:23+08:00 ] SQL: SHOW COLUMNS FROM `leaf_category` [ RunTime:0.000469s ]
[ 2011-09-07T21:26:23+08:00 ] SQL: SELECT * FROM `leaf_category` WHERE parent_id=5 [ RunTime:0.000128s ]
[ 2011-09-07T21:26:23+08:00 ] NOTIC: [2] Invalid argument supplied for foreach() common.php 第 32 行.
[ 2011-09-07T21:26:23+08:00 ] SQL: SHOW COLUMNS FROM `leaf_category` [ RunTime:0.000624s ]
[ 2011-09-07T21:26:23+08:00 ] SQL: SELECT * FROM `leaf_category` WHERE parent_id=6 [ RunTime:0.000126s ]
[ 2011-09-07T21:26:23+08:00 ] NOTIC: [2] Invalid argument supplied for foreach() common.php 第 32 行.
[ 2011-09-07T21:26:23+08:00 ] SQL: SHOW COLUMNS FROM `leaf_category` [ RunTime:0.000625s ]
[ 2011-09-07T21:26:23+08:00 ] SQL: SELECT * FROM `leaf_category` WHERE parent_id=2 [ RunTime:0.000131s ]
[ 2011-09-07T21:26:23+08:00 ] SQL: SHOW COLUMNS FROM `leaf_category` [ RunTime:0.000694s ]
[ 2011-09-07T21:26:23+08:00 ] SQL: SELECT * FROM `leaf_category` WHERE parent_id=7 [ RunTime:0.000125s ]
[ 2011-09-07T21:26:23+08:00 ] NOTIC: [2] Invalid argument supplied for foreach() common.php 第 32 行.
[ 2011-09-07T21:26:23+08:00 ] SQL: SHOW COLUMNS FROM `leaf_category` [ RunTime:0.000627s ]
[ 2011-09-07T21:26:23+08:00 ] SQL: SELECT * FROM `leaf_category` WHERE parent_id=8 [ RunTime:0.000125s ]
[ 2011-09-07T21:26:23+08:00 ] NOTIC: [2] Invalid argument supplied for foreach() common.php 第 32 行.
[ 2011-09-07T21:26:23+08:00 ] SQL: SHOW COLUMNS FROM `leaf_category` [ RunTime:0.000581s ]
[ 2011-09-07T21:26:23+08:00 ] SQL: SELECT * FROM `leaf_category` WHERE parent_id=3 [ RunTime:0.000130s ]
[ 2011-09-07T21:26:23+08:00 ] SQL: SHOW COLUMNS FROM `leaf_category` [ RunTime:0.000624s ]
[ 2011-09-07T21:26:23+08:00 ] SQL: SELECT * FROM `leaf_category` WHERE parent_id=31 [ RunTime:0.000130s ]
[ 2011-09-07T21:26:23+08:00 ] SQL: SHOW COLUMNS FROM `leaf_category` [ RunTime:0.000630s ]
[ 2011-09-07T21:26:23+08:00 ] SQL: SELECT * FROM `leaf_category` WHERE parent_id=32 [ RunTime:0.000061s ]
[ 2011-09-07T21:26:23+08:00 ] SQL: SHOW COLUMNS FROM `leaf_category` [ RunTime:0.000447s ]
[ 2011-09-07T21:26:23+08:00 ] SQL: SELECT * FROM `leaf_category` WHERE parent_id=33 [ RunTime:0.000058s ]
[ 2011-09-07T21:26:23+08:00 ] NOTIC: [2] Invalid argument supplied for foreach() common.php 第 32 行.
[ 2011-09-07T21:26:47+08:00 ] SQL: SHOW COLUMNS FROM `leaf_category` [ RunTime:0.000530s ]
[ 2011-09-07T21:26:47+08:00 ] SQL: SELECT * FROM `leaf_category` WHERE parent_id=0 [ RunTime:0.000065s ]
[ 2011-09-07T21:26:47+08:00 ] SQL: SHOW COLUMNS FROM `leaf_category` [ RunTime:0.000406s ]
[ 2011-09-07T21:26:47+08:00 ] SQL: SELECT * FROM `leaf_category` WHERE parent_id=1 [ RunTime:0.000058s ]
[ 2011-09-07T21:26:47+08:00 ] SQL: SHOW COLUMNS FROM `leaf_category` [ RunTime:0.000372s ]
[ 2011-09-07T21:26:47+08:00 ] SQL: SELECT * FROM `leaf_category` WHERE parent_id=4 [ RunTime:0.000053s ]
[ 2011-09-07T21:26:47+08:00 ] NOTIC: [2] Invalid argument supplied for foreach() common.php 第 32 行.
[ 2011-09-07T21:26:47+08:00 ] SQL: SHOW COLUMNS FROM `leaf_category` [ RunTime:0.000383s ]
[ 2011-09-07T21:26:47+08:00 ] SQL: SELECT * FROM `leaf_category` WHERE parent_id=5 [ RunTime:0.000056s ]
[ 2011-09-07T21:26:47+08:00 ] NOTIC: [2] Invalid argument supplied for foreach() common.php 第 32 行.
[ 2011-09-07T21:26:47+08:00 ] SQL: SHOW COLUMNS FROM `leaf_category` [ RunTime:0.000370s ]
[ 2011-09-07T21:26:47+08:00 ] SQL: SELECT * FROM `leaf_category` WHERE parent_id=6 [ RunTime:0.000055s ]
[ 2011-09-07T21:26:47+08:00 ] NOTIC: [2] Invalid argument supplied for foreach() common.php 第 32 行.
[ 2011-09-07T21:26:47+08:00 ] SQL: SHOW COLUMNS FROM `leaf_category` [ RunTime:0.000370s ]
[ 2011-09-07T21:26:47+08:00 ] SQL: SELECT * FROM `leaf_category` WHERE parent_id=2 [ RunTime:0.000056s ]
[ 2011-09-07T21:26:47+08:00 ] SQL: SHOW COLUMNS FROM `leaf_category` [ RunTime:0.000368s ]
[ 2011-09-07T21:26:47+08:00 ] SQL: SELECT * FROM `leaf_category` WHERE parent_id=7 [ RunTime:0.000053s ]
[ 2011-09-07T21:26:47+08:00 ] NOTIC: [2] Invalid argument supplied for foreach() common.php 第 32 行.
[ 2011-09-07T21:26:47+08:00 ] SQL: SHOW COLUMNS FROM `leaf_category` [ RunTime:0.000390s ]
[ 2011-09-07T21:26:47+08:00 ] SQL: SELECT * FROM `leaf_category` WHERE parent_id=8 [ RunTime:0.000054s ]
[ 2011-09-07T21:26:47+08:00 ] NOTIC: [2] Invalid argument supplied for foreach() common.php 第 32 行.
[ 2011-09-07T21:26:47+08:00 ] SQL: SHOW COLUMNS FROM `leaf_category` [ RunTime:0.000378s ]
[ 2011-09-07T21:26:47+08:00 ] SQL: SELECT * FROM `leaf_category` WHERE parent_id=3 [ RunTime:0.000054s ]
[ 2011-09-07T21:26:47+08:00 ] SQL: SHOW COLUMNS FROM `leaf_category` [ RunTime:0.000369s ]
[ 2011-09-07T21:26:47+08:00 ] SQL: SELECT * FROM `leaf_category` WHERE parent_id=31 [ RunTime:0.000055s ]
[ 2011-09-07T21:26:47+08:00 ] SQL: SHOW COLUMNS FROM `leaf_category` [ RunTime:0.000368s ]
[ 2011-09-07T21:26:47+08:00 ] SQL: SELECT * FROM `leaf_category` WHERE parent_id=32 [ RunTime:0.000055s ]
[ 2011-09-07T21:26:47+08:00 ] SQL: SHOW COLUMNS FROM `leaf_category` [ RunTime:0.000368s ]
[ 2011-09-07T21:26:47+08:00 ] SQL: SELECT * FROM `leaf_category` WHERE parent_id=33 [ RunTime:0.000052s ]
[ 2011-09-07T21:26:47+08:00 ] NOTIC: [2] Invalid argument supplied for foreach() common.php 第 32 行.
[ 2011-09-07T21:34:35+08:00 ] SQL: SHOW COLUMNS FROM `leaf_category` [ RunTime:0.000542s ]
[ 2011-09-07T21:34:35+08:00 ] SQL: SELECT * FROM `leaf_category` WHERE parent_id=0 [ RunTime:0.000066s ]
[ 2011-09-07T21:34:35+08:00 ] SQL: SHOW COLUMNS FROM `leaf_item` [ RunTime:0.000440s ]
[ 2011-09-07T21:34:35+08:00 ] SQL: SELECT COUNT(*) AS tp_count FROM `leaf_item` WHERE category_id=1 LIMIT 1  [ RunTime:0.000055s ]
[ 2011-09-07T21:34:35+08:00 ] SQL: SHOW COLUMNS FROM `leaf_category` [ RunTime:0.000375s ]
[ 2011-09-07T21:34:35+08:00 ] SQL: SELECT * FROM `leaf_category` WHERE parent_id=1 [ RunTime:0.000058s ]
[ 2011-09-07T21:34:35+08:00 ] SQL: SHOW COLUMNS FROM `leaf_category` [ RunTime:0.000373s ]
[ 2011-09-07T21:34:35+08:00 ] SQL: SELECT * FROM `leaf_category` WHERE parent_id=4 [ RunTime:0.000057s ]
[ 2011-09-07T21:34:35+08:00 ] SQL: SHOW COLUMNS FROM `leaf_category` [ RunTime:0.000373s ]
[ 2011-09-07T21:34:35+08:00 ] SQL: SELECT * FROM `leaf_category` WHERE parent_id=5 [ RunTime:0.000053s ]
[ 2011-09-07T21:34:35+08:00 ] SQL: SHOW COLUMNS FROM `leaf_category` [ RunTime:0.000377s ]
[ 2011-09-07T21:34:35+08:00 ] SQL: SELECT * FROM `leaf_category` WHERE parent_id=6 [ RunTime:0.000057s ]
[ 2011-09-07T21:34:35+08:00 ] SQL: SHOW COLUMNS FROM `leaf_item` [ RunTime:0.000451s ]
[ 2011-09-07T21:34:35+08:00 ] SQL: SELECT COUNT(*) AS tp_count FROM `leaf_item` WHERE category_id=2 LIMIT 1  [ RunTime:0.000053s ]
[ 2011-09-07T21:34:35+08:00 ] SQL: SHOW COLUMNS FROM `leaf_category` [ RunTime:0.000374s ]
[ 2011-09-07T21:34:35+08:00 ] SQL: SELECT * FROM `leaf_category` WHERE parent_id=2 [ RunTime:0.000057s ]
[ 2011-09-07T21:34:35+08:00 ] SQL: SHOW COLUMNS FROM `leaf_category` [ RunTime:0.000373s ]
[ 2011-09-07T21:34:35+08:00 ] SQL: SELECT * FROM `leaf_category` WHERE parent_id=7 [ RunTime:0.000053s ]
[ 2011-09-07T21:34:35+08:00 ] SQL: SHOW COLUMNS FROM `leaf_category` [ RunTime:0.000371s ]
[ 2011-09-07T21:34:35+08:00 ] SQL: SELECT * FROM `leaf_category` WHERE parent_id=8 [ RunTime:0.000052s ]
[ 2011-09-07T21:34:35+08:00 ] SQL: SHOW COLUMNS FROM `leaf_item` [ RunTime:0.000430s ]
[ 2011-09-07T21:34:35+08:00 ] SQL: SELECT COUNT(*) AS tp_count FROM `leaf_item` WHERE category_id=3 LIMIT 1  [ RunTime:0.000115s ]
[ 2011-09-07T21:34:35+08:00 ] SQL: SHOW COLUMNS FROM `leaf_category` [ RunTime:0.000415s ]
[ 2011-09-07T21:34:35+08:00 ] SQL: SELECT * FROM `leaf_category` WHERE parent_id=3 [ RunTime:0.000128s ]
[ 2011-09-07T21:34:35+08:00 ] SQL: SHOW COLUMNS FROM `leaf_category` [ RunTime:0.000495s ]
[ 2011-09-07T21:34:35+08:00 ] SQL: SELECT * FROM `leaf_category` WHERE parent_id=31 [ RunTime:0.000056s ]
[ 2011-09-07T21:34:35+08:00 ] SQL: SHOW COLUMNS FROM `leaf_category` [ RunTime:0.000390s ]
[ 2011-09-07T21:34:35+08:00 ] SQL: SELECT * FROM `leaf_category` WHERE parent_id=32 [ RunTime:0.000059s ]
[ 2011-09-07T21:34:35+08:00 ] SQL: SHOW COLUMNS FROM `leaf_category` [ RunTime:0.000394s ]
[ 2011-09-07T21:34:35+08:00 ] SQL: SELECT * FROM `leaf_category` WHERE parent_id=33 [ RunTime:0.000125s ]
[ 2011-09-07T21:34:45+08:00 ] SQL: SHOW COLUMNS FROM `leaf_category` [ RunTime:0.000528s ]
[ 2011-09-07T21:34:45+08:00 ] SQL: SELECT * FROM `leaf_category` WHERE parent_id=0 [ RunTime:0.000243s ]
[ 2011-09-07T21:34:45+08:00 ] SQL: SHOW COLUMNS FROM `leaf_category` [ RunTime:0.000448s ]
[ 2011-09-07T21:34:45+08:00 ] SQL: SELECT * FROM `leaf_category` WHERE parent_id=1 [ RunTime:0.000220s ]
[ 2011-09-07T21:34:45+08:00 ] SQL: SHOW COLUMNS FROM `leaf_category` [ RunTime:0.000373s ]
[ 2011-09-07T21:34:45+08:00 ] SQL: SELECT * FROM `leaf_category` WHERE parent_id=4 [ RunTime:0.000135s ]
[ 2011-09-07T21:34:45+08:00 ] NOTIC: [2] Invalid argument supplied for foreach() common.php 第 32 行.
[ 2011-09-07T21:34:45+08:00 ] SQL: SHOW COLUMNS FROM `leaf_category` [ RunTime:0.000384s ]
[ 2011-09-07T21:34:45+08:00 ] SQL: SELECT * FROM `leaf_category` WHERE parent_id=5 [ RunTime:0.000135s ]
[ 2011-09-07T21:34:45+08:00 ] NOTIC: [2] Invalid argument supplied for foreach() common.php 第 32 行.
[ 2011-09-07T21:34:45+08:00 ] SQL: SHOW COLUMNS FROM `leaf_category` [ RunTime:0.000383s ]
[ 2011-09-07T21:34:45+08:00 ] SQL: SELECT * FROM `leaf_category` WHERE parent_id=6 [ RunTime:0.000133s ]
[ 2011-09-07T21:34:45+08:00 ] NOTIC: [2] Invalid argument supplied for foreach() common.php 第 32 行.
[ 2011-09-07T21:34:45+08:00 ] SQL: SHOW COLUMNS FROM `leaf_category` [ RunTime:0.000380s ]
[ 2011-09-07T21:34:45+08:00 ] SQL: SELECT * FROM `leaf_category` WHERE parent_id=2 [ RunTime:0.000140s ]
[ 2011-09-07T21:34:45+08:00 ] SQL: SHOW COLUMNS FROM `leaf_category` [ RunTime:0.000375s ]
[ 2011-09-07T21:34:45+08:00 ] SQL: SELECT * FROM `leaf_category` WHERE parent_id=7 [ RunTime:0.000134s ]
[ 2011-09-07T21:34:45+08:00 ] NOTIC: [2] Invalid argument supplied for foreach() common.php 第 32 行.
[ 2011-09-07T21:34:45+08:00 ] SQL: SHOW COLUMNS FROM `leaf_category` [ RunTime:0.000375s ]
[ 2011-09-07T21:34:45+08:00 ] SQL: SELECT * FROM `leaf_category` WHERE parent_id=8 [ RunTime:0.000147s ]
[ 2011-09-07T21:34:45+08:00 ] NOTIC: [2] Invalid argument supplied for foreach() common.php 第 32 行.
[ 2011-09-07T21:34:45+08:00 ] SQL: SHOW COLUMNS FROM `leaf_category` [ RunTime:0.000386s ]
[ 2011-09-07T21:34:45+08:00 ] SQL: SELECT * FROM `leaf_category` WHERE parent_id=3 [ RunTime:0.000139s ]
[ 2011-09-07T21:34:45+08:00 ] SQL: SHOW COLUMNS FROM `leaf_category` [ RunTime:0.000374s ]
[ 2011-09-07T21:34:45+08:00 ] SQL: SELECT * FROM `leaf_category` WHERE parent_id=31 [ RunTime:0.000135s ]
[ 2011-09-07T21:34:45+08:00 ] SQL: SHOW COLUMNS FROM `leaf_category` [ RunTime:0.000373s ]
[ 2011-09-07T21:34:45+08:00 ] SQL: SELECT * FROM `leaf_category` WHERE parent_id=32 [ RunTime:0.000131s ]
[ 2011-09-07T21:34:45+08:00 ] NOTIC: [2] Invalid argument supplied for foreach() common.php 第 32 行.
[ 2011-09-07T21:34:53+08:00 ] SQL: SHOW COLUMNS FROM `leaf_category` [ RunTime:0.000869s ]
[ 2011-09-07T21:34:53+08:00 ] SQL: SHOW COLUMNS FROM `leaf_category` [ RunTime:0.000807s ]
[ 2011-09-07T21:34:53+08:00 ] SQL: SELECT * FROM `leaf_category` WHERE category_id=32 LIMIT 1  [ RunTime:0.000240s ]
[ 2011-09-07T21:34:53+08:00 ] SQL: INSERT INTO `leaf_category` (`parent_id`,`order_id`,`category_title`,`content`,`level`) VALUES ('32','1','YUI教程1','打算发发送<br />',4) [ RunTime:0.000223s ]
[ 2011-09-07T21:34:55+08:00 ] SQL: SHOW COLUMNS FROM `leaf_category` [ RunTime:0.001178s ]
[ 2011-09-07T21:34:55+08:00 ] SQL: SELECT * FROM `leaf_category` WHERE parent_id=0 [ RunTime:0.000365s ]
[ 2011-09-07T21:34:55+08:00 ] SQL: SHOW COLUMNS FROM `leaf_item` [ RunTime:0.000625s ]
[ 2011-09-07T21:34:55+08:00 ] SQL: SELECT COUNT(*) AS tp_count FROM `leaf_item` WHERE category_id=1 LIMIT 1  [ RunTime:0.000055s ]
[ 2011-09-07T21:34:55+08:00 ] SQL: SHOW COLUMNS FROM `leaf_category` [ RunTime:0.000380s ]
[ 2011-09-07T21:34:55+08:00 ] SQL: SELECT * FROM `leaf_category` WHERE parent_id=1 [ RunTime:0.000144s ]
[ 2011-09-07T21:34:55+08:00 ] SQL: SHOW COLUMNS FROM `leaf_category` [ RunTime:0.000374s ]
[ 2011-09-07T21:34:55+08:00 ] SQL: SELECT * FROM `leaf_category` WHERE parent_id=4 [ RunTime:0.000134s ]
[ 2011-09-07T21:34:55+08:00 ] SQL: SHOW COLUMNS FROM `leaf_category` [ RunTime:0.000446s ]
[ 2011-09-07T21:34:55+08:00 ] SQL: SELECT * FROM `leaf_category` WHERE parent_id=5 [ RunTime:0.000137s ]
[ 2011-09-07T21:34:55+08:00 ] SQL: SHOW COLUMNS FROM `leaf_category` [ RunTime:0.000374s ]
[ 2011-09-07T21:34:55+08:00 ] SQL: SELECT * FROM `leaf_category` WHERE parent_id=6 [ RunTime:0.000134s ]
[ 2011-09-07T21:34:55+08:00 ] SQL: SHOW COLUMNS FROM `leaf_item` [ RunTime:0.000426s ]
[ 2011-09-07T21:34:55+08:00 ] SQL: SELECT COUNT(*) AS tp_count FROM `leaf_item` WHERE category_id=2 LIMIT 1  [ RunTime:0.000051s ]
[ 2011-09-07T21:34:55+08:00 ] SQL: SHOW COLUMNS FROM `leaf_category` [ RunTime:0.000418s ]
[ 2011-09-07T21:34:55+08:00 ] SQL: SELECT * FROM `leaf_category` WHERE parent_id=2 [ RunTime:0.000144s ]
[ 2011-09-07T21:34:55+08:00 ] SQL: SHOW COLUMNS FROM `leaf_category` [ RunTime:0.000369s ]
[ 2011-09-07T21:34:55+08:00 ] SQL: SELECT * FROM `leaf_category` WHERE parent_id=7 [ RunTime:0.000134s ]
[ 2011-09-07T21:34:55+08:00 ] SQL: SHOW COLUMNS FROM `leaf_category` [ RunTime:0.000367s ]
[ 2011-09-07T21:34:55+08:00 ] SQL: SELECT * FROM `leaf_category` WHERE parent_id=8 [ RunTime:0.000133s ]
[ 2011-09-07T21:34:55+08:00 ] SQL: SHOW COLUMNS FROM `leaf_item` [ RunTime:0.000415s ]
[ 2011-09-07T21:34:55+08:00 ] SQL: SELECT COUNT(*) AS tp_count FROM `leaf_item` WHERE category_id=3 LIMIT 1  [ RunTime:0.000048s ]
[ 2011-09-07T21:34:55+08:00 ] SQL: SHOW COLUMNS FROM `leaf_category` [ RunTime:0.000389s ]
[ 2011-09-07T21:34:55+08:00 ] SQL: SELECT * FROM `leaf_category` WHERE parent_id=3 [ RunTime:0.000138s ]
[ 2011-09-07T21:34:55+08:00 ] SQL: SHOW COLUMNS FROM `leaf_category` [ RunTime:0.000369s ]
[ 2011-09-07T21:34:55+08:00 ] SQL: SELECT * FROM `leaf_category` WHERE parent_id=31 [ RunTime:0.000136s ]
[ 2011-09-07T21:34:55+08:00 ] SQL: SHOW COLUMNS FROM `leaf_category` [ RunTime:0.000366s ]
[ 2011-09-07T21:34:55+08:00 ] SQL: SELECT * FROM `leaf_category` WHERE parent_id=32 [ RunTime:0.000134s ]
[ 2011-09-07T21:34:55+08:00 ] SQL: SHOW COLUMNS FROM `leaf_category` [ RunTime:0.000367s ]
[ 2011-09-07T21:34:55+08:00 ] SQL: SELECT * FROM `leaf_category` WHERE parent_id=34 [ RunTime:0.000134s ]
[ 2011-09-07T21:35:05+08:00 ] SQL: SHOW COLUMNS FROM `leaf_category` [ RunTime:0.001054s ]
[ 2011-09-07T21:35:05+08:00 ] SQL: SELECT * FROM `leaf_category` WHERE parent_id=0 [ RunTime:0.000138s ]
[ 2011-09-07T21:35:05+08:00 ] SQL: SHOW COLUMNS FROM `leaf_category` [ RunTime:0.000715s ]
[ 2011-09-07T21:35:05+08:00 ] SQL: SELECT * FROM `leaf_category` WHERE parent_id=1 [ RunTime:0.000058s ]
[ 2011-09-07T21:35:05+08:00 ] SQL: SHOW COLUMNS FROM `leaf_category` [ RunTime:0.000373s ]
[ 2011-09-07T21:35:05+08:00 ] SQL: SELECT * FROM `leaf_category` WHERE parent_id=4 [ RunTime:0.000055s ]
[ 2011-09-07T21:35:05+08:00 ] NOTIC: [2] Invalid argument supplied for foreach() common.php 第 32 行.
[ 2011-09-07T21:35:05+08:00 ] SQL: SHOW COLUMNS FROM `leaf_category` [ RunTime:0.000382s ]
[ 2011-09-07T21:35:05+08:00 ] SQL: SELECT * FROM `leaf_category` WHERE parent_id=5 [ RunTime:0.000056s ]
[ 2011-09-07T21:35:05+08:00 ] NOTIC: [2] Invalid argument supplied for foreach() common.php 第 32 行.
[ 2011-09-07T21:35:05+08:00 ] SQL: SHOW COLUMNS FROM `leaf_category` [ RunTime:0.000373s ]
[ 2011-09-07T21:35:05+08:00 ] SQL: SELECT * FROM `leaf_category` WHERE parent_id=6 [ RunTime:0.000055s ]
[ 2011-09-07T21:35:05+08:00 ] NOTIC: [2] Invalid argument supplied for foreach() common.php 第 32 行.
[ 2011-09-07T21:35:05+08:00 ] SQL: SHOW COLUMNS FROM `leaf_category` [ RunTime:0.000546s ]
[ 2011-09-07T21:35:05+08:00 ] SQL: SELECT * FROM `leaf_category` WHERE parent_id=2 [ RunTime:0.000058s ]
[ 2011-09-07T21:35:05+08:00 ] SQL: SHOW COLUMNS FROM `leaf_category` [ RunTime:0.000573s ]
[ 2011-09-07T21:35:05+08:00 ] SQL: SELECT * FROM `leaf_category` WHERE parent_id=7 [ RunTime:0.000076s ]
[ 2011-09-07T21:35:05+08:00 ] NOTIC: [2] Invalid argument supplied for foreach() common.php 第 32 行.
[ 2011-09-07T21:35:05+08:00 ] SQL: SHOW COLUMNS FROM `leaf_category` [ RunTime:0.000898s ]
[ 2011-09-07T21:35:05+08:00 ] SQL: SELECT * FROM `leaf_category` WHERE parent_id=8 [ RunTime:0.000126s ]
[ 2011-09-07T21:35:05+08:00 ] NOTIC: [2] Invalid argument supplied for foreach() common.php 第 32 行.
[ 2011-09-07T21:35:05+08:00 ] SQL: SHOW COLUMNS FROM `leaf_category` [ RunTime:0.000876s ]
[ 2011-09-07T21:35:05+08:00 ] SQL: SELECT * FROM `leaf_category` WHERE parent_id=3 [ RunTime:0.000135s ]
[ 2011-09-07T21:35:05+08:00 ] SQL: SHOW COLUMNS FROM `leaf_category` [ RunTime:0.000909s ]
[ 2011-09-07T21:35:05+08:00 ] SQL: SELECT * FROM `leaf_category` WHERE parent_id=31 [ RunTime:0.000128s ]
[ 2011-09-07T21:35:05+08:00 ] SQL: SHOW COLUMNS FROM `leaf_category` [ RunTime:0.000877s ]
[ 2011-09-07T21:35:05+08:00 ] SQL: SELECT * FROM `leaf_category` WHERE parent_id=32 [ RunTime:0.000129s ]
[ 2011-09-07T21:35:05+08:00 ] SQL: SHOW COLUMNS FROM `leaf_category` [ RunTime:0.000879s ]
[ 2011-09-07T21:35:05+08:00 ] SQL: SELECT * FROM `leaf_category` WHERE parent_id=34 [ RunTime:0.000123s ]
[ 2011-09-07T21:35:05+08:00 ] NOTIC: [2] Invalid argument supplied for foreach() common.php 第 32 行.
[ 2011-09-07T21:35:17+08:00 ] SQL: SHOW COLUMNS FROM `leaf_category` [ RunTime:0.000554s ]
[ 2011-09-07T21:35:17+08:00 ] SQL: SHOW COLUMNS FROM `leaf_category` [ RunTime:0.000381s ]
[ 2011-09-07T21:35:17+08:00 ] SQL: SELECT * FROM `leaf_category` WHERE category_id=0 LIMIT 1  [ RunTime:0.000162s ]
[ 2011-09-07T21:35:17+08:00 ] SQL: INSERT INTO `leaf_category` (`parent_id`,`order_id`,`category_title`,`content`,`level`) VALUES ('0','1','测试测试','测试<br />',1) [ RunTime:0.000156s ]
[ 2011-09-07T21:35:19+08:00 ] SQL: SHOW COLUMNS FROM `leaf_category` [ RunTime:0.000608s ]
[ 2011-09-07T21:35:19+08:00 ] SQL: SELECT * FROM `leaf_category` WHERE parent_id=0 [ RunTime:0.000280s ]
[ 2011-09-07T21:35:19+08:00 ] SQL: SHOW COLUMNS FROM `leaf_item` [ RunTime:0.000530s ]
[ 2011-09-07T21:35:19+08:00 ] SQL: SELECT COUNT(*) AS tp_count FROM `leaf_item` WHERE category_id=1 LIMIT 1  [ RunTime:0.000120s ]
[ 2011-09-07T21:35:19+08:00 ] SQL: SHOW COLUMNS FROM `leaf_category` [ RunTime:0.000484s ]
[ 2011-09-07T21:35:19+08:00 ] SQL: SELECT * FROM `leaf_category` WHERE parent_id=1 [ RunTime:0.000246s ]
[ 2011-09-07T21:35:19+08:00 ] SQL: SHOW COLUMNS FROM `leaf_category` [ RunTime:0.000494s ]
[ 2011-09-07T21:35:19+08:00 ] SQL: SELECT * FROM `leaf_category` WHERE parent_id=4 [ RunTime:0.000238s ]
[ 2011-09-07T21:35:19+08:00 ] SQL: SHOW COLUMNS FROM `leaf_category` [ RunTime:0.000496s ]
[ 2011-09-07T21:35:19+08:00 ] SQL: SELECT * FROM `leaf_category` WHERE parent_id=5 [ RunTime:0.000240s ]
[ 2011-09-07T21:35:19+08:00 ] SQL: SHOW COLUMNS FROM `leaf_category` [ RunTime:0.000383s ]
[ 2011-09-07T21:35:19+08:00 ] SQL: SELECT * FROM `leaf_category` WHERE parent_id=6 [ RunTime:0.000135s ]
[ 2011-09-07T21:35:19+08:00 ] SQL: SHOW COLUMNS FROM `leaf_item` [ RunTime:0.000425s ]
[ 2011-09-07T21:35:19+08:00 ] SQL: SELECT COUNT(*) AS tp_count FROM `leaf_item` WHERE category_id=2 LIMIT 1  [ RunTime:0.000052s ]
[ 2011-09-07T21:35:19+08:00 ] SQL: SHOW COLUMNS FROM `leaf_category` [ RunTime:0.000373s ]
[ 2011-09-07T21:35:19+08:00 ] SQL: SELECT * FROM `leaf_category` WHERE parent_id=2 [ RunTime:0.000142s ]
[ 2011-09-07T21:35:19+08:00 ] SQL: SHOW COLUMNS FROM `leaf_category` [ RunTime:0.000370s ]
[ 2011-09-07T21:35:19+08:00 ] SQL: SELECT * FROM `leaf_category` WHERE parent_id=7 [ RunTime:0.000132s ]
[ 2011-09-07T21:35:19+08:00 ] SQL: SHOW COLUMNS FROM `leaf_category` [ RunTime:0.000367s ]
[ 2011-09-07T21:35:19+08:00 ] SQL: SELECT * FROM `leaf_category` WHERE parent_id=8 [ RunTime:0.000136s ]
[ 2011-09-07T21:35:19+08:00 ] SQL: SHOW COLUMNS FROM `leaf_item` [ RunTime:0.000473s ]
[ 2011-09-07T21:35:19+08:00 ] SQL: SELECT COUNT(*) AS tp_count FROM `leaf_item` WHERE category_id=3 LIMIT 1  [ RunTime:0.000049s ]
[ 2011-09-07T21:35:19+08:00 ] SQL: SHOW COLUMNS FROM `leaf_category` [ RunTime:0.000385s ]
[ 2011-09-07T21:35:19+08:00 ] SQL: SELECT * FROM `leaf_category` WHERE parent_id=3 [ RunTime:0.000144s ]
[ 2011-09-07T21:35:19+08:00 ] SQL: SHOW COLUMNS FROM `leaf_category` [ RunTime:0.000379s ]
[ 2011-09-07T21:35:19+08:00 ] SQL: SELECT * FROM `leaf_category` WHERE parent_id=31 [ RunTime:0.000141s ]
[ 2011-09-07T21:35:19+08:00 ] SQL: SHOW COLUMNS FROM `leaf_category` [ RunTime:0.000374s ]
[ 2011-09-07T21:35:19+08:00 ] SQL: SELECT * FROM `leaf_category` WHERE parent_id=32 [ RunTime:0.000148s ]
[ 2011-09-07T21:35:19+08:00 ] SQL: SHOW COLUMNS FROM `leaf_category` [ RunTime:0.000391s ]
[ 2011-09-07T21:35:19+08:00 ] SQL: SELECT * FROM `leaf_category` WHERE parent_id=34 [ RunTime:0.000159s ]
[ 2011-09-07T21:35:19+08:00 ] SQL: SHOW COLUMNS FROM `leaf_item` [ RunTime:0.000429s ]
[ 2011-09-07T21:35:19+08:00 ] SQL: SELECT COUNT(*) AS tp_count FROM `leaf_item` WHERE category_id=35 LIMIT 1  [ RunTime:0.000164s ]
[ 2011-09-07T21:35:19+08:00 ] SQL: SHOW COLUMNS FROM `leaf_category` [ RunTime:0.000381s ]
[ 2011-09-07T21:35:19+08:00 ] SQL: SELECT * FROM `leaf_category` WHERE parent_id=35 [ RunTime:0.000134s ]
