[ 2011-09-13T10:07:34+08:00 ] SQL: SHOW COLUMNS FROM `leaf_item` [ RunTime:0.000665s ]
[ 2011-09-13T10:07:34+08:00 ] SQL: SELECT COUNT(*) AS tp_count FROM `leaf_item` LIMIT 1  [ RunTime:0.000208s ]
[ 2011-09-13T10:07:34+08:00 ] SQL: SELECT * FROM `leaf_item` ORDER BY item_id DESC LIMIT 0,10  [ RunTime:0.005930s ]
[ 2011-09-13T10:07:34+08:00 ] SQL: SHOW COLUMNS FROM `leaf_category` [ RunTime:0.000795s ]
[ 2011-09-13T10:07:34+08:00 ] SQL: SELECT * FROM `leaf_category` WHERE category_id=7 LIMIT 1  [ RunTime:0.004587s ]
[ 2011-09-13T10:07:34+08:00 ] SQL: SHOW COLUMNS FROM `leaf_category` [ RunTime:0.000464s ]
[ 2011-09-13T10:07:34+08:00 ] SQL: SELECT * FROM `leaf_category` WHERE category_id=5 LIMIT 1  [ RunTime:0.000238s ]
[ 2011-09-13T10:07:35+08:00 ] SQL: SHOW COLUMNS FROM `leaf_category` [ RunTime:0.000729s ]
[ 2011-09-13T10:07:35+08:00 ] SQL: SELECT *,concat(level,'-',category_id) as tree FROM `leaf_category` ORDER BY tree [ RunTime:0.000243s ]
[ 2011-09-13T10:07:37+08:00 ] SQL: SHOW COLUMNS FROM `leaf_category` [ RunTime:0.000526s ]
[ 2011-09-13T10:07:37+08:00 ] SQL: SELECT *,concat(level,'-',category_id) as tree FROM `leaf_category` ORDER BY tree [ RunTime:0.000061s ]
[ 2011-09-13T10:07:37+08:00 ] SQL: SHOW COLUMNS FROM `leaf_item` [ RunTime:0.000423s ]
[ 2011-09-13T10:07:37+08:00 ] SQL: SELECT COUNT(*) AS tp_count FROM `leaf_item` WHERE category_id=1 LIMIT 1  [ RunTime:0.000166s ]
[ 2011-09-13T10:07:37+08:00 ] SQL: SHOW COLUMNS FROM `leaf_item` [ RunTime:0.000420s ]
[ 2011-09-13T10:07:37+08:00 ] SQL: SELECT COUNT(*) AS tp_count FROM `leaf_item` WHERE category_id=4 LIMIT 1  [ RunTime:0.000194s ]
[ 2011-09-13T10:07:37+08:00 ] SQL: SHOW COLUMNS FROM `leaf_item` [ RunTime:0.000418s ]
[ 2011-09-13T10:07:37+08:00 ] SQL: SELECT COUNT(*) AS tp_count FROM `leaf_item` WHERE category_id=5 LIMIT 1  [ RunTime:0.000123s ]
[ 2011-09-13T10:07:37+08:00 ] SQL: SHOW COLUMNS FROM `leaf_item` [ RunTime:0.000412s ]
[ 2011-09-13T10:07:37+08:00 ] SQL: SELECT COUNT(*) AS tp_count FROM `leaf_item` WHERE category_id=6 LIMIT 1  [ RunTime:0.000122s ]
[ 2011-09-13T10:07:37+08:00 ] SQL: SHOW COLUMNS FROM `leaf_item` [ RunTime:0.000421s ]
[ 2011-09-13T10:07:37+08:00 ] SQL: SELECT COUNT(*) AS tp_count FROM `leaf_item` WHERE category_id=7 LIMIT 1  [ RunTime:0.000206s ]
[ 2011-09-13T10:07:39+08:00 ] SQL: SHOW COLUMNS FROM `leaf_category` [ RunTime:0.000797s ]
[ 2011-09-13T10:07:39+08:00 ] SQL: SELECT *,concat(level,'-',category_id) as tree FROM `leaf_category` ORDER BY tree [ RunTime:0.000081s ]
[ 2011-09-13T10:07:44+08:00 ] SQL: SHOW COLUMNS FROM `leaf_category` [ RunTime:0.000755s ]
[ 2011-09-13T10:07:44+08:00 ] SQL: SELECT *,concat(level,'-',category_id) as tree FROM `leaf_category` ORDER BY tree [ RunTime:0.000073s ]
[ 2011-09-13T10:07:51+08:00 ] SQL: SHOW COLUMNS FROM `leaf_item` [ RunTime:0.000579s ]
[ 2011-09-13T10:07:51+08:00 ] SQL: SELECT COUNT(*) AS tp_count FROM `leaf_item` LIMIT 1  [ RunTime:0.000056s ]
[ 2011-09-13T10:07:51+08:00 ] SQL: SELECT * FROM `leaf_item` ORDER BY item_id DESC LIMIT 0,10  [ RunTime:0.000064s ]
[ 2011-09-13T10:07:51+08:00 ] SQL: SHOW COLUMNS FROM `leaf_category` [ RunTime:0.000435s ]
[ 2011-09-13T10:07:51+08:00 ] SQL: SELECT * FROM `leaf_category` WHERE category_id=7 LIMIT 1  [ RunTime:0.000058s ]
[ 2011-09-13T10:07:51+08:00 ] SQL: SHOW COLUMNS FROM `leaf_category` [ RunTime:0.000487s ]
[ 2011-09-13T10:07:51+08:00 ] SQL: SELECT * FROM `leaf_category` WHERE category_id=5 LIMIT 1  [ RunTime:0.000057s ]
[ 2011-09-13T10:07:54+08:00 ] SQL: SHOW COLUMNS FROM `leaf_category` [ RunTime:0.000514s ]
[ 2011-09-13T10:07:54+08:00 ] SQL: SELECT *,concat(level,'-',category_id) as tree FROM `leaf_category` ORDER BY tree [ RunTime:0.000062s ]
[ 2011-09-13T10:07:54+08:00 ] SQL: SHOW COLUMNS FROM `leaf_item` [ RunTime:0.000423s ]
[ 2011-09-13T10:07:54+08:00 ] SQL: SELECT COUNT(*) AS tp_count FROM `leaf_item` WHERE category_id=1 LIMIT 1  [ RunTime:0.000054s ]
[ 2011-09-13T10:07:54+08:00 ] SQL: SHOW COLUMNS FROM `leaf_item` [ RunTime:0.000704s ]
[ 2011-09-13T10:07:54+08:00 ] SQL: SELECT COUNT(*) AS tp_count FROM `leaf_item` WHERE category_id=4 LIMIT 1  [ RunTime:0.000053s ]
[ 2011-09-13T10:07:54+08:00 ] SQL: SHOW COLUMNS FROM `leaf_item` [ RunTime:0.000450s ]
[ 2011-09-13T10:07:54+08:00 ] SQL: SELECT COUNT(*) AS tp_count FROM `leaf_item` WHERE category_id=5 LIMIT 1  [ RunTime:0.000052s ]
[ 2011-09-13T10:07:54+08:00 ] SQL: SHOW COLUMNS FROM `leaf_item` [ RunTime:0.000417s ]
[ 2011-09-13T10:07:54+08:00 ] SQL: SELECT COUNT(*) AS tp_count FROM `leaf_item` WHERE category_id=6 LIMIT 1  [ RunTime:0.000053s ]
[ 2011-09-13T10:07:54+08:00 ] SQL: SHOW COLUMNS FROM `leaf_item` [ RunTime:0.000414s ]
[ 2011-09-13T10:07:54+08:00 ] SQL: SELECT COUNT(*) AS tp_count FROM `leaf_item` WHERE category_id=7 LIMIT 1  [ RunTime:0.000050s ]
[ 2011-09-13T10:08:03+08:00 ] SQL: SHOW COLUMNS FROM `leaf_category` [ RunTime:0.000762s ]
[ 2011-09-13T10:08:03+08:00 ] SQL: SELECT *,concat(level,'-',category_id) as tree FROM `leaf_category` ORDER BY tree [ RunTime:0.000074s ]
[ 2011-09-13T10:08:06+08:00 ] SQL: SHOW COLUMNS FROM `leaf_category` [ RunTime:0.000554s ]
[ 2011-09-13T10:08:06+08:00 ] SQL: SELECT *,concat(level,'-',category_id) as tree FROM `leaf_category` ORDER BY tree [ RunTime:0.000587s ]
[ 2011-09-13T10:08:06+08:00 ] SQL: SHOW COLUMNS FROM `leaf_item` [ RunTime:0.000533s ]
[ 2011-09-13T10:08:06+08:00 ] SQL: SELECT COUNT(*) AS tp_count FROM `leaf_item` WHERE category_id=1 LIMIT 1  [ RunTime:0.000055s ]
[ 2011-09-13T10:08:06+08:00 ] SQL: SHOW COLUMNS FROM `leaf_item` [ RunTime:0.000429s ]
[ 2011-09-13T10:08:06+08:00 ] SQL: SELECT COUNT(*) AS tp_count FROM `leaf_item` WHERE category_id=4 LIMIT 1  [ RunTime:0.000054s ]
[ 2011-09-13T10:08:06+08:00 ] SQL: SHOW COLUMNS FROM `leaf_item` [ RunTime:0.000411s ]
[ 2011-09-13T10:08:06+08:00 ] SQL: SELECT COUNT(*) AS tp_count FROM `leaf_item` WHERE category_id=5 LIMIT 1  [ RunTime:0.000117s ]
[ 2011-09-13T10:08:06+08:00 ] SQL: SHOW COLUMNS FROM `leaf_item` [ RunTime:0.000506s ]
[ 2011-09-13T10:08:06+08:00 ] SQL: SELECT COUNT(*) AS tp_count FROM `leaf_item` WHERE category_id=6 LIMIT 1  [ RunTime:0.000117s ]
[ 2011-09-13T10:08:06+08:00 ] SQL: SHOW COLUMNS FROM `leaf_item` [ RunTime:0.000508s ]
[ 2011-09-13T10:08:06+08:00 ] SQL: SELECT COUNT(*) AS tp_count FROM `leaf_item` WHERE category_id=7 LIMIT 1  [ RunTime:0.000116s ]
[ 2011-09-13T10:08:07+08:00 ] SQL: SHOW COLUMNS FROM `leaf_category` [ RunTime:0.000769s ]
[ 2011-09-13T10:08:07+08:00 ] SQL: SELECT *,concat(level,'-',category_id) as tree FROM `leaf_category` ORDER BY tree [ RunTime:0.000073s ]
[ 2011-09-13T10:08:07+08:00 ] SQL: SHOW COLUMNS FROM `leaf_item` [ RunTime:0.000689s ]
[ 2011-09-13T10:08:07+08:00 ] SQL: SELECT COUNT(*) AS tp_count FROM `leaf_item` WHERE category_id=1 LIMIT 1  [ RunTime:0.000059s ]
[ 2011-09-13T10:08:07+08:00 ] SQL: SHOW COLUMNS FROM `leaf_item` [ RunTime:0.000612s ]
[ 2011-09-13T10:08:07+08:00 ] SQL: SELECT COUNT(*) AS tp_count FROM `leaf_item` WHERE category_id=4 LIMIT 1  [ RunTime:0.000057s ]
[ 2011-09-13T10:08:07+08:00 ] SQL: SHOW COLUMNS FROM `leaf_item` [ RunTime:0.000606s ]
[ 2011-09-13T10:08:07+08:00 ] SQL: SELECT COUNT(*) AS tp_count FROM `leaf_item` WHERE category_id=5 LIMIT 1  [ RunTime:0.000057s ]
[ 2011-09-13T10:08:07+08:00 ] SQL: SHOW COLUMNS FROM `leaf_item` [ RunTime:0.000610s ]
[ 2011-09-13T10:08:07+08:00 ] SQL: SELECT COUNT(*) AS tp_count FROM `leaf_item` WHERE category_id=6 LIMIT 1  [ RunTime:0.000057s ]
[ 2011-09-13T10:08:07+08:00 ] SQL: SHOW COLUMNS FROM `leaf_item` [ RunTime:0.000607s ]
[ 2011-09-13T10:08:07+08:00 ] SQL: SELECT COUNT(*) AS tp_count FROM `leaf_item` WHERE category_id=7 LIMIT 1  [ RunTime:0.000056s ]
[ 2011-09-13T10:08:12+08:00 ] NOTIC: [2] Missing argument 1 for CategoryAction::delete() CategoryAction.class.php 第 109 行.
[ 2011-09-13T10:08:12+08:00 ] SQL: SHOW COLUMNS FROM `leaf_category` [ RunTime:0.000790s ]
[ 2011-09-13T10:08:12+08:00 ] SQL: SHOW COLUMNS FROM `leaf_category` [ RunTime:0.000609s ]
[ 2011-09-13T10:08:12+08:00 ] SQL: SELECT COUNT(*) AS tp_count FROM `leaf_category` WHERE parent_id=6 LIMIT 1  [ RunTime:0.000205s ]
[ 2011-09-13T10:08:14+08:00 ] SQL: SHOW COLUMNS FROM `leaf_category` [ RunTime:0.000726s ]
[ 2011-09-13T10:08:14+08:00 ] SQL: SELECT *,concat(level,'-',category_id) as tree FROM `leaf_category` ORDER BY tree [ RunTime:0.000068s ]
[ 2011-09-13T10:08:14+08:00 ] SQL: SHOW COLUMNS FROM `leaf_item` [ RunTime:0.000619s ]
[ 2011-09-13T10:08:14+08:00 ] SQL: SELECT COUNT(*) AS tp_count FROM `leaf_item` WHERE category_id=1 LIMIT 1  [ RunTime:0.000058s ]
[ 2011-09-13T10:08:14+08:00 ] SQL: SHOW COLUMNS FROM `leaf_item` [ RunTime:0.000613s ]
[ 2011-09-13T10:08:14+08:00 ] SQL: SELECT COUNT(*) AS tp_count FROM `leaf_item` WHERE category_id=4 LIMIT 1  [ RunTime:0.000057s ]
[ 2011-09-13T10:08:14+08:00 ] SQL: SHOW COLUMNS FROM `leaf_item` [ RunTime:0.000627s ]
[ 2011-09-13T10:08:14+08:00 ] SQL: SELECT COUNT(*) AS tp_count FROM `leaf_item` WHERE category_id=5 LIMIT 1  [ RunTime:0.000057s ]
[ 2011-09-13T10:08:14+08:00 ] SQL: SHOW COLUMNS FROM `leaf_item` [ RunTime:0.000607s ]
[ 2011-09-13T10:08:14+08:00 ] SQL: SELECT COUNT(*) AS tp_count FROM `leaf_item` WHERE category_id=6 LIMIT 1  [ RunTime:0.000056s ]
[ 2011-09-13T10:08:14+08:00 ] SQL: SHOW COLUMNS FROM `leaf_item` [ RunTime:0.000609s ]
[ 2011-09-13T10:08:14+08:00 ] SQL: SELECT COUNT(*) AS tp_count FROM `leaf_item` WHERE category_id=7 LIMIT 1  [ RunTime:0.000056s ]
[ 2011-09-13T10:22:35+08:00 ] SQL: SHOW COLUMNS FROM `leaf_item` [ RunTime:0.000821s ]
[ 2011-09-13T10:22:35+08:00 ] SQL: SELECT COUNT(*) AS tp_count FROM `leaf_item` LIMIT 1  [ RunTime:0.000063s ]
[ 2011-09-13T10:22:35+08:00 ] SQL: SELECT * FROM `leaf_item` ORDER BY item_id DESC LIMIT 0,10  [ RunTime:0.000082s ]
[ 2011-09-13T10:22:35+08:00 ] SQL: SHOW COLUMNS FROM `leaf_category` [ RunTime:0.000744s ]
[ 2011-09-13T10:22:35+08:00 ] SQL: SELECT * FROM `leaf_category` WHERE category_id=7 LIMIT 1  [ RunTime:0.000094s ]
[ 2011-09-13T10:22:35+08:00 ] SQL: SHOW COLUMNS FROM `leaf_category` [ RunTime:0.000536s ]
[ 2011-09-13T10:22:35+08:00 ] SQL: SELECT * FROM `leaf_category` WHERE category_id=5 LIMIT 1  [ RunTime:0.000059s ]
[ 2011-09-13T10:22:37+08:00 ] NOTIC: [2] Missing argument 1 for ItemAction::edit() ItemAction.class.php 第 63 行.
[ 2011-09-13T10:22:37+08:00 ] SQL: SHOW COLUMNS FROM `leaf_item` [ RunTime:0.000593s ]
[ 2011-09-13T10:22:37+08:00 ] SQL: SELECT * FROM `leaf_item` WHERE item_id=2 LIMIT 1  [ RunTime:0.000063s ]
[ 2011-09-13T10:22:37+08:00 ] SQL: SHOW COLUMNS FROM `leaf_category` [ RunTime:0.000386s ]
[ 2011-09-13T10:22:37+08:00 ] SQL: SELECT * FROM `leaf_category` ORDER BY level,category_id [ RunTime:0.000057s ]
[ 2011-09-13T10:22:37+08:00 ] SQL: SHOW COLUMNS FROM `leaf_category` [ RunTime:0.000368s ]
[ 2011-09-13T10:22:37+08:00 ] SQL: SELECT * FROM `leaf_category` WHERE category_id=7 LIMIT 1  [ RunTime:0.000056s ]
[ 2011-09-13T10:22:58+08:00 ] SQL: SHOW COLUMNS FROM `leaf_category` [ RunTime:0.000750s ]
[ 2011-09-13T10:22:58+08:00 ] SQL: SELECT *,concat(level,'-',category_id) as tree FROM `leaf_category` ORDER BY tree [ RunTime:0.000075s ]
[ 2011-09-13T10:22:58+08:00 ] SQL: SHOW COLUMNS FROM `leaf_item` [ RunTime:0.000822s ]
[ 2011-09-13T10:22:58+08:00 ] SQL: SELECT COUNT(*) AS tp_count FROM `leaf_item` WHERE category_id=1 LIMIT 1  [ RunTime:0.000062s ]
[ 2011-09-13T10:22:58+08:00 ] SQL: SHOW COLUMNS FROM `leaf_item` [ RunTime:0.000840s ]
[ 2011-09-13T10:22:58+08:00 ] SQL: SELECT COUNT(*) AS tp_count FROM `leaf_item` WHERE category_id=4 LIMIT 1  [ RunTime:0.000065s ]
[ 2011-09-13T10:22:58+08:00 ] SQL: SHOW COLUMNS FROM `leaf_item` [ RunTime:0.000710s ]
[ 2011-09-13T10:22:58+08:00 ] SQL: SELECT COUNT(*) AS tp_count FROM `leaf_item` WHERE category_id=5 LIMIT 1  [ RunTime:0.000060s ]
[ 2011-09-13T10:22:58+08:00 ] SQL: SHOW COLUMNS FROM `leaf_item` [ RunTime:0.000741s ]
[ 2011-09-13T10:22:58+08:00 ] SQL: SELECT COUNT(*) AS tp_count FROM `leaf_item` WHERE category_id=6 LIMIT 1  [ RunTime:0.000060s ]
[ 2011-09-13T10:22:58+08:00 ] SQL: SHOW COLUMNS FROM `leaf_item` [ RunTime:0.000701s ]
[ 2011-09-13T10:22:58+08:00 ] SQL: SELECT COUNT(*) AS tp_count FROM `leaf_item` WHERE category_id=7 LIMIT 1  [ RunTime:0.000073s ]
[ 2011-09-13T10:22:59+08:00 ] SQL: SHOW COLUMNS FROM `leaf_item` [ RunTime:0.000779s ]
[ 2011-09-13T10:22:59+08:00 ] SQL: SELECT COUNT(*) AS tp_count FROM `leaf_item` LIMIT 1  [ RunTime:0.000071s ]
[ 2011-09-13T10:22:59+08:00 ] SQL: SELECT * FROM `leaf_item` ORDER BY item_id DESC LIMIT 0,10  [ RunTime:0.000079s ]
[ 2011-09-13T10:22:59+08:00 ] SQL: SHOW COLUMNS FROM `leaf_category` [ RunTime:0.000489s ]
[ 2011-09-13T10:22:59+08:00 ] SQL: SELECT * FROM `leaf_category` WHERE category_id=7 LIMIT 1  [ RunTime:0.000085s ]
[ 2011-09-13T10:22:59+08:00 ] SQL: SHOW COLUMNS FROM `leaf_category` [ RunTime:0.000408s ]
[ 2011-09-13T10:22:59+08:00 ] SQL: SELECT * FROM `leaf_category` WHERE category_id=5 LIMIT 1  [ RunTime:0.000084s ]
[ 2011-09-13T10:23:01+08:00 ] NOTIC: [2] Missing argument 1 for ItemAction::edit() ItemAction.class.php 第 63 行.
[ 2011-09-13T10:23:01+08:00 ] SQL: SHOW COLUMNS FROM `leaf_item` [ RunTime:0.001464s ]
[ 2011-09-13T10:23:01+08:00 ] SQL: SELECT * FROM `leaf_item` WHERE item_id=2 LIMIT 1  [ RunTime:0.000131s ]
[ 2011-09-13T10:23:01+08:00 ] SQL: SHOW COLUMNS FROM `leaf_category` [ RunTime:0.001190s ]
[ 2011-09-13T10:23:01+08:00 ] SQL: SELECT *,concat(level,'-',category_id) as tree FROM `leaf_category` ORDER BY tree [ RunTime:0.000126s ]
[ 2011-09-13T10:23:01+08:00 ] SQL: SHOW COLUMNS FROM `leaf_category` [ RunTime:0.001101s ]
[ 2011-09-13T10:23:01+08:00 ] SQL: SELECT * FROM `leaf_category` WHERE category_id=7 LIMIT 1  [ RunTime:0.000123s ]
[ 2011-09-13T10:29:24+08:00 ] SQL: SHOW COLUMNS FROM `leaf_item` [ RunTime:0.000578s ]
[ 2011-09-13T10:29:24+08:00 ] SQL: SELECT COUNT(*) AS tp_count FROM `leaf_item` LIMIT 1  [ RunTime:0.000060s ]
[ 2011-09-13T10:29:24+08:00 ] SQL: SELECT * FROM `leaf_item` ORDER BY item_id DESC LIMIT 0,10  [ RunTime:0.000064s ]
[ 2011-09-13T10:29:24+08:00 ] SQL: SHOW COLUMNS FROM `leaf_category` [ RunTime:0.000393s ]
[ 2011-09-13T10:29:24+08:00 ] SQL: SELECT * FROM `leaf_category` WHERE category_id=7 LIMIT 1  [ RunTime:0.000129s ]
[ 2011-09-13T10:29:24+08:00 ] SQL: SHOW COLUMNS FROM `leaf_category` [ RunTime:0.000379s ]
[ 2011-09-13T10:29:24+08:00 ] SQL: SELECT * FROM `leaf_category` WHERE category_id=5 LIMIT 1  [ RunTime:0.000054s ]
[ 2011-09-13T10:29:25+08:00 ] NOTIC: [2] Missing argument 1 for ItemAction::edit() ItemAction.class.php 第 63 行.
[ 2011-09-13T10:29:25+08:00 ] SQL: SHOW COLUMNS FROM `leaf_item` [ RunTime:0.001167s ]
[ 2011-09-13T10:29:25+08:00 ] SQL: SELECT * FROM `leaf_item` WHERE item_id=2 LIMIT 1  [ RunTime:0.000138s ]
[ 2011-09-13T10:29:25+08:00 ] SQL: SHOW COLUMNS FROM `leaf_category` [ RunTime:0.000469s ]
[ 2011-09-13T10:29:25+08:00 ] SQL: SELECT *,concat(level,'-',category_id) as tree FROM `leaf_category` ORDER BY tree [ RunTime:0.000137s ]
[ 2011-09-13T10:29:25+08:00 ] SQL: SHOW COLUMNS FROM `leaf_category` [ RunTime:0.000461s ]
[ 2011-09-13T10:29:25+08:00 ] SQL: SELECT * FROM `leaf_category` WHERE category_id=7 LIMIT 1  [ RunTime:0.000130s ]
[ 2011-09-13T10:29:45+08:00 ] SQL: SHOW COLUMNS FROM `leaf_category` [ RunTime:0.000531s ]
[ 2011-09-13T10:29:45+08:00 ] SQL: SELECT *,concat(level,'-',category_id) as tree FROM `leaf_category` ORDER BY tree [ RunTime:0.000062s ]
[ 2011-09-13T10:29:46+08:00 ] SQL: SHOW COLUMNS FROM `leaf_item` [ RunTime:0.000722s ]
[ 2011-09-13T10:29:46+08:00 ] SQL: SELECT COUNT(*) AS tp_count FROM `leaf_item` LIMIT 1  [ RunTime:0.000062s ]
[ 2011-09-13T10:29:46+08:00 ] SQL: SELECT * FROM `leaf_item` ORDER BY item_id DESC LIMIT 0,10  [ RunTime:0.000069s ]
[ 2011-09-13T10:29:46+08:00 ] SQL: SHOW COLUMNS FROM `leaf_category` [ RunTime:0.000540s ]
[ 2011-09-13T10:29:46+08:00 ] SQL: SELECT * FROM `leaf_category` WHERE category_id=7 LIMIT 1  [ RunTime:0.000118s ]
[ 2011-09-13T10:29:46+08:00 ] SQL: SHOW COLUMNS FROM `leaf_category` [ RunTime:0.000549s ]
[ 2011-09-13T10:29:46+08:00 ] SQL: SELECT * FROM `leaf_category` WHERE category_id=5 LIMIT 1  [ RunTime:0.000073s ]
[ 2011-09-13T10:29:49+08:00 ] SQL: SHOW COLUMNS FROM `leaf_item` [ RunTime:0.000901s ]
[ 2011-09-13T10:29:49+08:00 ] SQL: SELECT * FROM `leaf_item` WHERE item_id=2 LIMIT 1  [ RunTime:0.000083s ]
[ 2011-09-13T10:29:49+08:00 ] SQL: SHOW COLUMNS FROM `leaf_category` [ RunTime:0.000435s ]
[ 2011-09-13T10:29:49+08:00 ] SQL: SELECT *,concat(level,'-',category_id) as tree FROM `leaf_category` ORDER BY tree [ RunTime:0.000063s ]
[ 2011-09-13T10:29:49+08:00 ] SQL: SHOW COLUMNS FROM `leaf_category` [ RunTime:0.000371s ]
[ 2011-09-13T10:29:49+08:00 ] SQL: SELECT * FROM `leaf_category` WHERE category_id=7 LIMIT 1  [ RunTime:0.000058s ]
[ 2011-09-13T10:30:10+08:00 ] SQL: SHOW COLUMNS FROM `leaf_item` [ RunTime:0.000580s ]
[ 2011-09-13T10:30:10+08:00 ] SQL: UPDATE `leaf_item` SET `category_id`='7',`order_id`='1',`item_title`='Smarty3.1RC正式发布了，哈哈',`author`='fasdf',`publish_time`=1315881010,`keywords`='dfasd',`content`='fdsafas<br />' WHERE ( `item_id` = '2' ) [ RunTime:0.000268s ]
[ 2011-09-13T10:30:12+08:00 ] SQL: SHOW COLUMNS FROM `leaf_item` [ RunTime:0.001178s ]
[ 2011-09-13T10:30:12+08:00 ] SQL: SELECT COUNT(*) AS tp_count FROM `leaf_item` LIMIT 1  [ RunTime:0.000265s ]
[ 2011-09-13T10:30:12+08:00 ] SQL: SELECT * FROM `leaf_item` ORDER BY item_id DESC LIMIT 0,10  [ RunTime:0.000403s ]
[ 2011-09-13T10:30:12+08:00 ] SQL: SHOW COLUMNS FROM `leaf_category` [ RunTime:0.000976s ]
[ 2011-09-13T10:30:12+08:00 ] SQL: SELECT * FROM `leaf_category` WHERE category_id=7 LIMIT 1  [ RunTime:0.000137s ]
[ 2011-09-13T10:30:12+08:00 ] SQL: SHOW COLUMNS FROM `leaf_category` [ RunTime:0.000740s ]
[ 2011-09-13T10:30:12+08:00 ] SQL: SELECT * FROM `leaf_category` WHERE category_id=5 LIMIT 1  [ RunTime:0.000105s ]
[ 2011-09-13T10:56:10+08:00 ] SQL: SHOW COLUMNS FROM `leaf_item` [ RunTime:0.000692s ]
[ 2011-09-13T10:56:10+08:00 ] SQL: SELECT COUNT(*) AS tp_count FROM `leaf_item` LIMIT 1  [ RunTime:0.000090s ]
[ 2011-09-13T10:56:10+08:00 ] SQL: SELECT * FROM `leaf_item` ORDER BY item_id DESC LIMIT 0,10  [ RunTime:0.000110s ]
[ 2011-09-13T10:56:10+08:00 ] SQL: SHOW COLUMNS FROM `leaf_category` [ RunTime:0.000580s ]
[ 2011-09-13T10:56:10+08:00 ] SQL: SELECT * FROM `leaf_category` WHERE category_id=7 LIMIT 1  [ RunTime:0.000092s ]
[ 2011-09-13T10:56:10+08:00 ] SQL: SHOW COLUMNS FROM `leaf_category` [ RunTime:0.000458s ]
[ 2011-09-13T10:56:10+08:00 ] SQL: SELECT * FROM `leaf_category` WHERE category_id=5 LIMIT 1  [ RunTime:0.000049s ]
[ 2011-09-13T10:56:18+08:00 ] SQL: SHOW COLUMNS FROM `leaf_item` [ RunTime:0.000735s ]
[ 2011-09-13T10:56:18+08:00 ] SQL: SELECT COUNT(*) AS tp_count FROM `leaf_item` LIMIT 1  [ RunTime:0.000054s ]
[ 2011-09-13T10:56:18+08:00 ] SQL: SELECT * FROM `leaf_item` ORDER BY item_id DESC LIMIT 0,10  [ RunTime:0.000064s ]
[ 2011-09-13T10:56:18+08:00 ] SQL: SHOW COLUMNS FROM `leaf_category` [ RunTime:0.001065s ]
[ 2011-09-13T10:56:18+08:00 ] SQL: SELECT * FROM `leaf_category` WHERE category_id=7 LIMIT 1  [ RunTime:0.000130s ]
[ 2011-09-13T10:56:18+08:00 ] SQL: SHOW COLUMNS FROM `leaf_category` [ RunTime:0.000918s ]
[ 2011-09-13T10:56:18+08:00 ] SQL: SELECT * FROM `leaf_category` WHERE category_id=5 LIMIT 1  [ RunTime:0.000127s ]
[ 2011-09-13T10:56:19+08:00 ] SQL: SHOW COLUMNS FROM `leaf_category` [ RunTime:0.000619s ]
[ 2011-09-13T10:56:19+08:00 ] SQL: SELECT *,concat(level,'-',category_id) as tree FROM `leaf_category` ORDER BY tree [ RunTime:0.000104s ]
[ 2011-09-13T10:56:39+08:00 ] ERR: (ThinkException) 无法加载模块L
[ 2011-09-13T10:56:49+08:00 ] ERR: (ThinkException) 无法加载模块L
[ 2011-09-13T11:04:59+08:00 ] ERR: (ThinkException) 非法操作l
[ 2011-09-13T11:06:08+08:00 ] NOTIC: [8] session_start() [<a href='function.session-start'>function.session-start</a>]: ps_files_cleanup_dir: opendir(/var/lib/php5) failed: Permission denied (13) ~runtime.php 第 2 行.
[ 2011-09-13T11:08:58+08:00 ] SQL: SHOW COLUMNS FROM `leaf_item` [ RunTime:0.000655s ]
[ 2011-09-13T11:08:58+08:00 ] SQL: SELECT COUNT(*) AS tp_count FROM `leaf_item` LIMIT 1  [ RunTime:0.000111s ]
[ 2011-09-13T11:08:58+08:00 ] SQL: SELECT * FROM `leaf_item` ORDER BY item_id DESC LIMIT 0,10  [ RunTime:0.000143s ]
[ 2011-09-13T11:08:58+08:00 ] SQL: SHOW COLUMNS FROM `leaf_category` [ RunTime:0.000699s ]
[ 2011-09-13T11:08:58+08:00 ] SQL: SELECT * FROM `leaf_category` WHERE category_id=7 LIMIT 1  [ RunTime:0.000131s ]
[ 2011-09-13T11:08:58+08:00 ] SQL: SHOW COLUMNS FROM `leaf_category` [ RunTime:0.000697s ]
[ 2011-09-13T11:08:58+08:00 ] SQL: SELECT * FROM `leaf_category` WHERE category_id=5 LIMIT 1  [ RunTime:0.000085s ]
[ 2011-09-13T11:09:19+08:00 ] SQL: SHOW COLUMNS FROM `leaf_item` [ RunTime:0.000857s ]
[ 2011-09-13T11:09:19+08:00 ] SQL: SELECT COUNT(*) AS tp_count FROM `leaf_item` LIMIT 1  [ RunTime:0.000066s ]
[ 2011-09-13T11:09:19+08:00 ] SQL: SELECT * FROM `leaf_item` ORDER BY item_id DESC LIMIT 0,10  [ RunTime:0.000084s ]
[ 2011-09-13T11:09:19+08:00 ] SQL: SHOW COLUMNS FROM `leaf_category` [ RunTime:0.000668s ]
[ 2011-09-13T11:09:19+08:00 ] SQL: SELECT * FROM `leaf_category` WHERE category_id=7 LIMIT 1  [ RunTime:0.000069s ]
[ 2011-09-13T11:09:19+08:00 ] SQL: SHOW COLUMNS FROM `leaf_category` [ RunTime:0.000613s ]
[ 2011-09-13T11:09:19+08:00 ] SQL: SELECT * FROM `leaf_category` WHERE category_id=5 LIMIT 1  [ RunTime:0.000077s ]
[ 2011-09-13T11:29:23+08:00 ] SQL: SHOW COLUMNS FROM `leaf_category` [ RunTime:0.000568s ]
[ 2011-09-13T11:29:23+08:00 ] SQL: SELECT *,concat(level,'-',category_id) as tree FROM `leaf_category` ORDER BY tree [ RunTime:0.000062s ]
[ 2011-09-13T11:30:11+08:00 ] NOTIC: [8] session_start() [<a href='function.session-start'>function.session-start</a>]: ps_files_cleanup_dir: opendir(/var/lib/php5) failed: Permission denied (13) ~runtime.php 第 2 行.
[ 2011-09-13T11:30:13+08:00 ] NOTIC: [8] session_start() [<a href='function.session-start'>function.session-start</a>]: ps_files_cleanup_dir: opendir(/var/lib/php5) failed: Permission denied (13) ~runtime.php 第 2 行.
[ 2011-09-13T11:47:26+08:00 ] SQL: SHOW COLUMNS FROM `leaf_item` [ RunTime:0.000607s ]
[ 2011-09-13T11:47:26+08:00 ] SQL: SELECT COUNT(*) AS tp_count FROM `leaf_item` LIMIT 1  [ RunTime:0.000055s ]
[ 2011-09-13T11:47:26+08:00 ] SQL: SELECT * FROM `leaf_item` ORDER BY item_id DESC LIMIT 0,10  [ RunTime:0.000074s ]
[ 2011-09-13T11:47:26+08:00 ] SQL: SHOW COLUMNS FROM `leaf_category` [ RunTime:0.000496s ]
[ 2011-09-13T11:47:26+08:00 ] SQL: SELECT * FROM `leaf_category` WHERE category_id=7 LIMIT 1  [ RunTime:0.000056s ]
[ 2011-09-13T11:47:26+08:00 ] SQL: SHOW COLUMNS FROM `leaf_category` [ RunTime:0.000421s ]
[ 2011-09-13T11:47:26+08:00 ] SQL: SELECT * FROM `leaf_category` WHERE category_id=5 LIMIT 1  [ RunTime:0.000062s ]
[ 2011-09-13T11:47:26+08:00 ] SQL: SHOW COLUMNS FROM `leaf_category` [ RunTime:0.000540s ]
[ 2011-09-13T11:47:26+08:00 ] SQL: SELECT *,concat(level,'-',category_id) as tree FROM `leaf_category` ORDER BY tree [ RunTime:0.000064s ]
[ 2011-09-13T11:47:27+08:00 ] SQL: SHOW COLUMNS FROM `leaf_category` [ RunTime:0.000684s ]
[ 2011-09-13T11:47:27+08:00 ] SQL: SELECT *,concat(level,'-',category_id) as tree FROM `leaf_category` ORDER BY tree [ RunTime:0.000082s ]
[ 2011-09-13T11:47:27+08:00 ] SQL: SHOW COLUMNS FROM `leaf_item` [ RunTime:0.000793s ]
[ 2011-09-13T11:47:27+08:00 ] SQL: SELECT COUNT(*) AS tp_count FROM `leaf_item` WHERE category_id=1 LIMIT 1  [ RunTime:0.000229s ]
[ 2011-09-13T11:47:27+08:00 ] SQL: SHOW COLUMNS FROM `leaf_item` [ RunTime:0.000549s ]
[ 2011-09-13T11:47:27+08:00 ] SQL: SELECT COUNT(*) AS tp_count FROM `leaf_item` WHERE category_id=4 LIMIT 1  [ RunTime:0.000192s ]
[ 2011-09-13T11:47:27+08:00 ] SQL: SHOW COLUMNS FROM `leaf_item` [ RunTime:0.000512s ]
[ 2011-09-13T11:47:27+08:00 ] SQL: SELECT COUNT(*) AS tp_count FROM `leaf_item` WHERE category_id=5 LIMIT 1  [ RunTime:0.000183s ]
[ 2011-09-13T11:47:27+08:00 ] SQL: SHOW COLUMNS FROM `leaf_item` [ RunTime:0.000513s ]
[ 2011-09-13T11:47:27+08:00 ] SQL: SELECT COUNT(*) AS tp_count FROM `leaf_item` WHERE category_id=6 LIMIT 1  [ RunTime:0.000200s ]
[ 2011-09-13T11:47:27+08:00 ] SQL: SHOW COLUMNS FROM `leaf_item` [ RunTime:0.000502s ]
[ 2011-09-13T11:47:27+08:00 ] SQL: SELECT COUNT(*) AS tp_count FROM `leaf_item` WHERE category_id=7 LIMIT 1  [ RunTime:0.000180s ]
[ 2011-09-13T11:47:28+08:00 ] SQL: SHOW COLUMNS FROM `leaf_category` [ RunTime:0.000549s ]
[ 2011-09-13T11:47:28+08:00 ] SQL: SELECT *,concat(level,'-',category_id) as tree FROM `leaf_category` ORDER BY tree [ RunTime:0.000086s ]
[ 2011-09-13T11:47:29+08:00 ] SQL: SHOW COLUMNS FROM `leaf_category` [ RunTime:0.001034s ]
[ 2011-09-13T11:47:29+08:00 ] SQL: SELECT *,concat(level,'-',category_id) as tree FROM `leaf_category` ORDER BY tree [ RunTime:0.000139s ]
[ 2011-09-13T11:47:29+08:00 ] SQL: SHOW COLUMNS FROM `leaf_item` [ RunTime:0.000615s ]
[ 2011-09-13T11:47:29+08:00 ] SQL: SELECT COUNT(*) AS tp_count FROM `leaf_item` WHERE category_id=1 LIMIT 1  [ RunTime:0.000053s ]
[ 2011-09-13T11:47:29+08:00 ] SQL: SHOW COLUMNS FROM `leaf_item` [ RunTime:0.000422s ]
[ 2011-09-13T11:47:29+08:00 ] SQL: SELECT COUNT(*) AS tp_count FROM `leaf_item` WHERE category_id=4 LIMIT 1  [ RunTime:0.000050s ]
[ 2011-09-13T11:47:29+08:00 ] SQL: SHOW COLUMNS FROM `leaf_item` [ RunTime:0.000416s ]
[ 2011-09-13T11:47:29+08:00 ] SQL: SELECT COUNT(*) AS tp_count FROM `leaf_item` WHERE category_id=5 LIMIT 1  [ RunTime:0.000051s ]
[ 2011-09-13T11:47:29+08:00 ] SQL: SHOW COLUMNS FROM `leaf_item` [ RunTime:0.000425s ]
[ 2011-09-13T11:47:29+08:00 ] SQL: SELECT COUNT(*) AS tp_count FROM `leaf_item` WHERE category_id=6 LIMIT 1  [ RunTime:0.000089s ]
[ 2011-09-13T11:47:29+08:00 ] SQL: SHOW COLUMNS FROM `leaf_item` [ RunTime:0.000998s ]
[ 2011-09-13T11:47:29+08:00 ] SQL: SELECT COUNT(*) AS tp_count FROM `leaf_item` WHERE category_id=7 LIMIT 1  [ RunTime:0.000087s ]
[ 2011-09-13T14:29:24+08:00 ] SQL: SHOW COLUMNS FROM `leaf_category` [ RunTime:0.000571s ]
[ 2011-09-13T14:29:24+08:00 ] SQL: SELECT *,concat(level,'-',category_id) as tree FROM `leaf_category` ORDER BY tree [ RunTime:0.000083s ]
[ 2011-09-13T14:29:24+08:00 ] SQL: SHOW COLUMNS FROM `leaf_item` [ RunTime:0.000604s ]
[ 2011-09-13T14:29:24+08:00 ] SQL: SELECT COUNT(*) AS tp_count FROM `leaf_item` LIMIT 1  [ RunTime:0.000051s ]
[ 2011-09-13T14:29:24+08:00 ] SQL: SELECT * FROM `leaf_item` ORDER BY item_id DESC LIMIT 0,10  [ RunTime:0.000067s ]
[ 2011-09-13T14:29:24+08:00 ] SQL: SHOW COLUMNS FROM `leaf_category` [ RunTime:0.000387s ]
[ 2011-09-13T14:29:24+08:00 ] SQL: SELECT * FROM `leaf_category` WHERE category_id=7 LIMIT 1  [ RunTime:0.000057s ]
[ 2011-09-13T14:29:24+08:00 ] SQL: SHOW COLUMNS FROM `leaf_category` [ RunTime:0.000368s ]
[ 2011-09-13T14:29:24+08:00 ] SQL: SELECT * FROM `leaf_category` WHERE category_id=5 LIMIT 1  [ RunTime:0.000054s ]
[ 2011-09-13T14:29:25+08:00 ] SQL: SHOW COLUMNS FROM `leaf_category` [ RunTime:0.000826s ]
[ 2011-09-13T14:29:25+08:00 ] SQL: SELECT *,concat(level,'-',category_id) as tree FROM `leaf_category` ORDER BY tree [ RunTime:0.000082s ]
[ 2011-09-13T14:29:25+08:00 ] SQL: SHOW COLUMNS FROM `leaf_item` [ RunTime:0.000690s ]
[ 2011-09-13T14:29:25+08:00 ] SQL: SELECT COUNT(*) AS tp_count FROM `leaf_item` WHERE category_id=1 LIMIT 1  [ RunTime:0.000062s ]
[ 2011-09-13T14:29:25+08:00 ] SQL: SHOW COLUMNS FROM `leaf_item` [ RunTime:0.000675s ]
[ 2011-09-13T14:29:25+08:00 ] SQL: SELECT COUNT(*) AS tp_count FROM `leaf_item` WHERE category_id=4 LIMIT 1  [ RunTime:0.000063s ]
[ 2011-09-13T14:29:25+08:00 ] SQL: SHOW COLUMNS FROM `leaf_item` [ RunTime:0.000697s ]
[ 2011-09-13T14:29:25+08:00 ] SQL: SELECT COUNT(*) AS tp_count FROM `leaf_item` WHERE category_id=5 LIMIT 1  [ RunTime:0.000071s ]
[ 2011-09-13T14:29:25+08:00 ] SQL: SHOW COLUMNS FROM `leaf_item` [ RunTime:0.000758s ]
[ 2011-09-13T14:29:25+08:00 ] SQL: SELECT COUNT(*) AS tp_count FROM `leaf_item` WHERE category_id=6 LIMIT 1  [ RunTime:0.000057s ]
[ 2011-09-13T14:29:25+08:00 ] SQL: SHOW COLUMNS FROM `leaf_item` [ RunTime:0.000616s ]
[ 2011-09-13T14:29:25+08:00 ] SQL: SELECT COUNT(*) AS tp_count FROM `leaf_item` WHERE category_id=7 LIMIT 1  [ RunTime:0.000055s ]
[ 2011-09-13T14:29:27+08:00 ] SQL: SHOW COLUMNS FROM `leaf_category` [ RunTime:0.000641s ]
[ 2011-09-13T14:29:27+08:00 ] SQL: SELECT *,concat(level,'-',category_id) as tree FROM `leaf_category` ORDER BY tree [ RunTime:0.000114s ]
[ 2011-09-13T14:29:36+08:00 ] SQL: SHOW COLUMNS FROM `leaf_category` [ RunTime:0.000540s ]
[ 2011-09-13T14:29:36+08:00 ] SQL: SELECT *,concat(level,'-',category_id) as tree FROM `leaf_category` ORDER BY tree [ RunTime:0.000066s ]
[ 2011-09-13T14:29:36+08:00 ] SQL: SHOW COLUMNS FROM `leaf_item` [ RunTime:0.000484s ]
[ 2011-09-13T14:29:36+08:00 ] SQL: SELECT COUNT(*) AS tp_count FROM `leaf_item` WHERE category_id=1 LIMIT 1  [ RunTime:0.000057s ]
[ 2011-09-13T14:29:36+08:00 ] SQL: SHOW COLUMNS FROM `leaf_item` [ RunTime:0.000526s ]
[ 2011-09-13T14:29:36+08:00 ] SQL: SELECT COUNT(*) AS tp_count FROM `leaf_item` WHERE category_id=4 LIMIT 1  [ RunTime:0.000117s ]
[ 2011-09-13T14:29:36+08:00 ] SQL: SHOW COLUMNS FROM `leaf_item` [ RunTime:0.000521s ]
[ 2011-09-13T14:29:36+08:00 ] SQL: SELECT COUNT(*) AS tp_count FROM `leaf_item` WHERE category_id=5 LIMIT 1  [ RunTime:0.000117s ]
[ 2011-09-13T14:29:36+08:00 ] SQL: SHOW COLUMNS FROM `leaf_item` [ RunTime:0.000511s ]
[ 2011-09-13T14:29:36+08:00 ] SQL: SELECT COUNT(*) AS tp_count FROM `leaf_item` WHERE category_id=6 LIMIT 1  [ RunTime:0.000117s ]
[ 2011-09-13T14:29:36+08:00 ] SQL: SHOW COLUMNS FROM `leaf_item` [ RunTime:0.000512s ]
[ 2011-09-13T14:29:36+08:00 ] SQL: SELECT COUNT(*) AS tp_count FROM `leaf_item` WHERE category_id=7 LIMIT 1  [ RunTime:0.000114s ]
[ 2011-09-13T14:29:37+08:00 ] SQL: SHOW COLUMNS FROM `leaf_category` [ RunTime:0.000607s ]
[ 2011-09-13T14:29:37+08:00 ] SQL: SELECT *,concat(level,'-',category_id) as tree FROM `leaf_category` ORDER BY tree [ RunTime:0.000064s ]
[ 2011-09-13T14:29:37+08:00 ] SQL: SHOW COLUMNS FROM `leaf_item` [ RunTime:0.000461s ]
[ 2011-09-13T14:29:37+08:00 ] SQL: SELECT COUNT(*) AS tp_count FROM `leaf_item` WHERE category_id=1 LIMIT 1  [ RunTime:0.000056s ]
[ 2011-09-13T14:29:37+08:00 ] SQL: SHOW COLUMNS FROM `leaf_item` [ RunTime:0.000421s ]
[ 2011-09-13T14:29:37+08:00 ] SQL: SELECT COUNT(*) AS tp_count FROM `leaf_item` WHERE category_id=4 LIMIT 1  [ RunTime:0.000159s ]
[ 2011-09-13T14:29:37+08:00 ] SQL: SHOW COLUMNS FROM `leaf_item` [ RunTime:0.000577s ]
[ 2011-09-13T14:29:37+08:00 ] SQL: SELECT COUNT(*) AS tp_count FROM `leaf_item` WHERE category_id=5 LIMIT 1  [ RunTime:0.000156s ]
[ 2011-09-13T14:29:37+08:00 ] SQL: SHOW COLUMNS FROM `leaf_item` [ RunTime:0.000566s ]
[ 2011-09-13T14:29:37+08:00 ] SQL: SELECT COUNT(*) AS tp_count FROM `leaf_item` WHERE category_id=6 LIMIT 1  [ RunTime:0.000159s ]
[ 2011-09-13T14:29:37+08:00 ] SQL: SHOW COLUMNS FROM `leaf_item` [ RunTime:0.000590s ]
[ 2011-09-13T14:29:37+08:00 ] SQL: SELECT COUNT(*) AS tp_count FROM `leaf_item` WHERE category_id=7 LIMIT 1  [ RunTime:0.000054s ]
[ 2011-09-13T14:33:42+08:00 ] SQL: SHOW COLUMNS FROM `leaf_item` [ RunTime:0.000740s ]
[ 2011-09-13T14:33:42+08:00 ] SQL: SELECT COUNT(*) AS tp_count FROM `leaf_item` LIMIT 1  [ RunTime:0.000059s ]
[ 2011-09-13T14:33:42+08:00 ] SQL: SELECT * FROM `leaf_item` ORDER BY item_id DESC LIMIT 0,10  [ RunTime:0.000076s ]
[ 2011-09-13T14:33:42+08:00 ] SQL: SHOW COLUMNS FROM `leaf_category` [ RunTime:0.000437s ]
[ 2011-09-13T14:33:42+08:00 ] SQL: SELECT * FROM `leaf_category` WHERE category_id=7 LIMIT 1  [ RunTime:0.000058s ]
[ 2011-09-13T14:33:42+08:00 ] SQL: SHOW COLUMNS FROM `leaf_category` [ RunTime:0.000391s ]
[ 2011-09-13T14:33:42+08:00 ] SQL: SELECT * FROM `leaf_category` WHERE category_id=5 LIMIT 1  [ RunTime:0.000057s ]
[ 2011-09-13T14:33:44+08:00 ] SQL: SHOW COLUMNS FROM `leaf_category` [ RunTime:0.000564s ]
[ 2011-09-13T14:33:44+08:00 ] SQL: SELECT *,concat(level,'-',category_id) as tree FROM `leaf_category` ORDER BY tree [ RunTime:0.000065s ]
[ 2011-09-13T14:35:28+08:00 ] SQL: SHOW COLUMNS FROM `leaf_item` [ RunTime:0.000890s ]
[ 2011-09-13T14:35:28+08:00 ] SQL: SELECT COUNT(*) AS tp_count FROM `leaf_item` LIMIT 1  [ RunTime:0.000077s ]
[ 2011-09-13T14:35:28+08:00 ] SQL: SELECT * FROM `leaf_item` ORDER BY item_id DESC LIMIT 0,10  [ RunTime:0.000116s ]
[ 2011-09-13T14:35:28+08:00 ] SQL: SHOW COLUMNS FROM `leaf_category` [ RunTime:0.000873s ]
[ 2011-09-13T14:35:28+08:00 ] SQL: SELECT * FROM `leaf_category` WHERE category_id=7 LIMIT 1  [ RunTime:0.000099s ]
[ 2011-09-13T14:35:28+08:00 ] SQL: SHOW COLUMNS FROM `leaf_category` [ RunTime:0.000368s ]
[ 2011-09-13T14:35:28+08:00 ] SQL: SELECT * FROM `leaf_category` WHERE category_id=5 LIMIT 1  [ RunTime:0.000054s ]
[ 2011-09-13T14:35:29+08:00 ] SQL: SHOW COLUMNS FROM `leaf_category` [ RunTime:0.001197s ]
[ 2011-09-13T14:35:29+08:00 ] SQL: SELECT *,concat(level,'-',category_id) as tree FROM `leaf_category` ORDER BY tree [ RunTime:0.000076s ]
[ 2011-09-13T18:19:13+08:00 ] SQL: SHOW COLUMNS FROM `leaf_item` [ RunTime:0.000574s ]
[ 2011-09-13T18:19:13+08:00 ] SQL: SELECT COUNT(*) AS tp_count FROM `leaf_item` LIMIT 1  [ RunTime:0.000052s ]
[ 2011-09-13T18:19:13+08:00 ] SQL: SELECT * FROM `leaf_item` ORDER BY item_id DESC LIMIT 0,10  [ RunTime:0.000062s ]
[ 2011-09-13T18:19:13+08:00 ] SQL: SHOW COLUMNS FROM `leaf_category` [ RunTime:0.000446s ]
[ 2011-09-13T18:19:13+08:00 ] SQL: SELECT * FROM `leaf_category` WHERE category_id=7 LIMIT 1  [ RunTime:0.000054s ]
[ 2011-09-13T18:19:13+08:00 ] SQL: SHOW COLUMNS FROM `leaf_category` [ RunTime:0.000391s ]
[ 2011-09-13T18:19:13+08:00 ] SQL: SELECT * FROM `leaf_category` WHERE category_id=5 LIMIT 1  [ RunTime:0.000106s ]
[ 2011-09-13T18:19:15+08:00 ] SQL: SHOW COLUMNS FROM `leaf_item` [ RunTime:0.000614s ]
[ 2011-09-13T18:19:15+08:00 ] SQL: SELECT * FROM `leaf_item` WHERE item_id=1 LIMIT 1  [ RunTime:0.000220s ]
[ 2011-09-13T18:19:15+08:00 ] SQL: SHOW COLUMNS FROM `leaf_category` [ RunTime:0.000445s ]
[ 2011-09-13T18:19:15+08:00 ] SQL: SELECT *,concat(level,'-',category_id) as tree FROM `leaf_category` ORDER BY tree [ RunTime:0.000064s ]
[ 2011-09-13T18:19:15+08:00 ] SQL: SHOW COLUMNS FROM `leaf_category` [ RunTime:0.000434s ]
[ 2011-09-13T18:19:15+08:00 ] SQL: SELECT * FROM `leaf_category` WHERE category_id=5 LIMIT 1  [ RunTime:0.000059s ]
[ 2011-09-13T18:19:19+08:00 ] SQL: SHOW COLUMNS FROM `leaf_category` [ RunTime:0.000540s ]
[ 2011-09-13T18:19:19+08:00 ] SQL: SELECT *,concat(level,'-',category_id) as tree FROM `leaf_category` ORDER BY tree [ RunTime:0.000072s ]
[ 2011-09-13T18:19:19+08:00 ] SQL: SHOW COLUMNS FROM `leaf_item` [ RunTime:0.000526s ]
[ 2011-09-13T18:19:19+08:00 ] SQL: SELECT COUNT(*) AS tp_count FROM `leaf_item` WHERE category_id=1 LIMIT 1  [ RunTime:0.000055s ]
[ 2011-09-13T18:19:19+08:00 ] SQL: SHOW COLUMNS FROM `leaf_item` [ RunTime:0.000448s ]
[ 2011-09-13T18:19:19+08:00 ] SQL: SELECT COUNT(*) AS tp_count FROM `leaf_item` WHERE category_id=4 LIMIT 1  [ RunTime:0.000050s ]
[ 2011-09-13T18:19:19+08:00 ] SQL: SHOW COLUMNS FROM `leaf_item` [ RunTime:0.000611s ]
[ 2011-09-13T18:19:19+08:00 ] SQL: SELECT COUNT(*) AS tp_count FROM `leaf_item` WHERE category_id=5 LIMIT 1  [ RunTime:0.000066s ]
[ 2011-09-13T18:19:19+08:00 ] SQL: SHOW COLUMNS FROM `leaf_item` [ RunTime:0.000737s ]
[ 2011-09-13T18:19:19+08:00 ] SQL: SELECT COUNT(*) AS tp_count FROM `leaf_item` WHERE category_id=6 LIMIT 1  [ RunTime:0.000067s ]
[ 2011-09-13T18:19:19+08:00 ] SQL: SHOW COLUMNS FROM `leaf_item` [ RunTime:0.000767s ]
[ 2011-09-13T18:19:19+08:00 ] SQL: SELECT COUNT(*) AS tp_count FROM `leaf_item` WHERE category_id=7 LIMIT 1  [ RunTime:0.000064s ]
