[ 2011-08-02T20:44:44+08:00 ] ERR: (ThinkException) 非法操作menu
[ 2011-08-02T20:44:45+08:00 ] ERR: (ThinkException) 非法操作css
[ 2011-08-02T20:44:45+08:00 ] ERR: (ThinkException) 非法操作js
[ 2011-08-02T20:44:45+08:00 ] ERR: (ThinkException) 非法操作js
[ 2011-08-02T20:44:47+08:00 ] ERR: (ThinkException) 非法操作item_edit.html
[ 2011-08-02T20:44:47+08:00 ] ERR: (ThinkException) 非法操作item_add.html
[ 2011-08-02T20:45:39+08:00 ] ERR: (ThinkException) 非法操作category_add.html
[ 2011-08-02T20:45:40+08:00 ] ERR: (ThinkException) 非法操作category_edit.html
[ 2011-08-02T20:46:17+08:00 ] ERR: (ThinkException) 非法操作category_edit.html
[ 2011-08-02T20:46:17+08:00 ] ERR: (ThinkException) 非法操作css
[ 2011-08-02T20:46:17+08:00 ] ERR: (ThinkException) 非法操作js
[ 2011-08-02T20:46:17+08:00 ] ERR: (ThinkException) 非法操作js
[ 2011-08-02T20:46:17+08:00 ] ERR: (ThinkException) 非法操作category_edit.html
[ 2011-08-02T20:46:17+08:00 ] ERR: (ThinkException) 非法操作css
[ 2011-08-02T20:46:17+08:00 ] ERR: (ThinkException) 非法操作js
[ 2011-08-02T20:46:17+08:00 ] ERR: (ThinkException) 非法操作js
[ 2011-08-02T20:46:18+08:00 ] ERR: (ThinkException) 非法操作category_edit.html
[ 2011-08-02T20:46:18+08:00 ] ERR: (ThinkException) 非法操作css
[ 2011-08-02T20:46:18+08:00 ] ERR: (ThinkException) 非法操作js
[ 2011-08-02T20:46:18+08:00 ] ERR: (ThinkException) 非法操作js
[ 2011-08-02T20:46:18+08:00 ] ERR: (ThinkException) 非法操作category_edit.html
[ 2011-08-02T20:46:18+08:00 ] ERR: (ThinkException) 非法操作js
[ 2011-08-02T20:46:18+08:00 ] ERR: (ThinkException) 非法操作css
[ 2011-08-02T20:46:18+08:00 ] ERR: (ThinkException) 非法操作js
[ 2011-08-02T20:46:18+08:00 ] ERR: (ThinkException) 非法操作category_edit.html
[ 2011-08-02T20:46:18+08:00 ] ERR: (ThinkException) 非法操作js
[ 2011-08-02T20:46:18+08:00 ] ERR: (ThinkException) 非法操作css
[ 2011-08-02T20:46:18+08:00 ] ERR: (ThinkException) 非法操作js
[ 2011-08-02T20:46:18+08:00 ] ERR: (ThinkException) 非法操作category_edit.html
[ 2011-08-02T20:46:18+08:00 ] ERR: (ThinkException) 非法操作js
[ 2011-08-02T20:46:18+08:00 ] ERR: (ThinkException) 非法操作js
[ 2011-08-02T20:46:18+08:00 ] ERR: (ThinkException) 非法操作css
[ 2011-08-02T20:46:18+08:00 ] ERR: (ThinkException) 非法操作category_edit.html
[ 2011-08-02T20:46:18+08:00 ] ERR: (ThinkException) 非法操作js
[ 2011-08-02T20:46:18+08:00 ] ERR: (ThinkException) 非法操作js
[ 2011-08-02T20:46:18+08:00 ] ERR: (ThinkException) 非法操作css
[ 2011-08-02T20:46:19+08:00 ] ERR: (ThinkException) 非法操作category_edit.html
[ 2011-08-02T20:46:19+08:00 ] ERR: (ThinkException) 非法操作js
[ 2011-08-02T20:46:19+08:00 ] ERR: (ThinkException) 非法操作css
[ 2011-08-02T20:46:19+08:00 ] ERR: (ThinkException) 非法操作js
[ 2011-08-02T20:46:19+08:00 ] ERR: (ThinkException) 非法操作category_edit.html
[ 2011-08-02T20:46:19+08:00 ] ERR: (ThinkException) 非法操作js
[ 2011-08-02T20:46:19+08:00 ] ERR: (ThinkException) 非法操作css
[ 2011-08-02T20:46:19+08:00 ] ERR: (ThinkException) 非法操作js
[ 2011-08-02T20:46:19+08:00 ] ERR: (ThinkException) 非法操作category_edit.html
[ 2011-08-02T20:46:19+08:00 ] ERR: (ThinkException) 非法操作js
[ 2011-08-02T20:46:19+08:00 ] ERR: (ThinkException) 非法操作css
[ 2011-08-02T20:46:19+08:00 ] ERR: (ThinkException) 非法操作js
[ 2011-08-02T20:46:19+08:00 ] ERR: (ThinkException) 非法操作category_edit.html
[ 2011-08-02T20:46:19+08:00 ] ERR: (ThinkException) 非法操作js
[ 2011-08-02T20:46:19+08:00 ] ERR: (ThinkException) 非法操作css
[ 2011-08-02T20:46:19+08:00 ] ERR: (ThinkException) 非法操作js
[ 2011-08-02T20:46:20+08:00 ] ERR: (ThinkException) 非法操作item_edit.html
[ 2011-08-02T20:46:20+08:00 ] ERR: (ThinkException) 非法操作item_edit.html
[ 2011-08-02T20:46:20+08:00 ] ERR: (ThinkException) 非法操作css
[ 2011-08-02T20:46:20+08:00 ] ERR: (ThinkException) 非法操作js
[ 2011-08-02T20:46:20+08:00 ] ERR: (ThinkException) 非法操作js
[ 2011-08-02T20:46:20+08:00 ] ERR: (ThinkException) 非法操作item_edit.html
[ 2011-08-02T20:46:20+08:00 ] ERR: (ThinkException) 非法操作js
[ 2011-08-02T20:46:20+08:00 ] ERR: (ThinkException) 非法操作css
[ 2011-08-02T20:46:20+08:00 ] ERR: (ThinkException) 非法操作js
[ 2011-08-02T20:46:21+08:00 ] ERR: (ThinkException) 非法操作item_edit.html
[ 2011-08-02T20:46:21+08:00 ] ERR: (ThinkException) 非法操作css
[ 2011-08-02T20:46:21+08:00 ] ERR: (ThinkException) 非法操作js
[ 2011-08-02T20:46:21+08:00 ] ERR: (ThinkException) 非法操作js
[ 2011-08-02T20:46:21+08:00 ] ERR: (ThinkException) 非法操作item_edit.html
[ 2011-08-02T20:46:21+08:00 ] ERR: (ThinkException) 非法操作css
[ 2011-08-02T20:46:21+08:00 ] ERR: (ThinkException) 非法操作js
[ 2011-08-02T20:46:21+08:00 ] ERR: (ThinkException) 非法操作js
[ 2011-08-02T20:46:22+08:00 ] ERR: (ThinkException) 非法操作item_edit.html
[ 2011-08-02T20:46:22+08:00 ] ERR: (ThinkException) 非法操作js
[ 2011-08-02T20:46:22+08:00 ] ERR: (ThinkException) 非法操作js
[ 2011-08-02T20:46:22+08:00 ] ERR: (ThinkException) 非法操作css
[ 2011-08-02T20:50:37+08:00 ] ERR: (ThinkException) 非法操作category_add.html
[ 2011-08-02T20:50:38+08:00 ] ERR: (ThinkException) 非法操作category_edit.html
[ 2011-08-02T20:50:39+08:00 ] ERR: (ThinkException) 非法操作item_edit.html
[ 2011-08-02T20:50:40+08:00 ] ERR: (ThinkException) 非法操作item_edit.html
[ 2011-08-02T20:50:40+08:00 ] ERR: (ThinkException) 非法操作item_edit.html
[ 2011-08-02T20:50:41+08:00 ] ERR: (ThinkException) 非法操作item_edit.html
[ 2011-08-02T20:50:41+08:00 ] ERR: (ThinkException) 非法操作item_add.html
[ 2011-08-02T20:50:41+08:00 ] ERR: (ThinkException) 非法操作category_edit.html
[ 2011-08-02T20:50:43+08:00 ] ERR: (ThinkException) 非法操作category_edit.html
[ 2011-08-02T20:50:43+08:00 ] ERR: (ThinkException) 非法操作category_add.html
[ 2011-08-02T20:50:43+08:00 ] ERR: (ThinkException) 非法操作item_edit.html
[ 2011-08-02T20:50:44+08:00 ] ERR: (ThinkException) 非法操作item_add.html
[ 2011-08-02T20:50:45+08:00 ] ERR: (ThinkException) 非法操作item_add.html
[ 2011-08-02T20:50:45+08:00 ] ERR: (ThinkException) 非法操作item_add.html
[ 2011-08-02T20:50:46+08:00 ] ERR: (ThinkException) 非法操作category_edit.html
[ 2011-08-02T20:50:46+08:00 ] ERR: (ThinkException) 非法操作category_edit.html
[ 2011-08-02T20:50:46+08:00 ] ERR: (ThinkException) 非法操作category_add.html
[ 2011-08-02T20:50:47+08:00 ] ERR: (ThinkException) 非法操作category_add.html
[ 2011-08-02T20:50:47+08:00 ] ERR: (ThinkException) 非法操作category_add.html
[ 2011-08-02T20:50:47+08:00 ] ERR: (ThinkException) 非法操作category_add.html
[ 2011-08-02T20:50:47+08:00 ] ERR: (ThinkException) 非法操作category_add.html
[ 2011-08-02T20:50:47+08:00 ] ERR: (ThinkException) 非法操作category_add.html
[ 2011-08-02T20:50:47+08:00 ] ERR: (ThinkException) 非法操作category_add.html
[ 2011-08-02T20:50:47+08:00 ] ERR: (ThinkException) 非法操作category_add.html
[ 2011-08-02T20:50:48+08:00 ] ERR: (ThinkException) 非法操作category_add.html
[ 2011-08-02T20:50:48+08:00 ] ERR: (ThinkException) 非法操作category_add.html
[ 2011-08-02T20:50:48+08:00 ] ERR: (ThinkException) 非法操作category_add.html
[ 2011-08-02T20:50:48+08:00 ] ERR: (ThinkException) 非法操作category_add.html
[ 2011-08-02T20:50:48+08:00 ] ERR: (ThinkException) 非法操作category_add.html
[ 2011-08-02T20:50:48+08:00 ] ERR: (ThinkException) 非法操作category_add.html
[ 2011-08-02T20:50:48+08:00 ] ERR: (ThinkException) 非法操作category_add.html
[ 2011-08-02T20:50:49+08:00 ] ERR: (ThinkException) 非法操作category_add.html
[ 2011-08-02T20:50:49+08:00 ] ERR: (ThinkException) 非法操作category_add.html
[ 2011-08-02T20:50:49+08:00 ] ERR: (ThinkException) 非法操作category_add.html
[ 2011-08-02T20:50:49+08:00 ] ERR: (ThinkException) 非法操作category_add.html
[ 2011-08-02T20:50:50+08:00 ] ERR: (ThinkException) 非法操作category_add.html
[ 2011-08-02T20:50:50+08:00 ] ERR: (ThinkException) 非法操作js
[ 2011-08-02T20:50:50+08:00 ] ERR: (ThinkException) 非法操作js
[ 2011-08-02T20:50:50+08:00 ] ERR: (ThinkException) 非法操作css
[ 2011-08-02T20:50:54+08:00 ] ERR: (ThinkException) 非法操作category_add.html
[ 2011-08-02T20:50:54+08:00 ] ERR: (ThinkException) 非法操作js
[ 2011-08-02T20:50:54+08:00 ] ERR: (ThinkException) 非法操作js
[ 2011-08-02T20:50:54+08:00 ] ERR: (ThinkException) 非法操作css
[ 2011-08-02T20:50:59+08:00 ] ERR: (ThinkException) 非法操作category_add.html
[ 2011-08-02T20:50:59+08:00 ] ERR: (ThinkException) 非法操作js
[ 2011-08-02T20:50:59+08:00 ] ERR: (ThinkException) 非法操作css
[ 2011-08-02T20:50:59+08:00 ] ERR: (ThinkException) 非法操作js
[ 2011-08-02T20:51:01+08:00 ] ERR: (ThinkException) 非法操作category_add.html
[ 2011-08-02T20:51:01+08:00 ] ERR: (ThinkException) 非法操作css
[ 2011-08-02T20:51:01+08:00 ] ERR: (ThinkException) 非法操作js
[ 2011-08-02T20:51:01+08:00 ] ERR: (ThinkException) 非法操作js
[ 2011-08-02T20:58:21+08:00 ] ERR: (ThinkException) 非法操作menu
[ 2011-08-02T21:18:01+08:00 ] ERR: (ThinkException) 非法操作menu
[ 2011-08-02T21:37:28+08:00 ] ERR: (ThinkException) 非法操作menu
[ 2011-08-02T21:37:38+08:00 ] ERR: (ThinkException) 非法操作menu
[ 2011-08-02T21:37:40+08:00 ] ERR: (ThinkException) 非法操作menu
[ 2011-08-02T21:37:41+08:00 ] ERR: (ThinkException) 非法操作menu
[ 2011-08-02T21:44:22+08:00 ] ERR: (ThinkException) 非法操作category_add.html
[ 2011-08-02T21:44:23+08:00 ] ERR: (ThinkException) 非法操作css
[ 2011-08-02T21:44:23+08:00 ] ERR: (ThinkException) 非法操作js
[ 2011-08-02T21:44:23+08:00 ] ERR: (ThinkException) 非法操作js
[ 2011-08-02T21:44:23+08:00 ] ERR: (ThinkException) 非法操作category_add.html
[ 2011-08-02T21:44:23+08:00 ] ERR: (ThinkException) 非法操作js
[ 2011-08-02T21:44:24+08:00 ] ERR: (ThinkException) 非法操作css
[ 2011-08-02T21:44:24+08:00 ] ERR: (ThinkException) 非法操作js
[ 2011-08-02T21:44:24+08:00 ] ERR: (ThinkException) 非法操作category_add.html
[ 2011-08-02T21:44:24+08:00 ] ERR: (ThinkException) 非法操作css
[ 2011-08-02T21:44:24+08:00 ] ERR: (ThinkException) 非法操作js
[ 2011-08-02T21:44:24+08:00 ] ERR: (ThinkException) 非法操作js
[ 2011-08-02T21:44:24+08:00 ] ERR: (ThinkException) 非法操作category_add.html
[ 2011-08-02T21:44:24+08:00 ] ERR: (ThinkException) 非法操作js
[ 2011-08-02T21:44:24+08:00 ] ERR: (ThinkException) 非法操作css
[ 2011-08-02T21:44:24+08:00 ] ERR: (ThinkException) 非法操作js
[ 2011-08-02T21:44:24+08:00 ] ERR: (ThinkException) 非法操作category_add.html
[ 2011-08-02T21:44:24+08:00 ] ERR: (ThinkException) 非法操作css
[ 2011-08-02T21:44:24+08:00 ] ERR: (ThinkException) 非法操作js
[ 2011-08-02T21:44:24+08:00 ] ERR: (ThinkException) 非法操作js
[ 2011-08-02T21:44:24+08:00 ] ERR: (ThinkException) 非法操作category_add.html
[ 2011-08-02T21:44:24+08:00 ] ERR: (ThinkException) 非法操作css
[ 2011-08-02T21:44:24+08:00 ] ERR: (ThinkException) 非法操作js
[ 2011-08-02T21:44:24+08:00 ] ERR: (ThinkException) 非法操作js
[ 2011-08-02T21:44:25+08:00 ] ERR: (ThinkException) 非法操作category_add.html
[ 2011-08-02T21:44:25+08:00 ] ERR: (ThinkException) 非法操作category_add.html
[ 2011-08-02T21:44:25+08:00 ] ERR: (ThinkException) 非法操作category_add.html
[ 2011-08-02T21:44:25+08:00 ] ERR: (ThinkException) 非法操作css
[ 2011-08-02T21:44:25+08:00 ] ERR: (ThinkException) 非法操作js
[ 2011-08-02T21:44:25+08:00 ] ERR: (ThinkException) 非法操作js
[ 2011-08-02T21:44:25+08:00 ] ERR: (ThinkException) 非法操作category_add.html
[ 2011-08-02T21:44:25+08:00 ] ERR: (ThinkException) 非法操作category_add.html
[ 2011-08-02T21:44:25+08:00 ] ERR: (ThinkException) 非法操作css
[ 2011-08-02T21:44:25+08:00 ] ERR: (ThinkException) 非法操作js
[ 2011-08-02T21:44:25+08:00 ] ERR: (ThinkException) 非法操作js
[ 2011-08-02T21:44:25+08:00 ] ERR: (ThinkException) 非法操作category_add.html
[ 2011-08-02T21:44:25+08:00 ] ERR: (ThinkException) 非法操作js
[ 2011-08-02T21:44:25+08:00 ] ERR: (ThinkException) 非法操作js
[ 2011-08-02T21:44:25+08:00 ] ERR: (ThinkException) 非法操作css
[ 2011-08-02T21:44:26+08:00 ] ERR: (ThinkException) 非法操作category_add.html
[ 2011-08-02T21:44:26+08:00 ] ERR: (ThinkException) 非法操作css
[ 2011-08-02T21:44:26+08:00 ] ERR: (ThinkException) 非法操作js
[ 2011-08-02T21:44:26+08:00 ] ERR: (ThinkException) 非法操作js
[ 2011-08-02T21:44:26+08:00 ] ERR: (ThinkException) 非法操作category_add.html
[ 2011-08-02T21:44:26+08:00 ] ERR: (ThinkException) 非法操作css
[ 2011-08-02T21:44:26+08:00 ] ERR: (ThinkException) 非法操作js
[ 2011-08-02T21:44:26+08:00 ] ERR: (ThinkException) 非法操作js
[ 2011-08-02T21:44:26+08:00 ] ERR: (ThinkException) 非法操作category_add.html
[ 2011-08-02T21:44:26+08:00 ] ERR: (ThinkException) 非法操作category_add.html
[ 2011-08-02T21:44:26+08:00 ] ERR: (ThinkException) 非法操作css
[ 2011-08-02T21:44:26+08:00 ] ERR: (ThinkException) 非法操作js
[ 2011-08-02T21:44:26+08:00 ] ERR: (ThinkException) 非法操作js
[ 2011-08-02T21:44:26+08:00 ] ERR: (ThinkException) 非法操作category_add.html
[ 2011-08-02T21:44:26+08:00 ] ERR: (ThinkException) 非法操作css
[ 2011-08-02T21:44:26+08:00 ] ERR: (ThinkException) 非法操作js
[ 2011-08-02T21:44:26+08:00 ] ERR: (ThinkException) 非法操作js
[ 2011-08-02T21:44:27+08:00 ] ERR: (ThinkException) 非法操作category_add.html
[ 2011-08-02T21:44:27+08:00 ] ERR: (ThinkException) 非法操作js
[ 2011-08-02T21:44:27+08:00 ] ERR: (ThinkException) 非法操作js
[ 2011-08-02T21:44:27+08:00 ] ERR: (ThinkException) 非法操作css
[ 2011-08-02T21:44:27+08:00 ] ERR: (ThinkException) 非法操作category_add.html
[ 2011-08-02T21:44:27+08:00 ] ERR: (ThinkException) 非法操作js
[ 2011-08-02T21:44:27+08:00 ] ERR: (ThinkException) 非法操作css
[ 2011-08-02T21:44:27+08:00 ] ERR: (ThinkException) 非法操作js
[ 2011-08-02T21:46:09+08:00 ] ERR: (ThinkException) 非法操作category_add.html
[ 2011-08-02T21:46:09+08:00 ] ERR: (ThinkException) 非法操作js
[ 2011-08-02T21:46:09+08:00 ] ERR: (ThinkException) 非法操作css
[ 2011-08-02T21:46:09+08:00 ] ERR: (ThinkException) 非法操作js
[ 2011-08-02T21:46:09+08:00 ] ERR: (ThinkException) 非法操作category_add.html
[ 2011-08-02T21:46:09+08:00 ] ERR: (ThinkException) 非法操作css
[ 2011-08-02T21:46:09+08:00 ] ERR: (ThinkException) 非法操作js
[ 2011-08-02T21:46:09+08:00 ] ERR: (ThinkException) 非法操作js
[ 2011-08-02T21:46:09+08:00 ] ERR: (ThinkException) 非法操作category_add.html
[ 2011-08-02T21:46:09+08:00 ] ERR: (ThinkException) 非法操作css
[ 2011-08-02T21:46:09+08:00 ] ERR: (ThinkException) 非法操作js
[ 2011-08-02T21:46:09+08:00 ] ERR: (ThinkException) 非法操作js
[ 2011-08-02T21:46:10+08:00 ] ERR: (ThinkException) 非法操作category_add.html
[ 2011-08-02T21:46:10+08:00 ] ERR: (ThinkException) 非法操作css
[ 2011-08-02T21:46:10+08:00 ] ERR: (ThinkException) 非法操作js
[ 2011-08-02T21:46:10+08:00 ] ERR: (ThinkException) 非法操作js
[ 2011-08-02T21:46:10+08:00 ] ERR: (ThinkException) 非法操作category_add.html
[ 2011-08-02T21:46:10+08:00 ] ERR: (ThinkException) 非法操作css
[ 2011-08-02T21:46:10+08:00 ] ERR: (ThinkException) 非法操作js
[ 2011-08-02T21:46:10+08:00 ] ERR: (ThinkException) 非法操作js
[ 2011-08-02T21:46:10+08:00 ] ERR: (ThinkException) 非法操作category_add.html
[ 2011-08-02T21:46:10+08:00 ] ERR: (ThinkException) 非法操作css
[ 2011-08-02T21:46:10+08:00 ] ERR: (ThinkException) 非法操作js
[ 2011-08-02T21:46:10+08:00 ] ERR: (ThinkException) 非法操作js
[ 2011-08-02T21:46:10+08:00 ] ERR: (ThinkException) 非法操作category_add.html
[ 2011-08-02T21:46:10+08:00 ] ERR: (ThinkException) 非法操作js
[ 2011-08-02T21:46:10+08:00 ] ERR: (ThinkException) 非法操作js
[ 2011-08-02T21:46:10+08:00 ] ERR: (ThinkException) 非法操作css
[ 2011-08-02T21:46:10+08:00 ] ERR: (ThinkException) 非法操作category_add.html
[ 2011-08-02T21:46:10+08:00 ] ERR: (ThinkException) 非法操作js
[ 2011-08-02T21:46:10+08:00 ] ERR: (ThinkException) 非法操作css
[ 2011-08-02T21:46:10+08:00 ] ERR: (ThinkException) 非法操作js
[ 2011-08-02T21:46:10+08:00 ] ERR: (ThinkException) 非法操作category_add.html
[ 2011-08-02T21:46:11+08:00 ] ERR: (ThinkException) 非法操作css
[ 2011-08-02T21:46:11+08:00 ] ERR: (ThinkException) 非法操作js
[ 2011-08-02T21:46:11+08:00 ] ERR: (ThinkException) 非法操作js
[ 2011-08-02T21:46:11+08:00 ] ERR: (ThinkException) 非法操作category_add.html
[ 2011-08-02T21:46:11+08:00 ] ERR: (ThinkException) 非法操作category_add.html
[ 2011-08-02T21:46:11+08:00 ] ERR: (ThinkException) 非法操作js
[ 2011-08-02T21:46:11+08:00 ] ERR: (ThinkException) 非法操作js
[ 2011-08-02T21:46:11+08:00 ] ERR: (ThinkException) 非法操作css
