[ 2011-07-02T11:37:08+08:00 ] ERR: (ThinkException) 无法加载模块Indexmenu
[ 2011-07-02T11:37:08+08:00 ] ERR: (ThinkException) 无法加载模块Indexintro
[ 2011-07-02T11:37:09+08:00 ] ERR: (ThinkException) 无法加载模块Indexmenu
[ 2011-07-02T11:37:09+08:00 ] ERR: (ThinkException) 无法加载模块Indexintro
[ 2011-07-02T11:37:09+08:00 ] ERR: (ThinkException) 无法加载模块Indexmenu
[ 2011-07-02T11:37:09+08:00 ] ERR: (ThinkException) 无法加载模块Indexintro
[ 2011-07-02T11:37:09+08:00 ] ERR: (ThinkException) 无法加载模块Indexmenu
[ 2011-07-02T11:37:09+08:00 ] ERR: (ThinkException) 无法加载模块Indexintro
[ 2011-07-02T11:37:59+08:00 ] ERR: (ThinkException) 无法加载模块Indexmenu
[ 2011-07-02T11:37:59+08:00 ] ERR: (ThinkException) 无法加载模块Indexintro
[ 2011-07-02T11:37:59+08:00 ] ERR: (ThinkException) 无法加载模块Indexmenu
[ 2011-07-02T11:37:59+08:00 ] ERR: (ThinkException) 无法加载模块Indexintro
[ 2011-07-02T11:38:00+08:00 ] ERR: (ThinkException) 无法加载模块Indexintro
[ 2011-07-02T11:38:00+08:00 ] ERR: (ThinkException) 无法加载模块Indexmenu
[ 2011-07-02T11:38:00+08:00 ] ERR: (ThinkException) 无法加载模块Indexmenu
[ 2011-07-02T11:38:00+08:00 ] ERR: (ThinkException) 无法加载模块Indexintro
[ 2011-07-02T11:38:01+08:00 ] ERR: (ThinkException) 无法加载模块Indexmenu
[ 2011-07-02T11:38:01+08:00 ] ERR: (ThinkException) 无法加载模块Indexintro
[ 2011-07-02T11:38:01+08:00 ] ERR: (ThinkException) 无法加载模块Indexmenu
[ 2011-07-02T11:38:01+08:00 ] ERR: (ThinkException) 无法加载模块Indexintro
[ 2011-07-02T11:38:01+08:00 ] ERR: (ThinkException) 无法加载模块Indexmenu
[ 2011-07-02T11:38:01+08:00 ] ERR: (ThinkException) 无法加载模块Indexintro
[ 2011-07-02T11:38:01+08:00 ] ERR: (ThinkException) 无法加载模块Indexmenu
[ 2011-07-02T11:38:01+08:00 ] ERR: (ThinkException) 无法加载模块Indexintro
[ 2011-07-02T11:38:02+08:00 ] ERR: (ThinkException) 无法加载模块Indexmenu
[ 2011-07-02T11:38:02+08:00 ] ERR: (ThinkException) 无法加载模块Indexintro
[ 2011-07-02T11:38:03+08:00 ] ERR: (ThinkException) 无法加载模块Indexmenu
[ 2011-07-02T11:38:05+08:00 ] ERR: (ThinkException) 无法加载模块Indexintro
[ 2011-07-02T11:38:06+08:00 ] ERR: (ThinkException) 无法加载模块Indexmenu
[ 2011-07-02T11:38:06+08:00 ] ERR: (ThinkException) 无法加载模块Indexintro
[ 2011-07-02T11:38:20+08:00 ] ERR: (ThinkException) 非法操作css
[ 2011-07-02T11:38:20+08:00 ] ERR: (ThinkException) 非法操作js
[ 2011-07-02T11:38:20+08:00 ] ERR: (ThinkException) 非法操作css
[ 2011-07-02T11:38:20+08:00 ] ERR: (ThinkException) 非法操作images
[ 2011-07-02T11:38:20+08:00 ] ERR: (ThinkException) 非法操作images
[ 2011-07-02T11:38:20+08:00 ] ERR: (ThinkException) 非法操作images
[ 2011-07-02T11:38:20+08:00 ] ERR: (ThinkException) 非法操作images
[ 2011-07-02T11:38:20+08:00 ] ERR: (ThinkException) 非法操作images
[ 2011-07-02T11:38:20+08:00 ] ERR: (ThinkException) 非法操作images
[ 2011-07-02T11:38:20+08:00 ] ERR: (ThinkException) 非法操作js
[ 2011-07-02T11:38:21+08:00 ] ERR: (ThinkException) 非法操作css
[ 2011-07-02T11:38:21+08:00 ] ERR: (ThinkException) 非法操作js
[ 2011-07-02T11:38:21+08:00 ] ERR: (ThinkException) 非法操作css
[ 2011-07-02T11:38:21+08:00 ] ERR: (ThinkException) 非法操作images
[ 2011-07-02T11:38:21+08:00 ] ERR: (ThinkException) 非法操作images
[ 2011-07-02T11:38:21+08:00 ] ERR: (ThinkException) 非法操作images
[ 2011-07-02T11:38:21+08:00 ] ERR: (ThinkException) 非法操作images
[ 2011-07-02T11:38:21+08:00 ] ERR: (ThinkException) 非法操作images
[ 2011-07-02T11:38:21+08:00 ] ERR: (ThinkException) 非法操作images
[ 2011-07-02T11:38:21+08:00 ] ERR: (ThinkException) 非法操作js
[ 2011-07-02T11:38:21+08:00 ] ERR: (ThinkException) 非法操作css
[ 2011-07-02T11:38:21+08:00 ] ERR: (ThinkException) 非法操作js
[ 2011-07-02T11:38:21+08:00 ] ERR: (ThinkException) 非法操作css
[ 2011-07-02T11:38:21+08:00 ] ERR: (ThinkException) 非法操作images
[ 2011-07-02T11:38:21+08:00 ] ERR: (ThinkException) 非法操作images
[ 2011-07-02T11:38:21+08:00 ] ERR: (ThinkException) 非法操作images
[ 2011-07-02T11:38:21+08:00 ] ERR: (ThinkException) 非法操作images
[ 2011-07-02T11:38:21+08:00 ] ERR: (ThinkException) 非法操作images
[ 2011-07-02T11:38:21+08:00 ] ERR: (ThinkException) 非法操作images
[ 2011-07-02T11:38:21+08:00 ] ERR: (ThinkException) 非法操作css
[ 2011-07-02T11:38:21+08:00 ] ERR: (ThinkException) 非法操作js
[ 2011-07-02T11:38:21+08:00 ] ERR: (ThinkException) 非法操作css
[ 2011-07-02T11:38:21+08:00 ] ERR: (ThinkException) 非法操作images
[ 2011-07-02T11:38:21+08:00 ] ERR: (ThinkException) 非法操作images
[ 2011-07-02T11:38:21+08:00 ] ERR: (ThinkException) 非法操作images
[ 2011-07-02T11:38:21+08:00 ] ERR: (ThinkException) 非法操作images
[ 2011-07-02T11:38:21+08:00 ] ERR: (ThinkException) 非法操作images
[ 2011-07-02T11:38:21+08:00 ] ERR: (ThinkException) 非法操作images
[ 2011-07-02T11:38:21+08:00 ] ERR: (ThinkException) 非法操作js
[ 2011-07-02T11:38:22+08:00 ] ERR: (ThinkException) 非法操作js
[ 2011-07-02T11:38:22+08:00 ] ERR: (ThinkException) 非法操作css
[ 2011-07-02T11:38:22+08:00 ] ERR: (ThinkException) 非法操作images
[ 2011-07-02T11:38:22+08:00 ] ERR: (ThinkException) 非法操作css
[ 2011-07-02T11:38:22+08:00 ] ERR: (ThinkException) 非法操作images
[ 2011-07-02T11:38:22+08:00 ] ERR: (ThinkException) 非法操作images
[ 2011-07-02T11:38:22+08:00 ] ERR: (ThinkException) 非法操作images
[ 2011-07-02T11:38:22+08:00 ] ERR: (ThinkException) 非法操作js
[ 2011-07-02T11:38:22+08:00 ] ERR: (ThinkException) 非法操作images
[ 2011-07-02T11:38:22+08:00 ] ERR: (ThinkException) 非法操作images
[ 2011-07-02T11:38:22+08:00 ] ERR: (ThinkException) 非法操作css
[ 2011-07-02T11:38:22+08:00 ] ERR: (ThinkException) 非法操作images
[ 2011-07-02T11:38:22+08:00 ] ERR: (ThinkException) 非法操作images
[ 2011-07-02T11:38:22+08:00 ] ERR: (ThinkException) 非法操作images
[ 2011-07-02T11:38:22+08:00 ] ERR: (ThinkException) 非法操作images
[ 2011-07-02T11:38:22+08:00 ] ERR: (ThinkException) 非法操作images
[ 2011-07-02T11:38:22+08:00 ] ERR: (ThinkException) 非法操作images
[ 2011-07-02T11:38:22+08:00 ] ERR: (ThinkException) 非法操作css
[ 2011-07-02T11:38:22+08:00 ] ERR: (ThinkException) 非法操作js
[ 2011-07-02T11:38:22+08:00 ] ERR: (ThinkException) 非法操作js
[ 2011-07-02T11:38:23+08:00 ] ERR: (ThinkException) 非法操作css
[ 2011-07-02T11:38:23+08:00 ] ERR: (ThinkException) 非法操作js
[ 2011-07-02T11:38:23+08:00 ] ERR: (ThinkException) 非法操作css
[ 2011-07-02T11:38:23+08:00 ] ERR: (ThinkException) 非法操作images
[ 2011-07-02T11:38:23+08:00 ] ERR: (ThinkException) 非法操作images
[ 2011-07-02T11:38:23+08:00 ] ERR: (ThinkException) 非法操作images
[ 2011-07-02T11:38:23+08:00 ] ERR: (ThinkException) 非法操作images
[ 2011-07-02T11:38:23+08:00 ] ERR: (ThinkException) 非法操作images
[ 2011-07-02T11:38:23+08:00 ] ERR: (ThinkException) 非法操作js
[ 2011-07-02T11:38:23+08:00 ] ERR: (ThinkException) 非法操作images
[ 2011-07-02T11:38:52+08:00 ] ERR: (ThinkException) 非法操作css
[ 2011-07-02T11:38:52+08:00 ] ERR: (ThinkException) 非法操作images
[ 2011-07-02T11:38:52+08:00 ] ERR: (ThinkException) 非法操作images
[ 2011-07-02T11:38:52+08:00 ] ERR: (ThinkException) 非法操作images
[ 2011-07-02T11:38:52+08:00 ] ERR: (ThinkException) 非法操作images
[ 2011-07-02T11:38:52+08:00 ] ERR: (ThinkException) 非法操作images
[ 2011-07-02T11:38:52+08:00 ] ERR: (ThinkException) 非法操作images
[ 2011-07-02T11:38:53+08:00 ] ERR: (ThinkException) 非法操作images
[ 2011-07-02T11:38:53+08:00 ] ERR: (ThinkException) 非法操作images
[ 2011-07-02T11:38:53+08:00 ] ERR: (ThinkException) 非法操作images
[ 2011-07-02T11:38:53+08:00 ] ERR: (ThinkException) 非法操作images
[ 2011-07-02T11:38:53+08:00 ] ERR: (ThinkException) 非法操作css
[ 2011-07-02T11:38:53+08:00 ] ERR: (ThinkException) 非法操作images
[ 2011-07-02T11:38:53+08:00 ] ERR: (ThinkException) 非法操作images
[ 2011-07-02T11:38:53+08:00 ] ERR: (ThinkException) 非法操作css
[ 2011-07-02T11:38:53+08:00 ] ERR: (ThinkException) 非法操作images
[ 2011-07-02T11:38:53+08:00 ] ERR: (ThinkException) 非法操作images
[ 2011-07-02T11:38:53+08:00 ] ERR: (ThinkException) 非法操作images
[ 2011-07-02T11:38:53+08:00 ] ERR: (ThinkException) 非法操作images
[ 2011-07-02T11:38:53+08:00 ] ERR: (ThinkException) 非法操作images
[ 2011-07-02T11:38:53+08:00 ] ERR: (ThinkException) 非法操作images
[ 2011-07-02T11:38:54+08:00 ] ERR: (ThinkException) 非法操作images
[ 2011-07-02T11:38:54+08:00 ] ERR: (ThinkException) 非法操作images
[ 2011-07-02T11:38:54+08:00 ] ERR: (ThinkException) 非法操作images
[ 2011-07-02T11:38:54+08:00 ] ERR: (ThinkException) 非法操作images
[ 2011-07-02T11:38:54+08:00 ] ERR: (ThinkException) 非法操作css
[ 2011-07-02T11:38:54+08:00 ] ERR: (ThinkException) 非法操作images
[ 2011-07-02T11:38:54+08:00 ] ERR: (ThinkException) 非法操作images
[ 2011-07-02T11:39:14+08:00 ] ERR: (ThinkException) 非法操作images
[ 2011-07-02T11:39:14+08:00 ] ERR: (ThinkException) 非法操作images
[ 2011-07-02T11:39:14+08:00 ] ERR: (ThinkException) 非法操作images
[ 2011-07-02T11:39:14+08:00 ] ERR: (ThinkException) 非法操作images
[ 2011-07-02T11:39:14+08:00 ] ERR: (ThinkException) 非法操作images
[ 2011-07-02T11:39:14+08:00 ] ERR: (ThinkException) 非法操作images
[ 2011-07-02T11:39:15+08:00 ] ERR: (ThinkException) 非法操作images
[ 2011-07-02T11:39:15+08:00 ] ERR: (ThinkException) 非法操作images
[ 2011-07-02T11:39:15+08:00 ] ERR: (ThinkException) 非法操作images
[ 2011-07-02T11:39:15+08:00 ] ERR: (ThinkException) 非法操作images
[ 2011-07-02T11:39:15+08:00 ] ERR: (ThinkException) 非法操作images
[ 2011-07-02T11:39:15+08:00 ] ERR: (ThinkException) 非法操作images
[ 2011-07-02T11:39:16+08:00 ] ERR: (ThinkException) 非法操作images
[ 2011-07-02T11:39:16+08:00 ] ERR: (ThinkException) 非法操作images
[ 2011-07-02T11:39:16+08:00 ] ERR: (ThinkException) 非法操作images
[ 2011-07-02T11:39:16+08:00 ] ERR: (ThinkException) 非法操作images
[ 2011-07-02T11:39:16+08:00 ] ERR: (ThinkException) 非法操作images
[ 2011-07-02T11:39:16+08:00 ] ERR: (ThinkException) 非法操作images
[ 2011-07-02T11:43:23+08:00 ] ERR: (ThinkException) 非法操作index_intro.html
[ 2011-07-02T11:43:23+08:00 ] ERR: (ThinkException) 非法操作index_intro.html
[ 2011-07-02T11:45:48+08:00 ] ERR: (ThinkException) 非法操作index_intro.html
[ 2011-07-02T11:45:48+08:00 ] ERR: (ThinkException) 非法操作index_intro.html
[ 2011-07-02T11:56:40+08:00 ] ERR: (ThinkException) 非法操作index_intro.html
[ 2011-07-02T11:56:41+08:00 ] ERR: (ThinkException) 非法操作index_intro.html
[ 2011-07-02T11:56:42+08:00 ] ERR: (ThinkException) 非法操作index_intro.html
[ 2011-07-02T11:56:42+08:00 ] ERR: (ThinkException) 非法操作index_intro.html
[ 2011-07-02T11:57:09+08:00 ] ERR: (ThinkException) 非法操作index_intro.html
[ 2011-07-02T11:57:56+08:00 ] ERR: (ThinkException) 非法操作index_intro.html
[ 2011-07-02T12:02:49+08:00 ] ERR: (ThinkException) 非法操作menu
[ 2011-07-02T12:02:50+08:00 ] ERR: (ThinkException) 非法操作menu
[ 2011-07-02T12:02:51+08:00 ] ERR: (ThinkException) 非法操作menu
[ 2011-07-02T12:02:51+08:00 ] ERR: (ThinkException) 非法操作menu
[ 2011-07-02T12:07:47+08:00 ] ERR: (ThinkException) 非法操作menu
