[ 2011-09-08T14:14:25+08:00 ] SQL: SHOW COLUMNS FROM `leaf_category` [ RunTime:0.000628s ]
[ 2011-09-08T14:14:25+08:00 ] SQL: SELECT * FROM `leaf_category` WHERE parent_id=0 [ RunTime:0.011476s ]
[ 2011-09-08T14:14:25+08:00 ] SQL: SHOW COLUMNS FROM `leaf_item` [ RunTime:0.000667s ]
[ 2011-09-08T14:14:25+08:00 ] SQL: SELECT COUNT(*) AS tp_count FROM `leaf_item` WHERE category_id=1 LIMIT 1  [ RunTime:0.037644s ]
[ 2011-09-08T14:14:25+08:00 ] SQL: SHOW COLUMNS FROM `leaf_category` [ RunTime:0.000539s ]
[ 2011-09-08T14:14:25+08:00 ] SQL: SELECT * FROM `leaf_category` WHERE parent_id=1 [ RunTime:0.000172s ]
[ 2011-09-08T14:14:25+08:00 ] NOTIC: [8] Undefined variable: level CategoryAction.class.php 第 172 行.
[ 2011-09-08T14:14:25+08:00 ] SQL: SHOW COLUMNS FROM `leaf_category` [ RunTime:0.000381s ]
[ 2011-09-08T14:14:25+08:00 ] SQL: SELECT * FROM `leaf_category` WHERE parent_id=4 [ RunTime:0.000144s ]
[ 2011-09-08T14:14:25+08:00 ] NOTIC: [8] Undefined variable: level CategoryAction.class.php 第 172 行.
[ 2011-09-08T14:14:25+08:00 ] SQL: SHOW COLUMNS FROM `leaf_category` [ RunTime:0.000383s ]
[ 2011-09-08T14:14:25+08:00 ] SQL: SELECT * FROM `leaf_category` WHERE parent_id=5 [ RunTime:0.000137s ]
[ 2011-09-08T14:14:25+08:00 ] NOTIC: [8] Undefined variable: level CategoryAction.class.php 第 172 行.
[ 2011-09-08T14:14:25+08:00 ] SQL: SHOW COLUMNS FROM `leaf_category` [ RunTime:0.000393s ]
[ 2011-09-08T14:14:25+08:00 ] SQL: SELECT * FROM `leaf_category` WHERE parent_id=6 [ RunTime:0.000142s ]
[ 2011-09-08T14:14:25+08:00 ] SQL: SHOW COLUMNS FROM `leaf_item` [ RunTime:0.000847s ]
[ 2011-09-08T14:14:25+08:00 ] SQL: SELECT COUNT(*) AS tp_count FROM `leaf_item` WHERE category_id=2 LIMIT 1  [ RunTime:0.000318s ]
[ 2011-09-08T14:14:25+08:00 ] SQL: SHOW COLUMNS FROM `leaf_category` [ RunTime:0.000859s ]
[ 2011-09-08T14:14:25+08:00 ] SQL: SELECT * FROM `leaf_category` WHERE parent_id=2 [ RunTime:0.000285s ]
[ 2011-09-08T14:14:25+08:00 ] NOTIC: [8] Undefined variable: level CategoryAction.class.php 第 172 行.
[ 2011-09-08T14:14:25+08:00 ] SQL: SHOW COLUMNS FROM `leaf_category` [ RunTime:0.000742s ]
[ 2011-09-08T14:14:25+08:00 ] SQL: SELECT * FROM `leaf_category` WHERE parent_id=7 [ RunTime:0.000248s ]
[ 2011-09-08T14:14:25+08:00 ] NOTIC: [8] Undefined variable: level CategoryAction.class.php 第 172 行.
[ 2011-09-08T14:14:25+08:00 ] SQL: SHOW COLUMNS FROM `leaf_category` [ RunTime:0.000690s ]
[ 2011-09-08T14:14:25+08:00 ] SQL: SELECT * FROM `leaf_category` WHERE parent_id=8 [ RunTime:0.000230s ]
[ 2011-09-08T14:14:25+08:00 ] SQL: SHOW COLUMNS FROM `leaf_item` [ RunTime:0.000768s ]
[ 2011-09-08T14:14:25+08:00 ] SQL: SELECT COUNT(*) AS tp_count FROM `leaf_item` WHERE category_id=3 LIMIT 1  [ RunTime:0.000208s ]
[ 2011-09-08T14:14:25+08:00 ] SQL: SHOW COLUMNS FROM `leaf_category` [ RunTime:0.000664s ]
[ 2011-09-08T14:14:25+08:00 ] SQL: SELECT * FROM `leaf_category` WHERE parent_id=3 [ RunTime:0.000197s ]
[ 2011-09-08T14:14:25+08:00 ] NOTIC: [8] Undefined variable: level CategoryAction.class.php 第 172 行.
[ 2011-09-08T14:14:25+08:00 ] SQL: SHOW COLUMNS FROM `leaf_category` [ RunTime:0.000659s ]
[ 2011-09-08T14:14:25+08:00 ] SQL: SELECT * FROM `leaf_category` WHERE parent_id=31 [ RunTime:0.000189s ]
[ 2011-09-08T14:14:25+08:00 ] NOTIC: [8] Undefined variable: level CategoryAction.class.php 第 172 行.
[ 2011-09-08T14:14:25+08:00 ] SQL: SHOW COLUMNS FROM `leaf_category` [ RunTime:0.000652s ]
[ 2011-09-08T14:14:25+08:00 ] SQL: SELECT * FROM `leaf_category` WHERE parent_id=32 [ RunTime:0.000229s ]
[ 2011-09-08T14:14:25+08:00 ] NOTIC: [8] Undefined variable: level CategoryAction.class.php 第 172 行.
[ 2011-09-08T14:14:25+08:00 ] SQL: SHOW COLUMNS FROM `leaf_category` [ RunTime:0.000735s ]
[ 2011-09-08T14:14:25+08:00 ] SQL: SELECT * FROM `leaf_category` WHERE parent_id=34 [ RunTime:0.000194s ]
[ 2011-09-08T14:14:25+08:00 ] SQL: SHOW COLUMNS FROM `leaf_item` [ RunTime:0.000754s ]
[ 2011-09-08T14:14:25+08:00 ] SQL: SELECT COUNT(*) AS tp_count FROM `leaf_item` WHERE category_id=35 LIMIT 1  [ RunTime:0.000233s ]
[ 2011-09-08T14:14:25+08:00 ] SQL: SHOW COLUMNS FROM `leaf_category` [ RunTime:0.000671s ]
[ 2011-09-08T14:14:25+08:00 ] SQL: SELECT * FROM `leaf_category` WHERE parent_id=35 [ RunTime:0.000212s ]
[ 2011-09-08T14:14:43+08:00 ] SQL: SHOW COLUMNS FROM `leaf_item` [ RunTime:0.000666s ]
[ 2011-09-08T14:14:43+08:00 ] SQL: SELECT COUNT(*) AS tp_count FROM `leaf_item` LIMIT 1  [ RunTime:0.000201s ]
[ 2011-09-08T14:14:43+08:00 ] SQL: SELECT * FROM `leaf_item` ORDER BY item_id DESC LIMIT 0,10  [ RunTime:0.000518s ]
[ 2011-09-08T14:14:43+08:00 ] SQL: SHOW COLUMNS FROM `leaf_category` [ RunTime:0.001014s ]
[ 2011-09-08T14:14:43+08:00 ] SQL: SELECT * FROM `leaf_category` WHERE category_id=4 LIMIT 1  [ RunTime:0.000267s ]
[ 2011-09-08T14:14:45+08:00 ] SQL: SHOW COLUMNS FROM `leaf_category` [ RunTime:0.000902s ]
[ 2011-09-08T14:14:45+08:00 ] SQL: SELECT * FROM `leaf_category` WHERE parent_id=0 [ RunTime:0.000098s ]
[ 2011-09-08T14:14:45+08:00 ] SQL: SHOW COLUMNS FROM `leaf_item` [ RunTime:0.001018s ]
[ 2011-09-08T14:14:45+08:00 ] SQL: SELECT COUNT(*) AS tp_count FROM `leaf_item` WHERE category_id=1 LIMIT 1  [ RunTime:0.000107s ]
[ 2011-09-08T14:14:45+08:00 ] SQL: SHOW COLUMNS FROM `leaf_category` [ RunTime:0.001223s ]
[ 2011-09-08T14:14:45+08:00 ] SQL: SELECT * FROM `leaf_category` WHERE parent_id=1 [ RunTime:0.000090s ]
[ 2011-09-08T14:14:45+08:00 ] NOTIC: [8] Undefined variable: level CategoryAction.class.php 第 172 行.
[ 2011-09-08T14:14:45+08:00 ] SQL: SHOW COLUMNS FROM `leaf_category` [ RunTime:0.000844s ]
[ 2011-09-08T14:14:45+08:00 ] SQL: SELECT * FROM `leaf_category` WHERE parent_id=4 [ RunTime:0.000079s ]
[ 2011-09-08T14:14:45+08:00 ] NOTIC: [8] Undefined variable: level CategoryAction.class.php 第 172 行.
[ 2011-09-08T14:14:45+08:00 ] SQL: SHOW COLUMNS FROM `leaf_category` [ RunTime:0.000777s ]
[ 2011-09-08T14:14:45+08:00 ] SQL: SELECT * FROM `leaf_category` WHERE parent_id=5 [ RunTime:0.000080s ]
[ 2011-09-08T14:14:45+08:00 ] NOTIC: [8] Undefined variable: level CategoryAction.class.php 第 172 行.
[ 2011-09-08T14:14:45+08:00 ] SQL: SHOW COLUMNS FROM `leaf_category` [ RunTime:0.000778s ]
[ 2011-09-08T14:14:45+08:00 ] SQL: SELECT * FROM `leaf_category` WHERE parent_id=6 [ RunTime:0.000083s ]
[ 2011-09-08T14:14:45+08:00 ] SQL: SHOW COLUMNS FROM `leaf_item` [ RunTime:0.000899s ]
[ 2011-09-08T14:14:45+08:00 ] SQL: SELECT COUNT(*) AS tp_count FROM `leaf_item` WHERE category_id=2 LIMIT 1  [ RunTime:0.000078s ]
[ 2011-09-08T14:14:45+08:00 ] SQL: SHOW COLUMNS FROM `leaf_category` [ RunTime:0.000861s ]
[ 2011-09-08T14:14:45+08:00 ] SQL: SELECT * FROM `leaf_category` WHERE parent_id=2 [ RunTime:0.000086s ]
[ 2011-09-08T14:14:45+08:00 ] NOTIC: [8] Undefined variable: level CategoryAction.class.php 第 172 行.
[ 2011-09-08T14:14:45+08:00 ] SQL: SHOW COLUMNS FROM `leaf_category` [ RunTime:0.000861s ]
[ 2011-09-08T14:14:45+08:00 ] SQL: SELECT * FROM `leaf_category` WHERE parent_id=7 [ RunTime:0.000085s ]
[ 2011-09-08T14:14:45+08:00 ] NOTIC: [8] Undefined variable: level CategoryAction.class.php 第 172 行.
[ 2011-09-08T14:14:45+08:00 ] SQL: SHOW COLUMNS FROM `leaf_category` [ RunTime:0.000852s ]
[ 2011-09-08T14:14:45+08:00 ] SQL: SELECT * FROM `leaf_category` WHERE parent_id=8 [ RunTime:0.000091s ]
[ 2011-09-08T14:14:45+08:00 ] SQL: SHOW COLUMNS FROM `leaf_item` [ RunTime:0.001002s ]
[ 2011-09-08T14:14:45+08:00 ] SQL: SELECT COUNT(*) AS tp_count FROM `leaf_item` WHERE category_id=3 LIMIT 1  [ RunTime:0.000083s ]
[ 2011-09-08T14:14:45+08:00 ] SQL: SHOW COLUMNS FROM `leaf_category` [ RunTime:0.000890s ]
[ 2011-09-08T14:14:45+08:00 ] SQL: SELECT * FROM `leaf_category` WHERE parent_id=3 [ RunTime:0.000087s ]
[ 2011-09-08T14:14:45+08:00 ] NOTIC: [8] Undefined variable: level CategoryAction.class.php 第 172 行.
[ 2011-09-08T14:14:45+08:00 ] SQL: SHOW COLUMNS FROM `leaf_category` [ RunTime:0.000889s ]
[ 2011-09-08T14:14:45+08:00 ] SQL: SELECT * FROM `leaf_category` WHERE parent_id=31 [ RunTime:0.000089s ]
[ 2011-09-08T14:14:45+08:00 ] NOTIC: [8] Undefined variable: level CategoryAction.class.php 第 172 行.
[ 2011-09-08T14:14:45+08:00 ] SQL: SHOW COLUMNS FROM `leaf_category` [ RunTime:0.000885s ]
[ 2011-09-08T14:14:45+08:00 ] SQL: SELECT * FROM `leaf_category` WHERE parent_id=32 [ RunTime:0.000088s ]
[ 2011-09-08T14:14:45+08:00 ] NOTIC: [8] Undefined variable: level CategoryAction.class.php 第 172 行.
[ 2011-09-08T14:14:45+08:00 ] SQL: SHOW COLUMNS FROM `leaf_category` [ RunTime:0.000908s ]
[ 2011-09-08T14:14:45+08:00 ] SQL: SELECT * FROM `leaf_category` WHERE parent_id=34 [ RunTime:0.000085s ]
[ 2011-09-08T14:14:45+08:00 ] SQL: SHOW COLUMNS FROM `leaf_item` [ RunTime:0.000964s ]
[ 2011-09-08T14:14:45+08:00 ] SQL: SELECT COUNT(*) AS tp_count FROM `leaf_item` WHERE category_id=35 LIMIT 1  [ RunTime:0.000095s ]
[ 2011-09-08T14:14:45+08:00 ] SQL: SHOW COLUMNS FROM `leaf_category` [ RunTime:0.000817s ]
[ 2011-09-08T14:14:45+08:00 ] SQL: SELECT * FROM `leaf_category` WHERE parent_id=35 [ RunTime:0.000068s ]
[ 2011-09-08T14:36:16+08:00 ] SQL: SHOW COLUMNS FROM `leaf_category` [ RunTime:0.000624s ]
[ 2011-09-08T14:36:16+08:00 ] SQL: SELECT * FROM `leaf_category` WHERE parent_id=0 [ RunTime:0.000076s ]
[ 2011-09-08T14:36:16+08:00 ] SQL: SHOW COLUMNS FROM `leaf_item` [ RunTime:0.000444s ]
[ 2011-09-08T14:36:16+08:00 ] SQL: SELECT COUNT(*) AS tp_count FROM `leaf_item` WHERE category_id=1 LIMIT 1  [ RunTime:0.000052s ]
[ 2011-09-08T14:36:16+08:00 ] SQL: SHOW COLUMNS FROM `leaf_item` [ RunTime:0.000420s ]
[ 2011-09-08T14:36:16+08:00 ] SQL: SELECT COUNT(*) AS tp_count FROM `leaf_item` WHERE category_id=2 LIMIT 1  [ RunTime:0.000052s ]
[ 2011-09-08T14:36:16+08:00 ] SQL: SHOW COLUMNS FROM `leaf_item` [ RunTime:0.000418s ]
[ 2011-09-08T14:36:16+08:00 ] SQL: SELECT COUNT(*) AS tp_count FROM `leaf_item` WHERE category_id=3 LIMIT 1  [ RunTime:0.000050s ]
[ 2011-09-08T14:36:16+08:00 ] SQL: SHOW COLUMNS FROM `leaf_item` [ RunTime:0.000416s ]
[ 2011-09-08T14:36:16+08:00 ] SQL: SELECT COUNT(*) AS tp_count FROM `leaf_item` WHERE category_id=35 LIMIT 1  [ RunTime:0.000051s ]
[ 2011-09-08T14:36:17+08:00 ] SQL: SHOW COLUMNS FROM `leaf_category` [ RunTime:0.000617s ]
[ 2011-09-08T14:36:17+08:00 ] SQL: SELECT * FROM `leaf_category` WHERE parent_id=0 [ RunTime:0.000115s ]
[ 2011-09-08T14:36:17+08:00 ] SQL: SHOW COLUMNS FROM `leaf_item` [ RunTime:0.000551s ]
[ 2011-09-08T14:36:17+08:00 ] SQL: SELECT COUNT(*) AS tp_count FROM `leaf_item` WHERE category_id=1 LIMIT 1  [ RunTime:0.000053s ]
[ 2011-09-08T14:36:17+08:00 ] SQL: SHOW COLUMNS FROM `leaf_item` [ RunTime:0.000463s ]
[ 2011-09-08T14:36:17+08:00 ] SQL: SELECT COUNT(*) AS tp_count FROM `leaf_item` WHERE category_id=2 LIMIT 1  [ RunTime:0.000054s ]
[ 2011-09-08T14:36:17+08:00 ] SQL: SHOW COLUMNS FROM `leaf_item` [ RunTime:0.001070s ]
[ 2011-09-08T14:36:17+08:00 ] SQL: SELECT COUNT(*) AS tp_count FROM `leaf_item` WHERE category_id=3 LIMIT 1  [ RunTime:0.000065s ]
[ 2011-09-08T14:36:17+08:00 ] SQL: SHOW COLUMNS FROM `leaf_item` [ RunTime:0.000598s ]
[ 2011-09-08T14:36:17+08:00 ] SQL: SELECT COUNT(*) AS tp_count FROM `leaf_item` WHERE category_id=35 LIMIT 1  [ RunTime:0.000089s ]
[ 2011-09-08T14:36:17+08:00 ] SQL: SHOW COLUMNS FROM `leaf_category` [ RunTime:0.000913s ]
[ 2011-09-08T14:36:17+08:00 ] SQL: SELECT * FROM `leaf_category` WHERE parent_id=0 [ RunTime:0.000071s ]
[ 2011-09-08T14:36:17+08:00 ] SQL: SHOW COLUMNS FROM `leaf_item` [ RunTime:0.000576s ]
[ 2011-09-08T14:36:17+08:00 ] SQL: SELECT COUNT(*) AS tp_count FROM `leaf_item` WHERE category_id=1 LIMIT 1  [ RunTime:0.000096s ]
[ 2011-09-08T14:36:17+08:00 ] SQL: SHOW COLUMNS FROM `leaf_item` [ RunTime:0.001055s ]
[ 2011-09-08T14:36:17+08:00 ] SQL: SELECT COUNT(*) AS tp_count FROM `leaf_item` WHERE category_id=2 LIMIT 1  [ RunTime:0.000092s ]
[ 2011-09-08T14:36:17+08:00 ] SQL: SHOW COLUMNS FROM `leaf_item` [ RunTime:0.001038s ]
[ 2011-09-08T14:36:17+08:00 ] SQL: SELECT COUNT(*) AS tp_count FROM `leaf_item` WHERE category_id=3 LIMIT 1  [ RunTime:0.000080s ]
[ 2011-09-08T14:36:17+08:00 ] SQL: SHOW COLUMNS FROM `leaf_item` [ RunTime:0.000527s ]
[ 2011-09-08T14:36:17+08:00 ] SQL: SELECT COUNT(*) AS tp_count FROM `leaf_item` WHERE category_id=35 LIMIT 1  [ RunTime:0.000088s ]
[ 2011-09-08T14:36:17+08:00 ] SQL: SHOW COLUMNS FROM `leaf_category` [ RunTime:0.000608s ]
[ 2011-09-08T14:36:17+08:00 ] SQL: SELECT * FROM `leaf_category` WHERE parent_id=0 [ RunTime:0.000061s ]
[ 2011-09-08T14:36:17+08:00 ] SQL: SHOW COLUMNS FROM `leaf_item` [ RunTime:0.000434s ]
[ 2011-09-08T14:36:17+08:00 ] SQL: SELECT COUNT(*) AS tp_count FROM `leaf_item` WHERE category_id=1 LIMIT 1  [ RunTime:0.000052s ]
[ 2011-09-08T14:36:17+08:00 ] SQL: SHOW COLUMNS FROM `leaf_item` [ RunTime:0.000424s ]
[ 2011-09-08T14:36:17+08:00 ] SQL: SELECT COUNT(*) AS tp_count FROM `leaf_item` WHERE category_id=2 LIMIT 1  [ RunTime:0.000052s ]
[ 2011-09-08T14:36:17+08:00 ] SQL: SHOW COLUMNS FROM `leaf_item` [ RunTime:0.000419s ]
[ 2011-09-08T14:36:17+08:00 ] SQL: SELECT COUNT(*) AS tp_count FROM `leaf_item` WHERE category_id=3 LIMIT 1  [ RunTime:0.000050s ]
[ 2011-09-08T14:36:17+08:00 ] SQL: SHOW COLUMNS FROM `leaf_item` [ RunTime:0.000417s ]
[ 2011-09-08T14:36:17+08:00 ] SQL: SELECT COUNT(*) AS tp_count FROM `leaf_item` WHERE category_id=35 LIMIT 1  [ RunTime:0.000051s ]
[ 2011-09-08T14:36:17+08:00 ] SQL: SHOW COLUMNS FROM `leaf_category` [ RunTime:0.000603s ]
[ 2011-09-08T14:36:17+08:00 ] SQL: SELECT * FROM `leaf_category` WHERE parent_id=0 [ RunTime:0.000065s ]
[ 2011-09-08T14:36:17+08:00 ] SQL: SHOW COLUMNS FROM `leaf_item` [ RunTime:0.000527s ]
[ 2011-09-08T14:36:17+08:00 ] SQL: SELECT COUNT(*) AS tp_count FROM `leaf_item` WHERE category_id=1 LIMIT 1  [ RunTime:0.000118s ]
[ 2011-09-08T14:36:17+08:00 ] SQL: SHOW COLUMNS FROM `leaf_item` [ RunTime:0.000517s ]
[ 2011-09-08T14:36:17+08:00 ] SQL: SELECT COUNT(*) AS tp_count FROM `leaf_item` WHERE category_id=2 LIMIT 1  [ RunTime:0.000117s ]
[ 2011-09-08T14:36:17+08:00 ] SQL: SHOW COLUMNS FROM `leaf_item` [ RunTime:0.000637s ]
[ 2011-09-08T14:36:17+08:00 ] SQL: SELECT COUNT(*) AS tp_count FROM `leaf_item` WHERE category_id=3 LIMIT 1  [ RunTime:0.000113s ]
[ 2011-09-08T14:36:17+08:00 ] SQL: SHOW COLUMNS FROM `leaf_item` [ RunTime:0.000609s ]
[ 2011-09-08T14:36:17+08:00 ] SQL: SELECT COUNT(*) AS tp_count FROM `leaf_item` WHERE category_id=35 LIMIT 1  [ RunTime:0.000117s ]
[ 2011-09-08T14:36:18+08:00 ] SQL: SHOW COLUMNS FROM `leaf_category` [ RunTime:0.000532s ]
[ 2011-09-08T14:36:18+08:00 ] SQL: SELECT * FROM `leaf_category` WHERE parent_id=0 [ RunTime:0.000118s ]
[ 2011-09-08T14:36:18+08:00 ] SQL: SHOW COLUMNS FROM `leaf_item` [ RunTime:0.001202s ]
[ 2011-09-08T14:36:18+08:00 ] SQL: SELECT COUNT(*) AS tp_count FROM `leaf_item` WHERE category_id=1 LIMIT 1  [ RunTime:0.000088s ]
[ 2011-09-08T14:36:18+08:00 ] SQL: SHOW COLUMNS FROM `leaf_item` [ RunTime:0.000995s ]
[ 2011-09-08T14:36:18+08:00 ] SQL: SELECT COUNT(*) AS tp_count FROM `leaf_item` WHERE category_id=2 LIMIT 1  [ RunTime:0.000074s ]
[ 2011-09-08T14:36:18+08:00 ] SQL: SHOW COLUMNS FROM `leaf_item` [ RunTime:0.001021s ]
[ 2011-09-08T14:36:18+08:00 ] SQL: SELECT COUNT(*) AS tp_count FROM `leaf_item` WHERE category_id=3 LIMIT 1  [ RunTime:0.000086s ]
[ 2011-09-08T14:36:18+08:00 ] SQL: SHOW COLUMNS FROM `leaf_item` [ RunTime:0.000421s ]
[ 2011-09-08T14:36:18+08:00 ] SQL: SELECT COUNT(*) AS tp_count FROM `leaf_item` WHERE category_id=35 LIMIT 1  [ RunTime:0.000051s ]
[ 2011-09-08T14:36:18+08:00 ] SQL: SHOW COLUMNS FROM `leaf_category` [ RunTime:0.000542s ]
[ 2011-09-08T14:36:18+08:00 ] SQL: SELECT * FROM `leaf_category` WHERE parent_id=0 [ RunTime:0.000141s ]
[ 2011-09-08T14:36:18+08:00 ] SQL: SHOW COLUMNS FROM `leaf_item` [ RunTime:0.000531s ]
[ 2011-09-08T14:36:18+08:00 ] SQL: SELECT COUNT(*) AS tp_count FROM `leaf_item` WHERE category_id=1 LIMIT 1  [ RunTime:0.000120s ]
[ 2011-09-08T14:36:18+08:00 ] SQL: SHOW COLUMNS FROM `leaf_item` [ RunTime:0.000532s ]
[ 2011-09-08T14:36:18+08:00 ] SQL: SELECT COUNT(*) AS tp_count FROM `leaf_item` WHERE category_id=2 LIMIT 1  [ RunTime:0.000119s ]
[ 2011-09-08T14:36:18+08:00 ] SQL: SHOW COLUMNS FROM `leaf_item` [ RunTime:0.000441s ]
[ 2011-09-08T14:36:18+08:00 ] SQL: SELECT COUNT(*) AS tp_count FROM `leaf_item` WHERE category_id=3 LIMIT 1  [ RunTime:0.000116s ]
[ 2011-09-08T14:36:18+08:00 ] SQL: SHOW COLUMNS FROM `leaf_item` [ RunTime:0.000572s ]
[ 2011-09-08T14:36:18+08:00 ] SQL: SELECT COUNT(*) AS tp_count FROM `leaf_item` WHERE category_id=35 LIMIT 1  [ RunTime:0.000118s ]
[ 2011-09-08T14:36:19+08:00 ] SQL: SHOW COLUMNS FROM `leaf_category` [ RunTime:0.000606s ]
[ 2011-09-08T14:36:19+08:00 ] SQL: SELECT * FROM `leaf_category` WHERE parent_id=0 [ RunTime:0.000063s ]
[ 2011-09-08T14:36:19+08:00 ] SQL: SHOW COLUMNS FROM `leaf_item` [ RunTime:0.000427s ]
[ 2011-09-08T14:36:19+08:00 ] SQL: SELECT COUNT(*) AS tp_count FROM `leaf_item` WHERE category_id=1 LIMIT 1  [ RunTime:0.000116s ]
[ 2011-09-08T14:36:19+08:00 ] SQL: SHOW COLUMNS FROM `leaf_item` [ RunTime:0.000467s ]
[ 2011-09-08T14:36:19+08:00 ] SQL: SELECT COUNT(*) AS tp_count FROM `leaf_item` WHERE category_id=2 LIMIT 1  [ RunTime:0.000052s ]
[ 2011-09-08T14:36:19+08:00 ] SQL: SHOW COLUMNS FROM `leaf_item` [ RunTime:0.000456s ]
[ 2011-09-08T14:36:19+08:00 ] SQL: SELECT COUNT(*) AS tp_count FROM `leaf_item` WHERE category_id=3 LIMIT 1  [ RunTime:0.000114s ]
[ 2011-09-08T14:36:19+08:00 ] SQL: SHOW COLUMNS FROM `leaf_item` [ RunTime:0.000623s ]
[ 2011-09-08T14:36:19+08:00 ] SQL: SELECT COUNT(*) AS tp_count FROM `leaf_item` WHERE category_id=35 LIMIT 1  [ RunTime:0.000053s ]
[ 2011-09-08T14:36:20+08:00 ] SQL: SHOW COLUMNS FROM `leaf_category` [ RunTime:0.000625s ]
[ 2011-09-08T14:36:20+08:00 ] SQL: SELECT * FROM `leaf_category` WHERE parent_id=0 [ RunTime:0.000143s ]
[ 2011-09-08T14:36:20+08:00 ] SQL: SHOW COLUMNS FROM `leaf_item` [ RunTime:0.000504s ]
[ 2011-09-08T14:36:20+08:00 ] SQL: SELECT COUNT(*) AS tp_count FROM `leaf_item` WHERE category_id=1 LIMIT 1  [ RunTime:0.000121s ]
[ 2011-09-08T14:36:20+08:00 ] SQL: SHOW COLUMNS FROM `leaf_item` [ RunTime:0.000546s ]
[ 2011-09-08T14:36:20+08:00 ] SQL: SELECT COUNT(*) AS tp_count FROM `leaf_item` WHERE category_id=2 LIMIT 1  [ RunTime:0.000119s ]
[ 2011-09-08T14:36:20+08:00 ] SQL: SHOW COLUMNS FROM `leaf_item` [ RunTime:0.000536s ]
[ 2011-09-08T14:36:20+08:00 ] SQL: SELECT COUNT(*) AS tp_count FROM `leaf_item` WHERE category_id=3 LIMIT 1  [ RunTime:0.000064s ]
[ 2011-09-08T14:36:20+08:00 ] SQL: SHOW COLUMNS FROM `leaf_item` [ RunTime:0.000773s ]
[ 2011-09-08T14:36:20+08:00 ] SQL: SELECT COUNT(*) AS tp_count FROM `leaf_item` WHERE category_id=35 LIMIT 1  [ RunTime:0.000066s ]
[ 2011-09-08T14:36:20+08:00 ] SQL: SHOW COLUMNS FROM `leaf_category` [ RunTime:0.000525s ]
[ 2011-09-08T14:36:20+08:00 ] SQL: SELECT * FROM `leaf_category` WHERE parent_id=0 [ RunTime:0.000070s ]
[ 2011-09-08T14:36:20+08:00 ] SQL: SHOW COLUMNS FROM `leaf_item` [ RunTime:0.000524s ]
[ 2011-09-08T14:36:20+08:00 ] SQL: SELECT COUNT(*) AS tp_count FROM `leaf_item` WHERE category_id=1 LIMIT 1  [ RunTime:0.000119s ]
[ 2011-09-08T14:36:20+08:00 ] SQL: SHOW COLUMNS FROM `leaf_item` [ RunTime:0.000515s ]
[ 2011-09-08T14:36:20+08:00 ] SQL: SELECT COUNT(*) AS tp_count FROM `leaf_item` WHERE category_id=2 LIMIT 1  [ RunTime:0.000118s ]
[ 2011-09-08T14:36:20+08:00 ] SQL: SHOW COLUMNS FROM `leaf_item` [ RunTime:0.000421s ]
[ 2011-09-08T14:36:20+08:00 ] SQL: SELECT COUNT(*) AS tp_count FROM `leaf_item` WHERE category_id=3 LIMIT 1  [ RunTime:0.000049s ]
[ 2011-09-08T14:36:20+08:00 ] SQL: SHOW COLUMNS FROM `leaf_item` [ RunTime:0.000579s ]
[ 2011-09-08T14:36:20+08:00 ] SQL: SELECT COUNT(*) AS tp_count FROM `leaf_item` WHERE category_id=35 LIMIT 1  [ RunTime:0.000116s ]
[ 2011-09-08T14:36:21+08:00 ] SQL: SHOW COLUMNS FROM `leaf_category` [ RunTime:0.000614s ]
[ 2011-09-08T14:36:21+08:00 ] SQL: SELECT * FROM `leaf_category` WHERE parent_id=0 [ RunTime:0.000141s ]
[ 2011-09-08T14:36:21+08:00 ] SQL: SHOW COLUMNS FROM `leaf_item` [ RunTime:0.000600s ]
[ 2011-09-08T14:36:21+08:00 ] SQL: SELECT COUNT(*) AS tp_count FROM `leaf_item` WHERE category_id=1 LIMIT 1  [ RunTime:0.000145s ]
[ 2011-09-08T14:36:21+08:00 ] SQL: SHOW COLUMNS FROM `leaf_item` [ RunTime:0.001036s ]
[ 2011-09-08T14:36:21+08:00 ] SQL: SELECT COUNT(*) AS tp_count FROM `leaf_item` WHERE category_id=2 LIMIT 1  [ RunTime:0.000088s ]
[ 2011-09-08T14:36:21+08:00 ] SQL: SHOW COLUMNS FROM `leaf_item` [ RunTime:0.000957s ]
[ 2011-09-08T14:36:21+08:00 ] SQL: SELECT COUNT(*) AS tp_count FROM `leaf_item` WHERE category_id=3 LIMIT 1  [ RunTime:0.000090s ]
[ 2011-09-08T14:36:21+08:00 ] SQL: SHOW COLUMNS FROM `leaf_item` [ RunTime:0.001046s ]
[ 2011-09-08T14:36:21+08:00 ] SQL: SELECT COUNT(*) AS tp_count FROM `leaf_item` WHERE category_id=35 LIMIT 1  [ RunTime:0.000090s ]
[ 2011-09-08T20:57:31+08:00 ] SQL: SHOW COLUMNS FROM `leaf_category` [ RunTime:0.000995s ]
[ 2011-09-08T20:57:31+08:00 ] SQL: SELECT * FROM `leaf_category` WHERE parent_id=0 [ RunTime:0.021990s ]
[ 2011-09-08T20:57:31+08:00 ] SQL: SHOW COLUMNS FROM `leaf_item` [ RunTime:0.000695s ]
[ 2011-09-08T20:57:31+08:00 ] SQL: SELECT COUNT(*) AS tp_count FROM `leaf_item` WHERE category_id=1 LIMIT 1  [ RunTime:0.110602s ]
[ 2011-09-08T20:57:31+08:00 ] SQL: SHOW COLUMNS FROM `leaf_item` [ RunTime:0.000742s ]
[ 2011-09-08T20:57:31+08:00 ] SQL: SELECT COUNT(*) AS tp_count FROM `leaf_item` WHERE category_id=2 LIMIT 1  [ RunTime:0.000229s ]
[ 2011-09-08T20:57:31+08:00 ] SQL: SHOW COLUMNS FROM `leaf_item` [ RunTime:0.000703s ]
[ 2011-09-08T20:57:31+08:00 ] SQL: SELECT COUNT(*) AS tp_count FROM `leaf_item` WHERE category_id=3 LIMIT 1  [ RunTime:0.000207s ]
[ 2011-09-08T20:57:31+08:00 ] SQL: SHOW COLUMNS FROM `leaf_item` [ RunTime:0.000954s ]
[ 2011-09-08T20:57:31+08:00 ] SQL: SELECT COUNT(*) AS tp_count FROM `leaf_item` WHERE category_id=35 LIMIT 1  [ RunTime:0.000259s ]
