[ 2011-06-29T12:59:42+08:00 ] ERR: (ThinkException) 无法加载模块index
[ 2011-06-29T13:00:04+08:00 ] ERR: (ThinkException) 无法加载模块index
[ 2011-06-29T13:00:05+08:00 ] ERR: (ThinkException) 无法加载模块index
[ 2011-06-29T13:00:05+08:00 ] ERR: (ThinkException) 无法加载模块index
[ 2011-06-29T13:00:12+08:00 ] ERR: (ThinkException) 无法加载模块index
[ 2011-06-29T13:00:13+08:00 ] ERR: (ThinkException) 无法加载模块index
[ 2011-06-29T13:00:13+08:00 ] ERR: (ThinkException) 无法加载模块index
[ 2011-06-29T13:00:50+08:00 ] ERR: (ThinkException) 无法加载模块index
[ 2011-06-29T13:00:50+08:00 ] ERR: (ThinkException) 无法加载模块index
[ 2011-06-29T13:00:50+08:00 ] ERR: (ThinkException) 无法加载模块index
[ 2011-06-29T13:00:50+08:00 ] ERR: (ThinkException) 无法加载模块index
[ 2011-06-29T13:00:50+08:00 ] ERR: (ThinkException) 无法加载模块index
[ 2011-06-29T13:00:51+08:00 ] ERR: (ThinkException) 无法加载模块index
[ 2011-06-29T13:00:51+08:00 ] ERR: (ThinkException) 无法加载模块index
[ 2011-06-29T13:00:51+08:00 ] ERR: (ThinkException) 无法加载模块index
[ 2011-06-29T13:00:58+08:00 ] ERR: (ThinkException) 无法加载模块hj
[ 2011-06-29T13:01:05+08:00 ] ERR: (ThinkException) 无法加载模块hj
[ 2011-06-29T13:01:05+08:00 ] ERR: (ThinkException) 无法加载模块hj
[ 2011-06-29T13:01:05+08:00 ] ERR: (ThinkException) 无法加载模块hj
[ 2011-06-29T13:01:06+08:00 ] ERR: (ThinkException) 无法加载模块hj
[ 2011-06-29T13:01:06+08:00 ] ERR: (ThinkException) 无法加载模块hj
[ 2011-06-29T13:01:07+08:00 ] ERR: (ThinkException) 无法加载模块index
[ 2011-06-29T13:01:15+08:00 ] ERR: (ThinkException) 无法加载模块hj
[ 2011-06-29T13:02:01+08:00 ] ERR: (ThinkException) 无法加载模块hj
[ 2011-06-29T13:02:02+08:00 ] ERR: (ThinkException) 无法加载模块hj
[ 2011-06-29T13:02:02+08:00 ] ERR: (ThinkException) 无法加载模块hj
[ 2011-06-29T13:02:02+08:00 ] ERR: (ThinkException) 无法加载模块hj
[ 2011-06-29T13:02:02+08:00 ] ERR: (ThinkException) 无法加载模块hj
[ 2011-06-29T13:02:02+08:00 ] ERR: (ThinkException) 无法加载模块hj
[ 2011-06-29T13:02:02+08:00 ] ERR: (ThinkException) 无法加载模块hj
[ 2011-06-29T13:02:02+08:00 ] ERR: (ThinkException) 无法加载模块hj
[ 2011-06-29T13:02:03+08:00 ] ERR: (ThinkException) 无法加载模块hj
[ 2011-06-29T13:02:11+08:00 ] ERR: (ThinkException) 无法加载模块index
[ 2011-06-29T13:02:31+08:00 ] ERR: (ThinkException) 无法加载模块idex
[ 2011-06-29T13:02:33+08:00 ] ERR: (ThinkException) 无法加载模块idex
[ 2011-06-29T13:02:33+08:00 ] ERR: (ThinkException) 无法加载模块idex
[ 2011-06-29T13:02:34+08:00 ] ERR: (ThinkException) 无法加载模块idex
[ 2011-06-29T13:41:07+08:00 ] ERR: (ThinkException) 无法加载模块index
[ 2011-06-29T13:41:11+08:00 ] ERR: (ThinkException) 无法加载模块index
[ 2011-06-29T13:41:11+08:00 ] ERR: (ThinkException) 无法加载模块index
[ 2011-06-29T13:41:12+08:00 ] ERR: (ThinkException) 无法加载模块index
[ 2011-06-29T13:41:12+08:00 ] ERR: (ThinkException) 无法加载模块index
[ 2011-06-29T13:41:12+08:00 ] ERR: (ThinkException) 无法加载模块index
[ 2011-06-29T13:41:12+08:00 ] ERR: (ThinkException) 无法加载模块index
[ 2011-06-29T13:41:12+08:00 ] ERR: (ThinkException) 无法加载模块index
[ 2011-06-29T13:41:12+08:00 ] ERR: (ThinkException) 无法加载模块index
[ 2011-06-29T13:41:13+08:00 ] ERR: (ThinkException) 无法加载模块index
[ 2011-06-29T13:41:13+08:00 ] ERR: (ThinkException) 无法加载模块index
[ 2011-06-29T13:41:21+08:00 ] ERR: (ThinkException) 无法加载模块index
[ 2011-06-29T13:41:21+08:00 ] ERR: (ThinkException) 无法加载模块index
[ 2011-06-29T13:41:22+08:00 ] ERR: (ThinkException) 无法加载模块index
[ 2011-06-29T13:41:22+08:00 ] ERR: (ThinkException) 无法加载模块index
[ 2011-06-29T13:44:10+08:00 ] ERR: (ThinkException) 无法加载模块js
[ 2011-06-29T13:44:10+08:00 ] ERR: (ThinkException) 无法加载模块images
[ 2011-06-29T13:44:10+08:00 ] ERR: (ThinkException) 无法加载模块images
[ 2011-06-29T13:44:10+08:00 ] ERR: (ThinkException) 无法加载模块images
[ 2011-06-29T13:44:10+08:00 ] ERR: (ThinkException) 无法加载模块
[ 2011-06-29T13:44:10+08:00 ] ERR: (ThinkException) 无法加载模块
[ 2011-06-29T13:44:10+08:00 ] ERR: (ThinkException) 无法加载模块images
[ 2011-06-29T13:44:10+08:00 ] ERR: (ThinkException) 无法加载模块Public
[ 2011-06-29T13:44:10+08:00 ] ERR: (ThinkException) 无法加载模块Public
[ 2011-06-29T13:44:10+08:00 ] ERR: (ThinkException) 无法加载模块Public
[ 2011-06-29T13:44:10+08:00 ] ERR: (ThinkException) 无法加载模块Public
[ 2011-06-29T13:44:12+08:00 ] ERR: (ThinkException) 无法加载模块Public
[ 2011-06-29T13:44:15+08:00 ] ERR: (ThinkException) 无法加载模块images
[ 2011-06-29T13:44:15+08:00 ] ERR: (ThinkException) 无法加载模块images
[ 2011-06-29T13:44:15+08:00 ] ERR: (ThinkException) 无法加载模块js
[ 2011-06-29T13:44:15+08:00 ] ERR: (ThinkException) 无法加载模块images
[ 2011-06-29T13:44:15+08:00 ] ERR: (ThinkException) 无法加载模块
[ 2011-06-29T13:44:15+08:00 ] ERR: (ThinkException) 无法加载模块images
[ 2011-06-29T13:44:15+08:00 ] ERR: (ThinkException) 无法加载模块Public
[ 2011-06-29T13:44:15+08:00 ] ERR: (ThinkException) 无法加载模块
[ 2011-06-29T13:44:15+08:00 ] ERR: (ThinkException) 无法加载模块Public
[ 2011-06-29T13:44:15+08:00 ] ERR: (ThinkException) 无法加载模块Public
[ 2011-06-29T13:44:15+08:00 ] ERR: (ThinkException) 无法加载模块Public
[ 2011-06-29T13:44:15+08:00 ] ERR: (ThinkException) 无法加载模块images
[ 2011-06-29T13:44:15+08:00 ] ERR: (ThinkException) 无法加载模块images
[ 2011-06-29T13:44:15+08:00 ] ERR: (ThinkException) 无法加载模块js
[ 2011-06-29T13:44:15+08:00 ] ERR: (ThinkException) 无法加载模块images
[ 2011-06-29T13:44:15+08:00 ] ERR: (ThinkException) 无法加载模块
[ 2011-06-29T13:44:15+08:00 ] ERR: (ThinkException) 无法加载模块Public
[ 2011-06-29T13:44:15+08:00 ] ERR: (ThinkException) 无法加载模块
[ 2011-06-29T13:44:15+08:00 ] ERR: (ThinkException) 无法加载模块Public
[ 2011-06-29T13:44:15+08:00 ] ERR: (ThinkException) 无法加载模块images
[ 2011-06-29T13:44:15+08:00 ] ERR: (ThinkException) 无法加载模块Public
[ 2011-06-29T13:44:15+08:00 ] ERR: (ThinkException) 无法加载模块Public
[ 2011-06-29T13:44:16+08:00 ] ERR: (ThinkException) 无法加载模块Public
[ 2011-06-29T13:44:16+08:00 ] ERR: (ThinkException) 无法加载模块js
[ 2011-06-29T13:44:16+08:00 ] ERR: (ThinkException) 无法加载模块images
[ 2011-06-29T13:44:16+08:00 ] ERR: (ThinkException) 无法加载模块images
[ 2011-06-29T13:44:16+08:00 ] ERR: (ThinkException) 无法加载模块images
[ 2011-06-29T13:44:16+08:00 ] ERR: (ThinkException) 无法加载模块
[ 2011-06-29T13:44:16+08:00 ] ERR: (ThinkException) 无法加载模块
[ 2011-06-29T13:44:16+08:00 ] ERR: (ThinkException) 无法加载模块images
[ 2011-06-29T13:44:16+08:00 ] ERR: (ThinkException) 无法加载模块Public
[ 2011-06-29T13:44:16+08:00 ] ERR: (ThinkException) 无法加载模块Public
[ 2011-06-29T13:44:16+08:00 ] ERR: (ThinkException) 无法加载模块Public
[ 2011-06-29T13:44:16+08:00 ] ERR: (ThinkException) 无法加载模块Public
[ 2011-06-29T13:44:16+08:00 ] ERR: (ThinkException) 无法加载模块images
[ 2011-06-29T13:44:16+08:00 ] ERR: (ThinkException) 无法加载模块images
[ 2011-06-29T13:44:16+08:00 ] ERR: (ThinkException) 无法加载模块js
[ 2011-06-29T13:44:16+08:00 ] ERR: (ThinkException) 无法加载模块images
[ 2011-06-29T13:44:16+08:00 ] ERR: (ThinkException) 无法加载模块images
[ 2011-06-29T13:44:16+08:00 ] ERR: (ThinkException) 无法加载模块js
[ 2011-06-29T13:44:16+08:00 ] ERR: (ThinkException) 无法加载模块images
[ 2011-06-29T13:44:16+08:00 ] ERR: (ThinkException) 无法加载模块Public
[ 2011-06-29T13:44:16+08:00 ] ERR: (ThinkException) 无法加载模块
[ 2011-06-29T13:44:16+08:00 ] ERR: (ThinkException) 无法加载模块images
[ 2011-06-29T13:44:16+08:00 ] ERR: (ThinkException) 无法加载模块Public
[ 2011-06-29T13:44:16+08:00 ] ERR: (ThinkException) 无法加载模块
[ 2011-06-29T13:44:16+08:00 ] ERR: (ThinkException) 无法加载模块Public
[ 2011-06-29T13:44:16+08:00 ] ERR: (ThinkException) 无法加载模块Public
[ 2011-06-29T13:44:17+08:00 ] ERR: (ThinkException) 无法加载模块Public
[ 2011-06-29T13:44:32+08:00 ] ERR: (ThinkException) 无法加载模块images
[ 2011-06-29T13:44:32+08:00 ] ERR: (ThinkException) 无法加载模块images
[ 2011-06-29T13:44:32+08:00 ] ERR: (ThinkException) 无法加载模块js
[ 2011-06-29T13:44:32+08:00 ] ERR: (ThinkException) 无法加载模块images
[ 2011-06-29T13:44:32+08:00 ] ERR: (ThinkException) 无法加载模块
[ 2011-06-29T13:44:32+08:00 ] ERR: (ThinkException) 无法加载模块images
[ 2011-06-29T13:44:32+08:00 ] ERR: (ThinkException) 无法加载模块Public
[ 2011-06-29T13:44:32+08:00 ] ERR: (ThinkException) 无法加载模块Public
[ 2011-06-29T13:44:32+08:00 ] ERR: (ThinkException) 无法加载模块Public
[ 2011-06-29T13:44:32+08:00 ] ERR: (ThinkException) 无法加载模块Public
[ 2011-06-29T13:44:32+08:00 ] ERR: (ThinkException) 无法加载模块
[ 2011-06-29T13:44:32+08:00 ] ERR: (ThinkException) 无法加载模块images
[ 2011-06-29T13:44:32+08:00 ] ERR: (ThinkException) 无法加载模块images
[ 2011-06-29T13:44:32+08:00 ] ERR: (ThinkException) 无法加载模块js
[ 2011-06-29T13:44:32+08:00 ] ERR: (ThinkException) 无法加载模块images
[ 2011-06-29T13:44:32+08:00 ] ERR: (ThinkException) 无法加载模块
[ 2011-06-29T13:44:32+08:00 ] ERR: (ThinkException) 无法加载模块Public
[ 2011-06-29T13:44:32+08:00 ] ERR: (ThinkException) 无法加载模块images
[ 2011-06-29T13:44:32+08:00 ] ERR: (ThinkException) 无法加载模块
[ 2011-06-29T13:44:32+08:00 ] ERR: (ThinkException) 无法加载模块Public
[ 2011-06-29T13:44:32+08:00 ] ERR: (ThinkException) 无法加载模块Public
[ 2011-06-29T13:44:32+08:00 ] ERR: (ThinkException) 无法加载模块Public
[ 2011-06-29T13:47:05+08:00 ] ERR: (ThinkException) 无法加载模块images
[ 2011-06-29T13:47:05+08:00 ] ERR: (ThinkException) 无法加载模块js
[ 2011-06-29T13:47:05+08:00 ] ERR: (ThinkException) 无法加载模块images
[ 2011-06-29T13:47:05+08:00 ] ERR: (ThinkException) 无法加载模块images
[ 2011-06-29T13:47:05+08:00 ] ERR: (ThinkException) 无法加载模块Public
[ 2011-06-29T13:47:05+08:00 ] ERR: (ThinkException) 无法加载模块images
[ 2011-06-29T13:47:05+08:00 ] ERR: (ThinkException) 无法加载模块Public
[ 2011-06-29T13:47:05+08:00 ] ERR: (ThinkException) 无法加载模块
[ 2011-06-29T13:47:05+08:00 ] ERR: (ThinkException) 无法加载模块
[ 2011-06-29T13:47:05+08:00 ] ERR: (ThinkException) 无法加载模块Public
[ 2011-06-29T13:47:05+08:00 ] ERR: (ThinkException) 无法加载模块Public
[ 2011-06-29T13:47:06+08:00 ] ERR: (ThinkException) 无法加载模块images
[ 2011-06-29T13:47:06+08:00 ] ERR: (ThinkException) 无法加载模块images
[ 2011-06-29T13:47:06+08:00 ] ERR: (ThinkException) 无法加载模块js
[ 2011-06-29T13:47:06+08:00 ] ERR: (ThinkException) 无法加载模块images
[ 2011-06-29T13:47:06+08:00 ] ERR: (ThinkException) 无法加载模块
[ 2011-06-29T13:47:06+08:00 ] ERR: (ThinkException) 无法加载模块
[ 2011-06-29T13:47:06+08:00 ] ERR: (ThinkException) 无法加载模块Public
[ 2011-06-29T13:47:06+08:00 ] ERR: (ThinkException) 无法加载模块Public
[ 2011-06-29T13:47:06+08:00 ] ERR: (ThinkException) 无法加载模块images
[ 2011-06-29T13:47:06+08:00 ] ERR: (ThinkException) 无法加载模块Public
[ 2011-06-29T13:47:06+08:00 ] ERR: (ThinkException) 无法加载模块Public
[ 2011-06-29T13:47:06+08:00 ] ERR: (ThinkException) 无法加载模块images
[ 2011-06-29T13:47:06+08:00 ] ERR: (ThinkException) 无法加载模块images
[ 2011-06-29T13:47:06+08:00 ] ERR: (ThinkException) 无法加载模块js
[ 2011-06-29T13:47:06+08:00 ] ERR: (ThinkException) 无法加载模块images
[ 2011-06-29T13:47:06+08:00 ] ERR: (ThinkException) 无法加载模块
[ 2011-06-29T13:47:06+08:00 ] ERR: (ThinkException) 无法加载模块
[ 2011-06-29T13:47:06+08:00 ] ERR: (ThinkException) 无法加载模块images
[ 2011-06-29T13:47:06+08:00 ] ERR: (ThinkException) 无法加载模块Public
[ 2011-06-29T13:47:06+08:00 ] ERR: (ThinkException) 无法加载模块Public
[ 2011-06-29T13:47:06+08:00 ] ERR: (ThinkException) 无法加载模块Public
[ 2011-06-29T13:47:06+08:00 ] ERR: (ThinkException) 无法加载模块Public
[ 2011-06-29T13:47:06+08:00 ] ERR: (ThinkException) 无法加载模块js
[ 2011-06-29T13:47:06+08:00 ] ERR: (ThinkException) 无法加载模块images
[ 2011-06-29T13:47:06+08:00 ] ERR: (ThinkException) 无法加载模块images
[ 2011-06-29T13:47:06+08:00 ] ERR: (ThinkException) 无法加载模块images
[ 2011-06-29T13:47:06+08:00 ] ERR: (ThinkException) 无法加载模块
[ 2011-06-29T13:47:06+08:00 ] ERR: (ThinkException) 无法加载模块Public
[ 2011-06-29T13:47:06+08:00 ] ERR: (ThinkException) 无法加载模块Public
[ 2011-06-29T13:47:06+08:00 ] ERR: (ThinkException) 无法加载模块
[ 2011-06-29T13:47:06+08:00 ] ERR: (ThinkException) 无法加载模块images
[ 2011-06-29T13:47:06+08:00 ] ERR: (ThinkException) 无法加载模块Public
[ 2011-06-29T13:47:06+08:00 ] ERR: (ThinkException) 无法加载模块Public
[ 2011-06-29T13:47:06+08:00 ] ERR: (ThinkException) 无法加载模块images
[ 2011-06-29T13:47:06+08:00 ] ERR: (ThinkException) 无法加载模块images
[ 2011-06-29T13:47:06+08:00 ] ERR: (ThinkException) 无法加载模块js
[ 2011-06-29T13:47:06+08:00 ] ERR: (ThinkException) 无法加载模块images
[ 2011-06-29T13:47:06+08:00 ] ERR: (ThinkException) 无法加载模块
[ 2011-06-29T13:47:06+08:00 ] ERR: (ThinkException) 无法加载模块Public
[ 2011-06-29T13:47:06+08:00 ] ERR: (ThinkException) 无法加载模块images
[ 2011-06-29T13:47:06+08:00 ] ERR: (ThinkException) 无法加载模块
[ 2011-06-29T13:47:06+08:00 ] ERR: (ThinkException) 无法加载模块Public
[ 2011-06-29T13:47:06+08:00 ] ERR: (ThinkException) 无法加载模块Public
[ 2011-06-29T13:47:06+08:00 ] ERR: (ThinkException) 无法加载模块Public
[ 2011-06-29T13:47:22+08:00 ] ERR: (ThinkException) 无法加载模块images
[ 2011-06-29T13:47:22+08:00 ] ERR: (ThinkException) 无法加载模块js
[ 2011-06-29T13:47:22+08:00 ] ERR: (ThinkException) 无法加载模块images
[ 2011-06-29T13:47:22+08:00 ] ERR: (ThinkException) 无法加载模块
[ 2011-06-29T13:47:22+08:00 ] ERR: (ThinkException) 无法加载模块
[ 2011-06-29T13:47:22+08:00 ] ERR: (ThinkException) 无法加载模块Public
[ 2011-06-29T13:47:22+08:00 ] ERR: (ThinkException) 无法加载模块Public
[ 2011-06-29T13:47:22+08:00 ] ERR: (ThinkException) 无法加载模块images
[ 2011-06-29T13:47:22+08:00 ] ERR: (ThinkException) 无法加载模块Public
[ 2011-06-29T13:47:22+08:00 ] ERR: (ThinkException) 无法加载模块Public
[ 2011-06-29T13:47:22+08:00 ] ERR: (ThinkException) 无法加载模块images
[ 2011-06-29T13:47:23+08:00 ] ERR: (ThinkException) 无法加载模块images
[ 2011-06-29T13:47:23+08:00 ] ERR: (ThinkException) 无法加载模块images
[ 2011-06-29T13:47:23+08:00 ] ERR: (ThinkException) 无法加载模块js
[ 2011-06-29T13:47:23+08:00 ] ERR: (ThinkException) 无法加载模块images
[ 2011-06-29T13:47:23+08:00 ] ERR: (ThinkException) 无法加载模块
[ 2011-06-29T13:47:23+08:00 ] ERR: (ThinkException) 无法加载模块Public
[ 2011-06-29T13:47:23+08:00 ] ERR: (ThinkException) 无法加载模块images
[ 2011-06-29T13:47:23+08:00 ] ERR: (ThinkException) 无法加载模块
[ 2011-06-29T13:47:23+08:00 ] ERR: (ThinkException) 无法加载模块Public
[ 2011-06-29T13:47:23+08:00 ] ERR: (ThinkException) 无法加载模块Public
[ 2011-06-29T13:47:23+08:00 ] ERR: (ThinkException) 无法加载模块Public
[ 2011-06-29T13:47:23+08:00 ] ERR: (ThinkException) 无法加载模块images
[ 2011-06-29T13:47:23+08:00 ] ERR: (ThinkException) 无法加载模块images
[ 2011-06-29T13:47:23+08:00 ] ERR: (ThinkException) 无法加载模块js
[ 2011-06-29T13:47:23+08:00 ] ERR: (ThinkException) 无法加载模块images
[ 2011-06-29T13:47:23+08:00 ] ERR: (ThinkException) 无法加载模块
[ 2011-06-29T13:47:23+08:00 ] ERR: (ThinkException) 无法加载模块
[ 2011-06-29T13:47:23+08:00 ] ERR: (ThinkException) 无法加载模块Public
[ 2011-06-29T13:47:23+08:00 ] ERR: (ThinkException) 无法加载模块Public
[ 2011-06-29T13:47:23+08:00 ] ERR: (ThinkException) 无法加载模块images
[ 2011-06-29T13:47:23+08:00 ] ERR: (ThinkException) 无法加载模块Public
[ 2011-06-29T13:47:23+08:00 ] ERR: (ThinkException) 无法加载模块Public
[ 2011-06-29T13:47:23+08:00 ] ERR: (ThinkException) 无法加载模块images
[ 2011-06-29T13:47:23+08:00 ] ERR: (ThinkException) 无法加载模块js
[ 2011-06-29T13:47:23+08:00 ] ERR: (ThinkException) 无法加载模块images
[ 2011-06-29T13:47:23+08:00 ] ERR: (ThinkException) 无法加载模块images
[ 2011-06-29T13:47:23+08:00 ] ERR: (ThinkException) 无法加载模块
[ 2011-06-29T13:47:23+08:00 ] ERR: (ThinkException) 无法加载模块
[ 2011-06-29T13:47:23+08:00 ] ERR: (ThinkException) 无法加载模块Public
[ 2011-06-29T13:47:23+08:00 ] ERR: (ThinkException) 无法加载模块Public
[ 2011-06-29T13:47:23+08:00 ] ERR: (ThinkException) 无法加载模块images
[ 2011-06-29T13:47:23+08:00 ] ERR: (ThinkException) 无法加载模块Public
[ 2011-06-29T13:47:23+08:00 ] ERR: (ThinkException) 无法加载模块Public
[ 2011-06-29T13:47:24+08:00 ] ERR: (ThinkException) 无法加载模块images
[ 2011-06-29T13:47:24+08:00 ] ERR: (ThinkException) 无法加载模块images
[ 2011-06-29T13:47:24+08:00 ] ERR: (ThinkException) 无法加载模块js
[ 2011-06-29T13:47:24+08:00 ] ERR: (ThinkException) 无法加载模块images
[ 2011-06-29T13:47:24+08:00 ] ERR: (ThinkException) 无法加载模块
[ 2011-06-29T13:47:24+08:00 ] ERR: (ThinkException) 无法加载模块Public
[ 2011-06-29T13:47:24+08:00 ] ERR: (ThinkException) 无法加载模块images
[ 2011-06-29T13:47:24+08:00 ] ERR: (ThinkException) 无法加载模块
[ 2011-06-29T13:47:24+08:00 ] ERR: (ThinkException) 无法加载模块Public
[ 2011-06-29T13:47:24+08:00 ] ERR: (ThinkException) 无法加载模块Public
[ 2011-06-29T13:47:24+08:00 ] ERR: (ThinkException) 无法加载模块Public
[ 2011-06-29T13:47:57+08:00 ] ERR: (ThinkException) 无法加载模块images
[ 2011-06-29T13:47:57+08:00 ] ERR: (ThinkException) 无法加载模块js
[ 2011-06-29T13:47:57+08:00 ] ERR: (ThinkException) 无法加载模块images
[ 2011-06-29T13:47:57+08:00 ] ERR: (ThinkException) 无法加载模块
[ 2011-06-29T13:47:57+08:00 ] ERR: (ThinkException) 无法加载模块images
[ 2011-06-29T13:47:57+08:00 ] ERR: (ThinkException) 无法加载模块
[ 2011-06-29T13:47:57+08:00 ] ERR: (ThinkException) 无法加载模块Public
[ 2011-06-29T13:47:57+08:00 ] ERR: (ThinkException) 无法加载模块images
[ 2011-06-29T13:47:57+08:00 ] ERR: (ThinkException) 无法加载模块Public
[ 2011-06-29T13:47:57+08:00 ] ERR: (ThinkException) 无法加载模块Public
[ 2011-06-29T13:47:57+08:00 ] ERR: (ThinkException) 无法加载模块Public
[ 2011-06-29T13:47:58+08:00 ] ERR: (ThinkException) 无法加载模块images
[ 2011-06-29T13:47:58+08:00 ] ERR: (ThinkException) 无法加载模块images
[ 2011-06-29T13:47:58+08:00 ] ERR: (ThinkException) 无法加载模块js
[ 2011-06-29T13:47:58+08:00 ] ERR: (ThinkException) 无法加载模块images
[ 2011-06-29T13:47:58+08:00 ] ERR: (ThinkException) 无法加载模块
[ 2011-06-29T13:47:58+08:00 ] ERR: (ThinkException) 无法加载模块
[ 2011-06-29T13:47:58+08:00 ] ERR: (ThinkException) 无法加载模块images
[ 2011-06-29T13:47:58+08:00 ] ERR: (ThinkException) 无法加载模块Public
[ 2011-06-29T13:47:58+08:00 ] ERR: (ThinkException) 无法加载模块Public
[ 2011-06-29T13:47:58+08:00 ] ERR: (ThinkException) 无法加载模块Public
[ 2011-06-29T13:47:58+08:00 ] ERR: (ThinkException) 无法加载模块Public
[ 2011-06-29T13:47:58+08:00 ] ERR: (ThinkException) 无法加载模块images
[ 2011-06-29T13:47:58+08:00 ] ERR: (ThinkException) 无法加载模块images
[ 2011-06-29T13:47:58+08:00 ] ERR: (ThinkException) 无法加载模块js
[ 2011-06-29T13:47:58+08:00 ] ERR: (ThinkException) 无法加载模块images
[ 2011-06-29T13:47:58+08:00 ] ERR: (ThinkException) 无法加载模块Public
[ 2011-06-29T13:47:58+08:00 ] ERR: (ThinkException) 无法加载模块
[ 2011-06-29T13:47:58+08:00 ] ERR: (ThinkException) 无法加载模块images
[ 2011-06-29T13:47:58+08:00 ] ERR: (ThinkException) 无法加载模块Public
[ 2011-06-29T13:47:58+08:00 ] ERR: (ThinkException) 无法加载模块
[ 2011-06-29T13:47:58+08:00 ] ERR: (ThinkException) 无法加载模块Public
[ 2011-06-29T13:47:58+08:00 ] ERR: (ThinkException) 无法加载模块Public
[ 2011-06-29T13:47:58+08:00 ] ERR: (ThinkException) 无法加载模块js
[ 2011-06-29T13:47:58+08:00 ] ERR: (ThinkException) 无法加载模块images
[ 2011-06-29T13:47:58+08:00 ] ERR: (ThinkException) 无法加载模块images
[ 2011-06-29T13:47:58+08:00 ] ERR: (ThinkException) 无法加载模块images
[ 2011-06-29T13:47:58+08:00 ] ERR: (ThinkException) 无法加载模块
[ 2011-06-29T13:47:58+08:00 ] ERR: (ThinkException) 无法加载模块Public
[ 2011-06-29T13:47:58+08:00 ] ERR: (ThinkException) 无法加载模块
[ 2011-06-29T13:47:58+08:00 ] ERR: (ThinkException) 无法加载模块Public
[ 2011-06-29T13:47:58+08:00 ] ERR: (ThinkException) 无法加载模块Public
[ 2011-06-29T13:47:58+08:00 ] ERR: (ThinkException) 无法加载模块images
[ 2011-06-29T13:47:58+08:00 ] ERR: (ThinkException) 无法加载模块Public
[ 2011-06-29T13:47:58+08:00 ] ERR: (ThinkException) 无法加载模块images
[ 2011-06-29T13:47:58+08:00 ] ERR: (ThinkException) 无法加载模块js
[ 2011-06-29T13:47:58+08:00 ] ERR: (ThinkException) 无法加载模块images
[ 2011-06-29T13:47:58+08:00 ] ERR: (ThinkException) 无法加载模块images
[ 2011-06-29T13:47:58+08:00 ] ERR: (ThinkException) 无法加载模块
[ 2011-06-29T13:47:58+08:00 ] ERR: (ThinkException) 无法加载模块Public
[ 2011-06-29T13:47:58+08:00 ] ERR: (ThinkException) 无法加载模块Public
[ 2011-06-29T13:47:58+08:00 ] ERR: (ThinkException) 无法加载模块
[ 2011-06-29T13:47:58+08:00 ] ERR: (ThinkException) 无法加载模块images
[ 2011-06-29T13:47:58+08:00 ] ERR: (ThinkException) 无法加载模块Public
[ 2011-06-29T13:47:58+08:00 ] ERR: (ThinkException) 无法加载模块Public
[ 2011-06-29T13:47:58+08:00 ] ERR: (ThinkException) 无法加载模块images
[ 2011-06-29T13:47:58+08:00 ] ERR: (ThinkException) 无法加载模块images
[ 2011-06-29T13:47:58+08:00 ] ERR: (ThinkException) 无法加载模块js
[ 2011-06-29T13:47:58+08:00 ] ERR: (ThinkException) 无法加载模块images
[ 2011-06-29T13:47:58+08:00 ] ERR: (ThinkException) 无法加载模块
[ 2011-06-29T13:47:58+08:00 ] ERR: (ThinkException) 无法加载模块Public
[ 2011-06-29T13:47:58+08:00 ] ERR: (ThinkException) 无法加载模块Public
[ 2011-06-29T13:47:58+08:00 ] ERR: (ThinkException) 无法加载模块
[ 2011-06-29T13:47:58+08:00 ] ERR: (ThinkException) 无法加载模块images
[ 2011-06-29T13:47:58+08:00 ] ERR: (ThinkException) 无法加载模块Public
[ 2011-06-29T13:47:59+08:00 ] ERR: (ThinkException) 无法加载模块Public
[ 2011-06-29T13:48:02+08:00 ] ERR: (ThinkException) 无法加载模块Public
[ 2011-06-29T13:48:49+08:00 ] ERR: (ThinkException) 无法加载模块images
[ 2011-06-29T13:48:49+08:00 ] ERR: (ThinkException) 无法加载模块js
[ 2011-06-29T13:48:49+08:00 ] ERR: (ThinkException) 无法加载模块images
[ 2011-06-29T13:48:50+08:00 ] ERR: (ThinkException) 无法加载模块images
[ 2011-06-29T13:48:50+08:00 ] ERR: (ThinkException) 无法加载模块
[ 2011-06-29T13:48:50+08:00 ] ERR: (ThinkException) 无法加载模块
[ 2011-06-29T13:48:50+08:00 ] ERR: (ThinkException) 无法加载模块Public
[ 2011-06-29T13:48:50+08:00 ] ERR: (ThinkException) 无法加载模块Public
[ 2011-06-29T13:48:50+08:00 ] ERR: (ThinkException) 无法加载模块images
[ 2011-06-29T13:48:50+08:00 ] ERR: (ThinkException) 无法加载模块Public
[ 2011-06-29T13:48:50+08:00 ] ERR: (ThinkException) 无法加载模块images
[ 2011-06-29T13:48:50+08:00 ] ERR: (ThinkException) 无法加载模块images
[ 2011-06-29T13:48:50+08:00 ] ERR: (ThinkException) 无法加载模块js
[ 2011-06-29T13:48:50+08:00 ] ERR: (ThinkException) 无法加载模块images
[ 2011-06-29T13:48:50+08:00 ] ERR: (ThinkException) 无法加载模块
[ 2011-06-29T13:48:50+08:00 ] ERR: (ThinkException) 无法加载模块Public
[ 2011-06-29T13:48:50+08:00 ] ERR: (ThinkException) 无法加载模块Public
[ 2011-06-29T13:48:50+08:00 ] ERR: (ThinkException) 无法加载模块images
[ 2011-06-29T13:48:50+08:00 ] ERR: (ThinkException) 无法加载模块
[ 2011-06-29T13:48:50+08:00 ] ERR: (ThinkException) 无法加载模块Public
[ 2011-06-29T13:48:50+08:00 ] ERR: (ThinkException) 无法加载模块images
[ 2011-06-29T13:48:50+08:00 ] ERR: (ThinkException) 无法加载模块images
[ 2011-06-29T13:48:50+08:00 ] ERR: (ThinkException) 无法加载模块js
[ 2011-06-29T13:48:50+08:00 ] ERR: (ThinkException) 无法加载模块images
[ 2011-06-29T13:48:50+08:00 ] ERR: (ThinkException) 无法加载模块
[ 2011-06-29T13:48:50+08:00 ] ERR: (ThinkException) 无法加载模块
[ 2011-06-29T13:48:50+08:00 ] ERR: (ThinkException) 无法加载模块Public
[ 2011-06-29T13:48:50+08:00 ] ERR: (ThinkException) 无法加载模块images
[ 2011-06-29T13:48:50+08:00 ] ERR: (ThinkException) 无法加载模块Public
[ 2011-06-29T13:48:50+08:00 ] ERR: (ThinkException) 无法加载模块Public
[ 2011-06-29T13:48:51+08:00 ] ERR: (ThinkException) 无法加载模块images
[ 2011-06-29T13:48:51+08:00 ] ERR: (ThinkException) 无法加载模块images
[ 2011-06-29T13:48:51+08:00 ] ERR: (ThinkException) 无法加载模块js
[ 2011-06-29T13:48:51+08:00 ] ERR: (ThinkException) 无法加载模块images
[ 2011-06-29T13:48:51+08:00 ] ERR: (ThinkException) 无法加载模块
[ 2011-06-29T13:48:51+08:00 ] ERR: (ThinkException) 无法加载模块Public
[ 2011-06-29T13:48:51+08:00 ] ERR: (ThinkException) 无法加载模块images
[ 2011-06-29T13:48:51+08:00 ] ERR: (ThinkException) 无法加载模块
[ 2011-06-29T13:48:51+08:00 ] ERR: (ThinkException) 无法加载模块Public
[ 2011-06-29T13:48:51+08:00 ] ERR: (ThinkException) 无法加载模块Public
[ 2011-06-29T13:48:51+08:00 ] ERR: (ThinkException) 无法加载模块images
[ 2011-06-29T13:48:51+08:00 ] ERR: (ThinkException) 无法加载模块images
[ 2011-06-29T13:48:51+08:00 ] ERR: (ThinkException) 无法加载模块js
[ 2011-06-29T13:48:51+08:00 ] ERR: (ThinkException) 无法加载模块images
[ 2011-06-29T13:48:51+08:00 ] ERR: (ThinkException) 无法加载模块
[ 2011-06-29T13:48:51+08:00 ] ERR: (ThinkException) 无法加载模块images
[ 2011-06-29T13:48:51+08:00 ] ERR: (ThinkException) 无法加载模块Public
[ 2011-06-29T13:48:51+08:00 ] ERR: (ThinkException) 无法加载模块
[ 2011-06-29T13:48:51+08:00 ] ERR: (ThinkException) 无法加载模块Public
[ 2011-06-29T13:48:51+08:00 ] ERR: (ThinkException) 无法加载模块Public
[ 2011-06-29T13:49:35+08:00 ] ERR: (ThinkException) 无法加载模块images
[ 2011-06-29T13:49:35+08:00 ] ERR: (ThinkException) 无法加载模块js
[ 2011-06-29T13:49:35+08:00 ] ERR: (ThinkException) 无法加载模块images
[ 2011-06-29T13:49:35+08:00 ] ERR: (ThinkException) 无法加载模块images
[ 2011-06-29T13:49:35+08:00 ] ERR: (ThinkException) 无法加载模块
[ 2011-06-29T13:49:35+08:00 ] ERR: (ThinkException) 无法加载模块
[ 2011-06-29T13:49:35+08:00 ] ERR: (ThinkException) 无法加载模块images
[ 2011-06-29T13:49:36+08:00 ] ERR: (ThinkException) 无法加载模块images
[ 2011-06-29T13:49:36+08:00 ] ERR: (ThinkException) 无法加载模块images
[ 2011-06-29T13:49:36+08:00 ] ERR: (ThinkException) 无法加载模块js
[ 2011-06-29T13:49:36+08:00 ] ERR: (ThinkException) 无法加载模块
[ 2011-06-29T13:49:36+08:00 ] ERR: (ThinkException) 无法加载模块
[ 2011-06-29T13:49:36+08:00 ] ERR: (ThinkException) 无法加载模块images
[ 2011-06-29T13:49:36+08:00 ] ERR: (ThinkException) 无法加载模块images
