[ 2011-07-02T11:19:29+08:00 ] ERR: (ThinkException) 无法加载模块js
[ 2011-07-02T11:19:29+08:00 ] ERR: (ThinkException) 无法加载模块images
[ 2011-07-02T11:19:29+08:00 ] ERR: (ThinkException) 无法加载模块images
[ 2011-07-02T11:19:29+08:00 ] ERR: (ThinkException) 无法加载模块images
[ 2011-07-02T11:19:29+08:00 ] ERR: (ThinkException) 无法加载模块
[ 2011-07-02T11:19:29+08:00 ] ERR: (ThinkException) 无法加载模块
[ 2011-07-02T11:19:29+08:00 ] ERR: (ThinkException) 无法加载模块images
[ 2011-07-02T11:20:12+08:00 ] ERR: (ThinkException) 无法加载模块images
[ 2011-07-02T11:20:12+08:00 ] ERR: (ThinkException) 无法加载模块js
[ 2011-07-02T11:20:12+08:00 ] ERR: (ThinkException) 无法加载模块images
[ 2011-07-02T11:20:12+08:00 ] ERR: (ThinkException) 无法加载模块
[ 2011-07-02T11:20:12+08:00 ] ERR: (ThinkException) 无法加载模块
[ 2011-07-02T11:20:12+08:00 ] ERR: (ThinkException) 无法加载模块images
[ 2011-07-02T11:20:24+08:00 ] ERR: (ThinkException) 无法加载模块images
[ 2011-07-02T11:20:24+08:00 ] ERR: (ThinkException) 无法加载模块js
[ 2011-07-02T11:20:24+08:00 ] ERR: (ThinkException) 无法加载模块images
[ 2011-07-02T11:20:24+08:00 ] ERR: (ThinkException) 无法加载模块images
[ 2011-07-02T11:20:24+08:00 ] ERR: (ThinkException) 无法加载模块images
[ 2011-07-02T11:20:24+08:00 ] ERR: (ThinkException) 无法加载模块
[ 2011-07-02T11:20:24+08:00 ] ERR: (ThinkException) 无法加载模块
[ 2011-07-02T11:20:26+08:00 ] ERR: (ThinkException) 无法加载模块js
[ 2011-07-02T11:20:26+08:00 ] ERR: (ThinkException) 无法加载模块images
[ 2011-07-02T11:20:26+08:00 ] ERR: (ThinkException) 无法加载模块images
[ 2011-07-02T11:20:26+08:00 ] ERR: (ThinkException) 无法加载模块images
[ 2011-07-02T11:20:26+08:00 ] ERR: (ThinkException) 无法加载模块
[ 2011-07-02T11:20:26+08:00 ] ERR: (ThinkException) 无法加载模块images
[ 2011-07-02T11:20:26+08:00 ] ERR: (ThinkException) 无法加载模块
[ 2011-07-02T11:20:26+08:00 ] ERR: (ThinkException) 无法加载模块js
[ 2011-07-02T11:20:26+08:00 ] ERR: (ThinkException) 无法加载模块images
[ 2011-07-02T11:20:26+08:00 ] ERR: (ThinkException) 无法加载模块images
[ 2011-07-02T11:20:26+08:00 ] ERR: (ThinkException) 无法加载模块images
[ 2011-07-02T11:20:26+08:00 ] ERR: (ThinkException) 无法加载模块
[ 2011-07-02T11:20:26+08:00 ] ERR: (ThinkException) 无法加载模块
[ 2011-07-02T11:20:26+08:00 ] ERR: (ThinkException) 无法加载模块images
[ 2011-07-02T11:21:03+08:00 ] ERR: (ThinkException) 无法加载模块images
[ 2011-07-02T11:21:03+08:00 ] ERR: (ThinkException) 无法加载模块
[ 2011-07-02T11:21:03+08:00 ] ERR: (ThinkException) 无法加载模块
[ 2011-07-02T11:21:03+08:00 ] ERR: (ThinkException) 无法加载模块images
[ 2011-07-02T11:21:03+08:00 ] ERR: (ThinkException) 无法加载模块Public
[ 2011-07-02T11:21:03+08:00 ] ERR: (ThinkException) 无法加载模块Public
[ 2011-07-02T11:21:04+08:00 ] ERR: (ThinkException) 无法加载模块Public
[ 2011-07-02T11:21:04+08:00 ] ERR: (ThinkException) 无法加载模块Public
[ 2011-07-02T11:21:04+08:00 ] ERR: (ThinkException) 无法加载模块images
[ 2011-07-02T11:21:05+08:00 ] ERR: (ThinkException) 无法加载模块images
[ 2011-07-02T11:21:05+08:00 ] ERR: (ThinkException) 无法加载模块
[ 2011-07-02T11:21:05+08:00 ] ERR: (ThinkException) 无法加载模块Public
[ 2011-07-02T11:21:05+08:00 ] ERR: (ThinkException) 无法加载模块
[ 2011-07-02T11:21:05+08:00 ] ERR: (ThinkException) 无法加载模块Public
[ 2011-07-02T11:21:05+08:00 ] ERR: (ThinkException) 无法加载模块Public
[ 2011-07-02T11:21:05+08:00 ] ERR: (ThinkException) 无法加载模块Public
[ 2011-07-02T11:21:05+08:00 ] ERR: (ThinkException) 无法加载模块images
[ 2011-07-02T11:21:05+08:00 ] ERR: (ThinkException) 无法加载模块
[ 2011-07-02T11:21:05+08:00 ] ERR: (ThinkException) 无法加载模块Public
[ 2011-07-02T11:21:05+08:00 ] ERR: (ThinkException) 无法加载模块
[ 2011-07-02T11:21:05+08:00 ] ERR: (ThinkException) 无法加载模块Public
[ 2011-07-02T11:21:05+08:00 ] ERR: (ThinkException) 无法加载模块images
[ 2011-07-02T11:21:05+08:00 ] ERR: (ThinkException) 无法加载模块Public
[ 2011-07-02T11:21:05+08:00 ] ERR: (ThinkException) 无法加载模块Public
[ 2011-07-02T11:21:05+08:00 ] ERR: (ThinkException) 无法加载模块images
[ 2011-07-02T11:21:05+08:00 ] ERR: (ThinkException) 无法加载模块images
[ 2011-07-02T11:21:05+08:00 ] ERR: (ThinkException) 无法加载模块
[ 2011-07-02T11:21:05+08:00 ] ERR: (ThinkException) 无法加载模块
[ 2011-07-02T11:21:05+08:00 ] ERR: (ThinkException) 无法加载模块Public
[ 2011-07-02T11:21:05+08:00 ] ERR: (ThinkException) 无法加载模块Public
[ 2011-07-02T11:21:05+08:00 ] ERR: (ThinkException) 无法加载模块Public
[ 2011-07-02T11:21:06+08:00 ] ERR: (ThinkException) 无法加载模块Public
[ 2011-07-02T11:21:06+08:00 ] ERR: (ThinkException) 无法加载模块images
[ 2011-07-02T11:21:06+08:00 ] ERR: (ThinkException) 无法加载模块images
[ 2011-07-02T11:21:06+08:00 ] ERR: (ThinkException) 无法加载模块
[ 2011-07-02T11:21:06+08:00 ] ERR: (ThinkException) 无法加载模块Public
[ 2011-07-02T11:21:06+08:00 ] ERR: (ThinkException) 无法加载模块Public
[ 2011-07-02T11:21:06+08:00 ] ERR: (ThinkException) 无法加载模块
[ 2011-07-02T11:21:06+08:00 ] ERR: (ThinkException) 无法加载模块Public
[ 2011-07-02T11:21:06+08:00 ] ERR: (ThinkException) 无法加载模块Public
[ 2011-07-02T11:21:06+08:00 ] ERR: (ThinkException) 无法加载模块images
[ 2011-07-02T11:21:06+08:00 ] ERR: (ThinkException) 无法加载模块images
[ 2011-07-02T11:21:06+08:00 ] ERR: (ThinkException) 无法加载模块
[ 2011-07-02T11:21:06+08:00 ] ERR: (ThinkException) 无法加载模块
[ 2011-07-02T11:21:06+08:00 ] ERR: (ThinkException) 无法加载模块Public
[ 2011-07-02T11:21:06+08:00 ] ERR: (ThinkException) 无法加载模块Public
[ 2011-07-02T11:21:06+08:00 ] ERR: (ThinkException) 无法加载模块Public
[ 2011-07-02T11:21:06+08:00 ] ERR: (ThinkException) 无法加载模块Public
[ 2011-07-02T11:21:06+08:00 ] ERR: (ThinkException) 无法加载模块images
[ 2011-07-02T11:21:06+08:00 ] ERR: (ThinkException) 无法加载模块
[ 2011-07-02T11:21:06+08:00 ] ERR: (ThinkException) 无法加载模块images
[ 2011-07-02T11:21:06+08:00 ] ERR: (ThinkException) 无法加载模块
[ 2011-07-02T11:21:06+08:00 ] ERR: (ThinkException) 无法加载模块Public
[ 2011-07-02T11:21:06+08:00 ] ERR: (ThinkException) 无法加载模块Public
[ 2011-07-02T11:21:06+08:00 ] ERR: (ThinkException) 无法加载模块Public
[ 2011-07-02T11:21:06+08:00 ] ERR: (ThinkException) 无法加载模块Public
[ 2011-07-02T11:21:06+08:00 ] ERR: (ThinkException) 无法加载模块images
[ 2011-07-02T11:21:06+08:00 ] ERR: (ThinkException) 无法加载模块images
[ 2011-07-02T11:21:06+08:00 ] ERR: (ThinkException) 无法加载模块
[ 2011-07-02T11:21:06+08:00 ] ERR: (ThinkException) 无法加载模块
[ 2011-07-02T11:21:06+08:00 ] ERR: (ThinkException) 无法加载模块Public
[ 2011-07-02T11:21:06+08:00 ] ERR: (ThinkException) 无法加载模块Public
[ 2011-07-02T11:21:06+08:00 ] ERR: (ThinkException) 无法加载模块Public
[ 2011-07-02T11:21:06+08:00 ] ERR: (ThinkException) 无法加载模块Public
[ 2011-07-02T11:21:49+08:00 ] ERR: (ThinkException) 无法加载模块images
[ 2011-07-02T11:21:49+08:00 ] ERR: (ThinkException) 无法加载模块images
[ 2011-07-02T11:21:49+08:00 ] ERR: (ThinkException) 无法加载模块
[ 2011-07-02T11:21:49+08:00 ] ERR: (ThinkException) 无法加载模块
[ 2011-07-02T11:21:50+08:00 ] ERR: (ThinkException) 无法加载模块images
[ 2011-07-02T11:21:50+08:00 ] ERR: (ThinkException) 无法加载模块images
[ 2011-07-02T11:21:50+08:00 ] ERR: (ThinkException) 无法加载模块
[ 2011-07-02T11:21:50+08:00 ] ERR: (ThinkException) 无法加载模块
[ 2011-07-02T11:21:50+08:00 ] ERR: (ThinkException) 无法加载模块images
[ 2011-07-02T11:21:50+08:00 ] ERR: (ThinkException) 无法加载模块images
[ 2011-07-02T11:21:50+08:00 ] ERR: (ThinkException) 无法加载模块
[ 2011-07-02T11:21:50+08:00 ] ERR: (ThinkException) 无法加载模块
[ 2011-07-02T11:21:50+08:00 ] ERR: (ThinkException) 无法加载模块images
[ 2011-07-02T11:21:50+08:00 ] ERR: (ThinkException) 无法加载模块images
[ 2011-07-02T11:21:50+08:00 ] ERR: (ThinkException) 无法加载模块
[ 2011-07-02T11:21:50+08:00 ] ERR: (ThinkException) 无法加载模块
[ 2011-07-02T11:21:51+08:00 ] ERR: (ThinkException) 无法加载模块images
[ 2011-07-02T11:21:51+08:00 ] ERR: (ThinkException) 无法加载模块
[ 2011-07-02T11:21:51+08:00 ] ERR: (ThinkException) 无法加载模块
[ 2011-07-02T11:21:51+08:00 ] ERR: (ThinkException) 无法加载模块images
[ 2011-07-02T11:21:51+08:00 ] ERR: (ThinkException) 无法加载模块images
[ 2011-07-02T11:21:51+08:00 ] ERR: (ThinkException) 无法加载模块images
[ 2011-07-02T11:21:51+08:00 ] ERR: (ThinkException) 无法加载模块
[ 2011-07-02T11:21:51+08:00 ] ERR: (ThinkException) 无法加载模块
[ 2011-07-02T11:24:12+08:00 ] ERR: (ThinkException) 无法加载模块images
[ 2011-07-02T11:24:12+08:00 ] ERR: (ThinkException) 无法加载模块images
[ 2011-07-02T11:24:12+08:00 ] ERR: (ThinkException) 无法加载模块
[ 2011-07-02T11:24:12+08:00 ] ERR: (ThinkException) 无法加载模块
[ 2011-07-02T11:24:12+08:00 ] ERR: (ThinkException) 无法加载模块images
[ 2011-07-02T11:24:12+08:00 ] ERR: (ThinkException) 无法加载模块images
[ 2011-07-02T11:24:12+08:00 ] ERR: (ThinkException) 无法加载模块
[ 2011-07-02T11:24:12+08:00 ] ERR: (ThinkException) 无法加载模块
[ 2011-07-02T11:24:12+08:00 ] ERR: (ThinkException) 无法加载模块images
[ 2011-07-02T11:24:13+08:00 ] ERR: (ThinkException) 无法加载模块
[ 2011-07-02T11:24:13+08:00 ] ERR: (ThinkException) 无法加载模块
[ 2011-07-02T11:24:13+08:00 ] ERR: (ThinkException) 无法加载模块images
[ 2011-07-02T11:25:04+08:00 ] ERR: (ThinkException) 无法加载模块
[ 2011-07-02T11:25:04+08:00 ] ERR: (ThinkException) 无法加载模块
[ 2011-07-02T11:25:08+08:00 ] ERR: (ThinkException) 无法加载模块
[ 2011-07-02T11:25:08+08:00 ] ERR: (ThinkException) 无法加载模块
[ 2011-07-02T11:25:08+08:00 ] ERR: (ThinkException) 无法加载模块
[ 2011-07-02T11:25:08+08:00 ] ERR: (ThinkException) 无法加载模块
[ 2011-07-02T11:25:08+08:00 ] ERR: (ThinkException) 无法加载模块
[ 2011-07-02T11:25:08+08:00 ] ERR: (ThinkException) 无法加载模块
[ 2011-07-02T11:25:09+08:00 ] ERR: (ThinkException) 无法加载模块
[ 2011-07-02T11:25:09+08:00 ] ERR: (ThinkException) 无法加载模块
[ 2011-07-02T11:25:09+08:00 ] ERR: (ThinkException) 无法加载模块
[ 2011-07-02T11:25:09+08:00 ] ERR: (ThinkException) 无法加载模块
[ 2011-07-02T11:25:09+08:00 ] ERR: (ThinkException) 无法加载模块
[ 2011-07-02T11:25:09+08:00 ] ERR: (ThinkException) 无法加载模块
[ 2011-07-02T11:27:14+08:00 ] ERR: (ThinkException) 无法加载模块
[ 2011-07-02T11:27:14+08:00 ] ERR: (ThinkException) 无法加载模块
[ 2011-07-02T11:27:15+08:00 ] ERR: (ThinkException) 无法加载模块
[ 2011-07-02T11:27:15+08:00 ] ERR: (ThinkException) 无法加载模块
[ 2011-07-02T11:27:15+08:00 ] ERR: (ThinkException) 无法加载模块
[ 2011-07-02T11:27:15+08:00 ] ERR: (ThinkException) 无法加载模块
[ 2011-07-02T11:27:15+08:00 ] ERR: (ThinkException) 无法加载模块
[ 2011-07-02T11:27:15+08:00 ] ERR: (ThinkException) 无法加载模块
[ 2011-07-02T11:27:15+08:00 ] ERR: (ThinkException) 无法加载模块
[ 2011-07-02T11:27:15+08:00 ] ERR: (ThinkException) 无法加载模块
[ 2011-07-02T11:29:49+08:00 ] ERR: (ThinkException) 无法加载模块
[ 2011-07-02T11:29:49+08:00 ] ERR: (ThinkException) 无法加载模块
[ 2011-07-02T11:30:15+08:00 ] ERR: (ThinkException) 无法加载模块
[ 2011-07-02T11:30:15+08:00 ] ERR: (ThinkException) 无法加载模块
[ 2011-07-02T11:30:16+08:00 ] ERR: (ThinkException) 无法加载模块
[ 2011-07-02T11:30:16+08:00 ] ERR: (ThinkException) 无法加载模块
[ 2011-07-02T11:30:16+08:00 ] ERR: (ThinkException) 无法加载模块
[ 2011-07-02T11:30:16+08:00 ] ERR: (ThinkException) 无法加载模块
[ 2011-07-02T11:30:17+08:00 ] ERR: (ThinkException) 无法加载模块
[ 2011-07-02T11:30:17+08:00 ] ERR: (ThinkException) 无法加载模块
[ 2011-07-02T11:30:17+08:00 ] ERR: (ThinkException) 无法加载模块
[ 2011-07-02T11:30:17+08:00 ] ERR: (ThinkException) 无法加载模块
[ 2011-07-02T11:30:17+08:00 ] ERR: (ThinkException) 无法加载模块
[ 2011-07-02T11:30:17+08:00 ] ERR: (ThinkException) 无法加载模块
[ 2011-07-02T11:30:17+08:00 ] ERR: (ThinkException) 无法加载模块
[ 2011-07-02T11:30:17+08:00 ] ERR: (ThinkException) 无法加载模块
[ 2011-07-02T11:30:18+08:00 ] ERR: (ThinkException) 无法加载模块
[ 2011-07-02T11:30:18+08:00 ] ERR: (ThinkException) 无法加载模块
[ 2011-07-02T11:30:18+08:00 ] ERR: (ThinkException) 无法加载模块
[ 2011-07-02T11:30:18+08:00 ] ERR: (ThinkException) 无法加载模块
[ 2011-07-02T11:30:24+08:00 ] ERR: (ThinkException) 无法加载模块
[ 2011-07-02T11:30:24+08:00 ] ERR: (ThinkException) 无法加载模块
[ 2011-07-02T11:30:24+08:00 ] ERR: (ThinkException) 无法加载模块
[ 2011-07-02T11:30:24+08:00 ] ERR: (ThinkException) 无法加载模块
[ 2011-07-02T11:30:24+08:00 ] ERR: (ThinkException) 无法加载模块
[ 2011-07-02T11:30:24+08:00 ] ERR: (ThinkException) 无法加载模块
[ 2011-07-02T11:30:34+08:00 ] ERR: (ThinkException) 无法加载模块Public
[ 2011-07-02T11:30:34+08:00 ] ERR: (ThinkException) 无法加载模块Public
[ 2011-07-02T11:30:34+08:00 ] ERR: (ThinkException) 无法加载模块Public
[ 2011-07-02T11:30:34+08:00 ] ERR: (ThinkException) 无法加载模块
[ 2011-07-02T11:30:34+08:00 ] ERR: (ThinkException) 无法加载模块
[ 2011-07-02T11:30:34+08:00 ] ERR: (ThinkException) 无法加载模块Public
[ 2011-07-02T11:30:34+08:00 ] ERR: (ThinkException) 无法加载模块Public
[ 2011-07-02T11:30:34+08:00 ] ERR: (ThinkException) 无法加载模块Public
[ 2011-07-02T11:30:34+08:00 ] ERR: (ThinkException) 无法加载模块
[ 2011-07-02T11:30:34+08:00 ] ERR: (ThinkException) 无法加载模块Public
[ 2011-07-02T11:30:34+08:00 ] ERR: (ThinkException) 无法加载模块
[ 2011-07-02T11:30:35+08:00 ] ERR: (ThinkException) 无法加载模块Public
[ 2011-07-02T11:30:35+08:00 ] ERR: (ThinkException) 无法加载模块Public
[ 2011-07-02T11:30:35+08:00 ] ERR: (ThinkException) 无法加载模块Public
[ 2011-07-02T11:30:35+08:00 ] ERR: (ThinkException) 无法加载模块Public
[ 2011-07-02T11:30:35+08:00 ] ERR: (ThinkException) 无法加载模块
[ 2011-07-02T11:30:35+08:00 ] ERR: (ThinkException) 无法加载模块
[ 2011-07-02T11:31:01+08:00 ] ERR: (ThinkException) 无法加载模块
[ 2011-07-02T11:31:01+08:00 ] ERR: (ThinkException) 无法加载模块
[ 2011-07-02T11:31:18+08:00 ] ERR: (ThinkException) 无法加载模块
[ 2011-07-02T11:31:18+08:00 ] ERR: (ThinkException) 无法加载模块
[ 2011-07-02T11:31:18+08:00 ] ERR: (ThinkException) 无法加载模块
[ 2011-07-02T11:31:18+08:00 ] ERR: (ThinkException) 无法加载模块
[ 2011-07-02T11:31:19+08:00 ] ERR: (ThinkException) 无法加载模块
[ 2011-07-02T11:31:19+08:00 ] ERR: (ThinkException) 无法加载模块
[ 2011-07-02T11:31:19+08:00 ] ERR: (ThinkException) 无法加载模块
[ 2011-07-02T11:31:19+08:00 ] ERR: (ThinkException) 无法加载模块
[ 2011-07-02T11:32:30+08:00 ] ERR: (ThinkException) 无法加载模块
[ 2011-07-02T11:32:30+08:00 ] ERR: (ThinkException) 无法加载模块
[ 2011-07-02T11:32:30+08:00 ] ERR: (ThinkException) 无法加载模块
[ 2011-07-02T11:32:30+08:00 ] ERR: (ThinkException) 无法加载模块
[ 2011-07-02T11:32:30+08:00 ] ERR: (ThinkException) 无法加载模块
[ 2011-07-02T11:32:30+08:00 ] ERR: (ThinkException) 无法加载模块
[ 2011-07-02T11:32:31+08:00 ] ERR: (ThinkException) 无法加载模块
[ 2011-07-02T11:32:31+08:00 ] ERR: (ThinkException) 无法加载模块
[ 2011-07-02T11:32:31+08:00 ] ERR: (ThinkException) 无法加载模块
[ 2011-07-02T11:32:31+08:00 ] ERR: (ThinkException) 无法加载模块
[ 2011-07-02T11:32:31+08:00 ] ERR: (ThinkException) 无法加载模块
[ 2011-07-02T11:32:31+08:00 ] ERR: (ThinkException) 无法加载模块
[ 2011-07-02T11:32:31+08:00 ] ERR: (ThinkException) 无法加载模块
[ 2011-07-02T11:32:31+08:00 ] ERR: (ThinkException) 无法加载模块
[ 2011-07-02T11:32:31+08:00 ] ERR: (ThinkException) 无法加载模块
[ 2011-07-02T11:32:31+08:00 ] ERR: (ThinkException) 无法加载模块
[ 2011-07-02T11:32:32+08:00 ] ERR: (ThinkException) 无法加载模块
[ 2011-07-02T11:32:32+08:00 ] ERR: (ThinkException) 无法加载模块
[ 2011-07-02T11:32:32+08:00 ] ERR: (ThinkException) 无法加载模块
[ 2011-07-02T11:32:32+08:00 ] ERR: (ThinkException) 无法加载模块
[ 2011-07-02T11:32:34+08:00 ] ERR: (ThinkException) 无法加载模块
[ 2011-07-02T11:32:34+08:00 ] ERR: (ThinkException) 无法加载模块
[ 2011-07-02T11:32:34+08:00 ] ERR: (ThinkException) 无法加载模块
[ 2011-07-02T11:32:34+08:00 ] ERR: (ThinkException) 无法加载模块
[ 2011-07-02T11:32:35+08:00 ] ERR: (ThinkException) 无法加载模块
[ 2011-07-02T11:32:35+08:00 ] ERR: (ThinkException) 无法加载模块
[ 2011-07-02T11:32:35+08:00 ] ERR: (ThinkException) 无法加载模块
[ 2011-07-02T11:32:35+08:00 ] ERR: (ThinkException) 无法加载模块
[ 2011-07-02T11:32:35+08:00 ] ERR: (ThinkException) 无法加载模块
[ 2011-07-02T11:32:35+08:00 ] ERR: (ThinkException) 无法加载模块
[ 2011-07-02T11:32:35+08:00 ] ERR: (ThinkException) 无法加载模块
[ 2011-07-02T11:32:35+08:00 ] ERR: (ThinkException) 无法加载模块
[ 2011-07-02T11:32:36+08:00 ] ERR: (ThinkException) 无法加载模块
[ 2011-07-02T11:32:36+08:00 ] ERR: (ThinkException) 无法加载模块
[ 2011-07-02T11:32:36+08:00 ] ERR: (ThinkException) 无法加载模块
[ 2011-07-02T11:32:36+08:00 ] ERR: (ThinkException) 无法加载模块
[ 2011-07-02T11:32:36+08:00 ] ERR: (ThinkException) 无法加载模块
[ 2011-07-02T11:32:36+08:00 ] ERR: (ThinkException) 无法加载模块
[ 2011-07-02T11:32:36+08:00 ] ERR: (ThinkException) 无法加载模块
[ 2011-07-02T11:32:36+08:00 ] ERR: (ThinkException) 无法加载模块
[ 2011-07-02T11:41:54+08:00 ] ERR: (ThinkException) 无法加载模块images
[ 2011-07-02T11:41:54+08:00 ] ERR: (ThinkException) 无法加载模块js
[ 2011-07-02T11:41:54+08:00 ] ERR: (ThinkException) 无法加载模块images
[ 2011-07-02T11:41:54+08:00 ] ERR: (ThinkException) 无法加载模块
[ 2011-07-02T11:41:54+08:00 ] ERR: (ThinkException) 无法加载模块
[ 2011-07-02T11:41:54+08:00 ] ERR: (ThinkException) 无法加载模块images
[ 2011-07-02T11:41:55+08:00 ] ERR: (ThinkException) 无法加载模块images
[ 2011-07-02T11:41:55+08:00 ] ERR: (ThinkException) 无法加载模块images
[ 2011-07-02T11:41:55+08:00 ] ERR: (ThinkException) 无法加载模块js
[ 2011-07-02T11:41:55+08:00 ] ERR: (ThinkException) 无法加载模块images
[ 2011-07-02T11:41:55+08:00 ] ERR: (ThinkException) 无法加载模块
[ 2011-07-02T11:41:55+08:00 ] ERR: (ThinkException) 无法加载模块
[ 2011-07-02T11:41:55+08:00 ] ERR: (ThinkException) 无法加载模块images
[ 2011-07-02T11:41:55+08:00 ] ERR: (ThinkException) 无法加载模块images
[ 2011-07-02T11:41:55+08:00 ] ERR: (ThinkException) 无法加载模块js
[ 2011-07-02T11:41:55+08:00 ] ERR: (ThinkException) 无法加载模块images
[ 2011-07-02T11:41:55+08:00 ] ERR: (ThinkException) 无法加载模块images
[ 2011-07-02T11:41:55+08:00 ] ERR: (ThinkException) 无法加载模块
[ 2011-07-02T11:41:55+08:00 ] ERR: (ThinkException) 无法加载模块
[ 2011-07-02T11:41:55+08:00 ] ERR: (ThinkException) 无法加载模块images
[ 2011-07-02T11:41:56+08:00 ] ERR: (ThinkException) 无法加载模块images
[ 2011-07-02T11:41:56+08:00 ] ERR: (ThinkException) 无法加载模块images
[ 2011-07-02T11:41:56+08:00 ] ERR: (ThinkException) 无法加载模块js
[ 2011-07-02T11:41:56+08:00 ] ERR: (ThinkException) 无法加载模块images
[ 2011-07-02T11:41:56+08:00 ] ERR: (ThinkException) 无法加载模块
[ 2011-07-02T11:41:56+08:00 ] ERR: (ThinkException) 无法加载模块
[ 2011-07-02T11:41:56+08:00 ] ERR: (ThinkException) 无法加载模块images
[ 2011-07-02T11:41:56+08:00 ] ERR: (ThinkException) 无法加载模块js
[ 2011-07-02T11:41:56+08:00 ] ERR: (ThinkException) 无法加载模块images
[ 2011-07-02T11:41:56+08:00 ] ERR: (ThinkException) 无法加载模块images
[ 2011-07-02T11:41:56+08:00 ] ERR: (ThinkException) 无法加载模块images
[ 2011-07-02T11:41:56+08:00 ] ERR: (ThinkException) 无法加载模块
[ 2011-07-02T11:41:56+08:00 ] ERR: (ThinkException) 无法加载模块
[ 2011-07-02T11:41:56+08:00 ] ERR: (ThinkException) 无法加载模块images
[ 2011-07-02T11:41:56+08:00 ] ERR: (ThinkException) 无法加载模块images
[ 2011-07-02T11:41:56+08:00 ] ERR: (ThinkException) 无法加载模块images
[ 2011-07-02T11:41:56+08:00 ] ERR: (ThinkException) 无法加载模块js
[ 2011-07-02T11:41:56+08:00 ] ERR: (ThinkException) 无法加载模块images
[ 2011-07-02T11:41:56+08:00 ] ERR: (ThinkException) 无法加载模块
[ 2011-07-02T11:41:56+08:00 ] ERR: (ThinkException) 无法加载模块
[ 2011-07-02T11:41:56+08:00 ] ERR: (ThinkException) 无法加载模块images
[ 2011-07-02T11:42:48+08:00 ] ERR: (ThinkException) 无法加载模块images
[ 2011-07-02T11:42:49+08:00 ] ERR: (ThinkException) 无法加载模块images
[ 2011-07-02T11:42:49+08:00 ] ERR: (ThinkException) 无法加载模块images
[ 2011-07-02T11:42:49+08:00 ] ERR: (ThinkException) 无法加载模块images
[ 2011-07-02T11:42:50+08:00 ] ERR: (ThinkException) 无法加载模块images
[ 2011-07-02T11:42:50+08:00 ] ERR: (ThinkException) 无法加载模块images
[ 2011-07-02T11:42:50+08:00 ] ERR: (ThinkException) 无法加载模块images
[ 2011-07-02T11:42:50+08:00 ] ERR: (ThinkException) 无法加载模块images
[ 2011-07-02T11:42:50+08:00 ] ERR: (ThinkException) 无法加载模块images
[ 2011-07-02T11:42:50+08:00 ] ERR: (ThinkException) 无法加载模块images
[ 2011-07-02T11:42:51+08:00 ] ERR: (ThinkException) 无法加载模块images
[ 2011-07-02T11:42:51+08:00 ] ERR: (ThinkException) 无法加载模块images
[ 2011-07-02T11:42:51+08:00 ] ERR: (ThinkException) 无法加载模块images
[ 2011-07-02T11:42:51+08:00 ] ERR: (ThinkException) 无法加载模块images
[ 2011-07-02T11:42:54+08:00 ] ERR: (ThinkException) 无法加载模块
[ 2011-07-02T11:42:55+08:00 ] ERR: (ThinkException) 无法加载模块
[ 2011-07-02T11:42:56+08:00 ] ERR: (ThinkException) 无法加载模块
[ 2011-07-02T11:42:57+08:00 ] ERR: (ThinkException) 无法加载模块
[ 2011-07-02T11:42:57+08:00 ] ERR: (ThinkException) 无法加载模块
[ 2011-07-02T11:42:58+08:00 ] ERR: (ThinkException) 无法加载模块
[ 2011-07-02T11:42:59+08:00 ] ERR: (ThinkException) 无法加载模块
[ 2011-07-02T11:43:21+08:00 ] ERR: (ThinkException) 无法加载模块images
[ 2011-07-02T11:43:21+08:00 ] ERR: (ThinkException) 无法加载模块images
[ 2011-07-02T11:43:22+08:00 ] ERR: (ThinkException) 无法加载模块images
[ 2011-07-02T11:43:22+08:00 ] ERR: (ThinkException) 无法加载模块images
[ 2011-07-02T11:43:40+08:00 ] ERR: (ThinkException) 无法加载模块images
[ 2011-07-02T11:43:40+08:00 ] ERR: (ThinkException) 无法加载模块images
[ 2011-07-02T11:43:41+08:00 ] ERR: (ThinkException) 无法加载模块config
[ 2011-07-02T11:43:48+08:00 ] ERR: (ThinkException) 无法加载模块config
[ 2011-07-02T11:43:48+08:00 ] ERR: (ThinkException) 无法加载模块config
[ 2011-07-02T11:45:44+08:00 ] ERR: (ThinkException) 无法加载模块images
[ 2011-07-02T11:45:44+08:00 ] ERR: (ThinkException) 无法加载模块images
[ 2011-07-02T11:45:45+08:00 ] ERR: (ThinkException) 无法加载模块
[ 2011-07-02T11:45:46+08:00 ] ERR: (ThinkException) 无法加载模块
[ 2011-07-02T11:45:46+08:00 ] ERR: (ThinkException) 无法加载模块
[ 2011-07-02T11:46:05+08:00 ] ERR: (ThinkException) 无法加载模块images
[ 2011-07-02T11:46:05+08:00 ] ERR: (ThinkException) 无法加载模块images
[ 2011-07-02T11:46:09+08:00 ] ERR: (ThinkException) 无法加载模块
[ 2011-07-02T11:48:35+08:00 ] ERR: (ThinkException) 无法加载模块images
[ 2011-07-02T11:48:35+08:00 ] ERR: (ThinkException) 无法加载模块images
[ 2011-07-02T11:48:36+08:00 ] ERR: (ThinkException) 无法加载模块images
[ 2011-07-02T11:48:36+08:00 ] ERR: (ThinkException) 无法加载模块images
[ 2011-07-02T11:48:38+08:00 ] ERR: (ThinkException) 无法加载模块
[ 2011-07-02T11:48:39+08:00 ] ERR: (ThinkException) 无法加载模块
[ 2011-07-02T11:48:39+08:00 ] ERR: (ThinkException) 无法加载模块
[ 2011-07-02T11:49:40+08:00 ] ERR: (ThinkException) 无法加载模块images
[ 2011-07-02T11:49:41+08:00 ] ERR: (ThinkException) 无法加载模块images
[ 2011-07-02T11:49:42+08:00 ] ERR: (ThinkException) 无法加载模块images
[ 2011-07-02T11:49:42+08:00 ] ERR: (ThinkException) 无法加载模块images
[ 2011-07-02T11:49:43+08:00 ] ERR: (ThinkException) 无法加载模块images
[ 2011-07-02T11:49:43+08:00 ] ERR: (ThinkException) 无法加载模块images
[ 2011-07-02T11:50:01+08:00 ] ERR: (ThinkException) 无法加载模块images
[ 2011-07-02T11:50:02+08:00 ] ERR: (ThinkException) 无法加载模块images
[ 2011-07-02T11:50:05+08:00 ] ERR: (ThinkException) 无法加载模块images
[ 2011-07-02T11:50:05+08:00 ] ERR: (ThinkException) 无法加载模块images
[ 2011-07-02T11:50:27+08:00 ] ERR: (ThinkException) 无法加载模块images
[ 2011-07-02T11:50:27+08:00 ] ERR: (ThinkException) 无法加载模块images
[ 2011-07-02T11:50:29+08:00 ] ERR: (ThinkException) 无法加载模块
[ 2011-07-02T11:50:30+08:00 ] ERR: (ThinkException) 无法加载模块
[ 2011-07-02T11:50:30+08:00 ] ERR: (ThinkException) 无法加载模块
[ 2011-07-02T11:51:03+08:00 ] ERR: (ThinkException) 无法加载模块images
[ 2011-07-02T11:51:04+08:00 ] ERR: (ThinkException) 无法加载模块images
[ 2011-07-02T11:51:04+08:00 ] ERR: (ThinkException) 无法加载模块images
[ 2011-07-02T11:51:04+08:00 ] ERR: (ThinkException) 无法加载模块images
[ 2011-07-02T11:51:04+08:00 ] ERR: (ThinkException) 无法加载模块images
[ 2011-07-02T11:51:04+08:00 ] ERR: (ThinkException) 无法加载模块images
[ 2011-07-02T11:56:36+08:00 ] ERR: (ThinkException) 无法加载模块images
[ 2011-07-02T11:56:36+08:00 ] ERR: (ThinkException) 无法加载模块images
[ 2011-07-02T11:56:37+08:00 ] ERR: (ThinkException) 无法加载模块images
[ 2011-07-02T11:56:37+08:00 ] ERR: (ThinkException) 无法加载模块images
[ 2011-07-02T11:56:37+08:00 ] ERR: (ThinkException) 无法加载模块images
[ 2011-07-02T11:56:37+08:00 ] ERR: (ThinkException) 无法加载模块images
[ 2011-07-02T11:56:37+08:00 ] ERR: (ThinkException) 无法加载模块images
[ 2011-07-02T11:56:37+08:00 ] ERR: (ThinkException) 无法加载模块images
[ 2011-07-02T11:56:43+08:00 ] ERR: (ThinkException) 无法加载模块images
[ 2011-07-02T11:56:43+08:00 ] ERR: (ThinkException) 无法加载模块images
[ 2011-07-02T11:56:44+08:00 ] ERR: (ThinkException) 无法加载模块images
[ 2011-07-02T11:56:45+08:00 ] ERR: (ThinkException) 无法加载模块images
[ 2011-07-02T11:56:45+08:00 ] ERR: (ThinkException) 无法加载模块
[ 2011-07-02T11:56:46+08:00 ] ERR: (ThinkException) 无法加载模块images
[ 2011-07-02T11:56:46+08:00 ] ERR: (ThinkException) 无法加载模块images
[ 2011-07-02T11:56:47+08:00 ] ERR: (ThinkException) 无法加载模块images
[ 2011-07-02T11:56:47+08:00 ] ERR: (ThinkException) 无法加载模块images
[ 2011-07-02T11:57:51+08:00 ] ERR: (ThinkException) 无法加载模块images
[ 2011-07-02T11:57:51+08:00 ] ERR: (ThinkException) 无法加载模块images
[ 2011-07-02T11:57:53+08:00 ] ERR: (ThinkException) 无法加载模块images
[ 2011-07-02T11:57:54+08:00 ] ERR: (ThinkException) 无法加载模块images
[ 2011-07-02T11:58:34+08:00 ] ERR: (ThinkException) 无法加载模块images
[ 2011-07-02T11:58:34+08:00 ] ERR: (ThinkException) 无法加载模块images
[ 2011-07-02T11:58:34+08:00 ] ERR: (ThinkException) 无法加载模块images
[ 2011-07-02T11:58:34+08:00 ] ERR: (ThinkException) 无法加载模块images
[ 2011-07-02T11:58:35+08:00 ] ERR: (ThinkException) 无法加载模块images
[ 2011-07-02T11:58:35+08:00 ] ERR: (ThinkException) 无法加载模块images
[ 2011-07-02T11:58:35+08:00 ] ERR: (ThinkException) 无法加载模块images
[ 2011-07-02T11:58:35+08:00 ] ERR: (ThinkException) 无法加载模块images
[ 2011-07-02T11:58:35+08:00 ] ERR: (ThinkException) 无法加载模块images
[ 2011-07-02T11:58:35+08:00 ] ERR: (ThinkException) 无法加载模块images
[ 2011-07-02T11:58:35+08:00 ] ERR: (ThinkException) 无法加载模块images
[ 2011-07-02T11:58:35+08:00 ] ERR: (ThinkException) 无法加载模块images
[ 2011-07-02T11:58:38+08:00 ] ERR: (ThinkException) 无法加载模块images
[ 2011-07-02T11:58:38+08:00 ] ERR: (ThinkException) 无法加载模块images
[ 2011-07-02T12:00:17+08:00 ] ERR: (ThinkException) 无法加载模块images
[ 2011-07-02T12:00:17+08:00 ] ERR: (ThinkException) 无法加载模块images
[ 2011-07-02T12:00:18+08:00 ] ERR: (ThinkException) 无法加载模块images
[ 2011-07-02T12:00:19+08:00 ] ERR: (ThinkException) 无法加载模块images
[ 2011-07-02T12:00:21+08:00 ] ERR: (ThinkException) 无法加载模块images
[ 2011-07-02T12:00:21+08:00 ] ERR: (ThinkException) 无法加载模块images
[ 2011-07-02T12:00:23+08:00 ] ERR: (ThinkException) 无法加载模块images
[ 2011-07-02T12:00:23+08:00 ] ERR: (ThinkException) 无法加载模块images
[ 2011-07-02T12:00:39+08:00 ] ERR: (ThinkException) 无法加载模块images
[ 2011-07-02T12:00:39+08:00 ] ERR: (ThinkException) 无法加载模块images
[ 2011-07-02T12:00:40+08:00 ] ERR: (ThinkException) 无法加载模块images
[ 2011-07-02T12:00:40+08:00 ] ERR: (ThinkException) 无法加载模块images
[ 2011-07-02T12:00:59+08:00 ] ERR: (ThinkException) 无法加载模块images
[ 2011-07-02T12:00:59+08:00 ] ERR: (ThinkException) 无法加载模块images
[ 2011-07-02T12:01:02+08:00 ] ERR: (ThinkException) 无法加载模块images
[ 2011-07-02T12:01:03+08:00 ] ERR: (ThinkException) 无法加载模块images
[ 2011-07-02T12:01:08+08:00 ] ERR: (ThinkException) 无法加载模块images
[ 2011-07-02T12:01:09+08:00 ] ERR: (ThinkException) 无法加载模块images
[ 2011-07-02T12:01:18+08:00 ] ERR: (ThinkException) 无法加载模块images
[ 2011-07-02T12:01:18+08:00 ] ERR: (ThinkException) 无法加载模块images
[ 2011-07-02T12:01:19+08:00 ] ERR: (ThinkException) 无法加载模块images
[ 2011-07-02T12:01:19+08:00 ] ERR: (ThinkException) 无法加载模块images
[ 2011-07-02T12:01:44+08:00 ] ERR: (ThinkException) 无法加载模块images
[ 2011-07-02T12:01:44+08:00 ] ERR: (ThinkException) 无法加载模块images
[ 2011-07-02T12:01:44+08:00 ] ERR: (ThinkException) 无法加载模块images
[ 2011-07-02T12:01:44+08:00 ] ERR: (ThinkException) 无法加载模块images
[ 2011-07-02T12:01:45+08:00 ] ERR: (ThinkException) 无法加载模块images
[ 2011-07-02T12:01:45+08:00 ] ERR: (ThinkException) 无法加载模块images
[ 2011-07-02T12:01:45+08:00 ] ERR: (ThinkException) 无法加载模块images
[ 2011-07-02T12:01:45+08:00 ] ERR: (ThinkException) 无法加载模块images
[ 2011-07-02T12:01:45+08:00 ] ERR: (ThinkException) 无法加载模块images
[ 2011-07-02T12:01:45+08:00 ] ERR: (ThinkException) 无法加载模块images
[ 2011-07-02T12:01:45+08:00 ] ERR: (ThinkException) 无法加载模块images
[ 2011-07-02T12:01:45+08:00 ] ERR: (ThinkException) 无法加载模块images
[ 2011-07-02T12:01:49+08:00 ] ERR: (ThinkException) 无法加载模块images
[ 2011-07-02T12:01:49+08:00 ] ERR: (ThinkException) 无法加载模块images
[ 2011-07-02T12:02:31+08:00 ] ERR: (ThinkException) 无法加载模块images
[ 2011-07-02T12:02:31+08:00 ] ERR: (ThinkException) 无法加载模块images
[ 2011-07-02T12:02:32+08:00 ] ERR: (ThinkException) 无法加载模块images
[ 2011-07-02T12:02:32+08:00 ] ERR: (ThinkException) 无法加载模块images
[ 2011-07-02T12:02:33+08:00 ] ERR: (ThinkException) 无法加载模块images
[ 2011-07-02T12:02:33+08:00 ] ERR: (ThinkException) 无法加载模块images
[ 2011-07-02T12:02:33+08:00 ] ERR: (ThinkException) 无法加载模块images
[ 2011-07-02T12:02:33+08:00 ] ERR: (ThinkException) 无法加载模块images
[ 2011-07-02T12:02:48+08:00 ] ERR: (ThinkException) 无法加载模块images
[ 2011-07-02T12:02:48+08:00 ] ERR: (ThinkException) 无法加载模块images
[ 2011-07-02T12:03:00+08:00 ] ERR: (ThinkException) 无法加载模块images
[ 2011-07-02T12:03:00+08:00 ] ERR: (ThinkException) 无法加载模块images
